{"C:\\Personal Projects\\yan_bank\\backend\\src\\app.js": {"path":"C:\\Personal Projects\\yan_bank\\backend\\src\\app.js","statementMap":{"0":{"start":{"line":2,"column":16},"end":{"line":2,"column":34}},"1":{"start":{"line":3,"column":13},"end":{"line":3,"column":28}},"2":{"start":{"line":4,"column":0},"end":{"line":4,"column":27}},"3":{"start":{"line":5,"column":13},"end":{"line":5,"column":31}},"4":{"start":{"line":6,"column":32},"end":{"line":6,"column":78}},"5":{"start":{"line":9,"column":12},"end":{"line":9,"column":21}},"6":{"start":{"line":12,"column":26},"end":{"line":12,"column":61}},"7":{"start":{"line":14,"column":33},"end":{"line":14,"column":65}},"8":{"start":{"line":17,"column":19},"end":{"line":17,"column":49}},"9":{"start":{"line":18,"column":22},"end":{"line":18,"column":55}},"10":{"start":{"line":19,"column":26},"end":{"line":19,"column":63}},"11":{"start":{"line":20,"column":24},"end":{"line":20,"column":59}},"12":{"start":{"line":21,"column":20},"end":{"line":21,"column":51}},"13":{"start":{"line":22,"column":22},"end":{"line":22,"column":55}},"14":{"start":{"line":24,"column":0},"end":{"line":33,"column":2}},"15":{"start":{"line":34,"column":0},"end":{"line":34,"column":37}},"16":{"start":{"line":35,"column":0},"end":{"line":39,"column":2}},"17":{"start":{"line":42,"column":0},"end":{"line":42,"column":24}},"18":{"start":{"line":44,"column":0},"end":{"line":44,"column":40}},"19":{"start":{"line":45,"column":0},"end":{"line":45,"column":31}},"20":{"start":{"line":48,"column":0},"end":{"line":48,"column":40}},"21":{"start":{"line":49,"column":0},"end":{"line":49,"column":48}},"22":{"start":{"line":50,"column":0},"end":{"line":50,"column":43}},"23":{"start":{"line":51,"column":0},"end":{"line":51,"column":45}},"24":{"start":{"line":52,"column":0},"end":{"line":52,"column":39}},"25":{"start":{"line":54,"column":0},"end":{"line":54,"column":21}}},"fnMap":{},"branchMap":{},"s":{"0":1,"1":1,"2":1,"3":1,"4":1,"5":1,"6":1,"7":1,"8":1,"9":1,"10":1,"11":1,"12":1,"13":1,"14":1,"15":1,"16":1,"17":1,"18":1,"19":1,"20":1,"21":1,"22":1,"23":1,"24":1,"25":1},"f":{},"b":{},"_coverageSchema":"1a1c01bbd47fc00a2c39e90264f33305004495a9","hash":"c9f2c1727131a0bc84972609f7d333a2760f0922"}
,"C:\\Personal Projects\\yan_bank\\backend\\src\\controllers\\accountController.js": {"path":"C:\\Personal Projects\\yan_bank\\backend\\src\\controllers\\accountController.js","statementMap":{"0":{"start":{"line":1,"column":13},"end":{"line":1,"column":32}},"1":{"start":{"line":4,"column":22},"end":{"line":45,"column":1}},"2":{"start":{"line":5,"column":2},"end":{"line":44,"column":3}},"3":{"start":{"line":6,"column":29},"end":{"line":6,"column":37}},"4":{"start":{"line":7,"column":4},"end":{"line":9,"column":5}},"5":{"start":{"line":8,"column":6},"end":{"line":8,"column":75}},"6":{"start":{"line":10,"column":21},"end":{"line":10,"column":36}},"7":{"start":{"line":12,"column":23},"end":{"line":15,"column":5}},"8":{"start":{"line":16,"column":4},"end":{"line":18,"column":5}},"9":{"start":{"line":17,"column":6},"end":{"line":17,"column":77}},"10":{"start":{"line":19,"column":20},"end":{"line":19,"column":46}},"11":{"start":{"line":21,"column":28},"end":{"line":24,"column":5}},"12":{"start":{"line":25,"column":4},"end":{"line":29,"column":5}},"13":{"start":{"line":26,"column":6},"end":{"line":28,"column":9}},"14":{"start":{"line":30,"column":26},"end":{"line":30,"column":59}},"15":{"start":{"line":32,"column":23},"end":{"line":37,"column":5}},"16":{"start":{"line":38,"column":4},"end":{"line":41,"column":7}},"17":{"start":{"line":43,"column":4},"end":{"line":43,"column":60}},"18":{"start":{"line":47,"column":30},"end":{"line":65,"column":1}},"19":{"start":{"line":48,"column":19},"end":{"line":48,"column":21}},"20":{"start":{"line":49,"column":17},"end":{"line":49,"column":22}},"21":{"start":{"line":51,"column":2},"end":{"line":62,"column":3}},"22":{"start":{"line":52,"column":4},"end":{"line":61,"column":5}},"23":{"start":{"line":52,"column":17},"end":{"line":52,"column":18}},"24":{"start":{"line":53,"column":6},"end":{"line":53,"column":51}},"25":{"start":{"line":54,"column":33},"end":{"line":57,"column":7}},"26":{"start":{"line":58,"column":6},"end":{"line":60,"column":7}},"27":{"start":{"line":59,"column":8},"end":{"line":59,"column":24}},"28":{"start":{"line":64,"column":2},"end":{"line":64,"column":20}},"29":{"start":{"line":68,"column":24},"end":{"line":101,"column":1}},"30":{"start":{"line":69,"column":2},"end":{"line":100,"column":3}},"31":{"start":{"line":70,"column":31},"end":{"line":70,"column":41}},"32":{"start":{"line":71,"column":22},"end":{"line":77,"column":5}},"33":{"start":{"line":78,"column":4},"end":{"line":80,"column":5}},"34":{"start":{"line":79,"column":6},"end":{"line":79,"column":68}},"35":{"start":{"line":82,"column":24},"end":{"line":82,"column":50}},"36":{"start":{"line":83,"column":25},"end":{"line":83,"column":27}},"37":{"start":{"line":84,"column":4},"end":{"line":89,"column":5}},"38":{"start":{"line":85,"column":24},"end":{"line":85,"column":38}},"39":{"start":{"line":86,"column":23},"end":{"line":86,"column":58}},"40":{"start":{"line":87,"column":20},"end":{"line":87,"column":54}},"41":{"start":{"line":88,"column":6},"end":{"line":88,"column":57}},"42":{"start":{"line":90,"column":4},"end":{"line":94,"column":7}},"43":{"start":{"line":96,"column":4},"end":{"line":96,"column":50}},"44":{"start":{"line":97,"column":4},"end":{"line":99,"column":63}},"45":{"start":{"line":104,"column":26},"end":{"line":155,"column":1}},"46":{"start":{"line":105,"column":2},"end":{"line":154,"column":3}},"47":{"start":{"line":106,"column":27},"end":{"line":106,"column":37}},"48":{"start":{"line":107,"column":26},"end":{"line":107,"column":41}},"49":{"start":{"line":108,"column":23},"end":{"line":111,"column":5}},"50":{"start":{"line":112,"column":4},"end":{"line":114,"column":5}},"51":{"start":{"line":113,"column":6},"end":{"line":113,"column":65}},"52":{"start":{"line":115,"column":20},"end":{"line":115,"column":46}},"53":{"start":{"line":116,"column":18},"end":{"line":139,"column":6}},"54":{"start":{"line":140,"column":21},"end":{"line":140,"column":58}},"55":{"start":{"line":141,"column":4},"end":{"line":143,"column":5}},"56":{"start":{"line":142,"column":6},"end":{"line":142,"column":68}},"57":{"start":{"line":145,"column":4},"end":{"line":148,"column":7}},"58":{"start":{"line":150,"column":4},"end":{"line":150,"column":66}},"59":{"start":{"line":151,"column":4},"end":{"line":153,"column":68}},"60":{"start":{"line":158,"column":30},"end":{"line":228,"column":1}},"61":{"start":{"line":159,"column":2},"end":{"line":227,"column":3}},"62":{"start":{"line":171,"column":20},"end":{"line":171,"column":40}},"63":{"start":{"line":173,"column":27},"end":{"line":173,"column":37}},"64":{"start":{"line":174,"column":48},"end":{"line":174,"column":57}},"65":{"start":{"line":176,"column":18},"end":{"line":176,"column":20}},"66":{"start":{"line":177,"column":19},"end":{"line":177,"column":42}},"67":{"start":{"line":178,"column":19},"end":{"line":191,"column":47}},"68":{"start":{"line":192,"column":22},"end":{"line":192,"column":24}},"69":{"start":{"line":193,"column":21},"end":{"line":193,"column":22}},"70":{"start":{"line":194,"column":4},"end":{"line":209,"column":5}},"71":{"start":{"line":195,"column":6},"end":{"line":195,"column":111}},"72":{"start":{"line":196,"column":6},"end":{"line":196,"column":39}},"73":{"start":{"line":198,"column":23},"end":{"line":201,"column":7}},"74":{"start":{"line":202,"column":6},"end":{"line":206,"column":7}},"75":{"start":{"line":203,"column":8},"end":{"line":205,"column":67}},"76":{"start":{"line":207,"column":6},"end":{"line":207,"column":114}},"77":{"start":{"line":208,"column":6},"end":{"line":208,"column":42}},"78":{"start":{"line":210,"column":4},"end":{"line":214,"column":5}},"79":{"start":{"line":211,"column":6},"end":{"line":211,"column":39}},"80":{"start":{"line":212,"column":11},"end":{"line":214,"column":5}},"81":{"start":{"line":213,"column":6},"end":{"line":213,"column":36}},"82":{"start":{"line":215,"column":4},"end":{"line":215,"column":93}},"83":{"start":{"line":216,"column":4},"end":{"line":216,"column":36}},"84":{"start":{"line":218,"column":19},"end":{"line":218,"column":58}},"85":{"start":{"line":219,"column":4},"end":{"line":223,"column":7}},"86":{"start":{"line":225,"column":4},"end":{"line":225,"column":50}},"87":{"start":{"line":226,"column":4},"end":{"line":226,"column":78}},"88":{"start":{"line":230,"column":29},"end":{"line":286,"column":1}},"89":{"start":{"line":231,"column":25},"end":{"line":231,"column":35}},"90":{"start":{"line":232,"column":24},"end":{"line":232,"column":39}},"91":{"start":{"line":233,"column":21},"end":{"line":236,"column":3}},"92":{"start":{"line":237,"column":2},"end":{"line":239,"column":3}},"93":{"start":{"line":238,"column":4},"end":{"line":238,"column":63}},"94":{"start":{"line":240,"column":18},"end":{"line":240,"column":44}},"95":{"start":{"line":244,"column":63},"end":{"line":244,"column":71}},"96":{"start":{"line":245,"column":17},"end":{"line":245,"column":47}},"97":{"start":{"line":246,"column":16},"end":{"line":246,"column":34}},"98":{"start":{"line":247,"column":18},"end":{"line":247,"column":38}},"99":{"start":{"line":248,"column":2},"end":{"line":252,"column":3}},"100":{"start":{"line":249,"column":4},"end":{"line":251,"column":63}},"101":{"start":{"line":253,"column":2},"end":{"line":257,"column":3}},"102":{"start":{"line":254,"column":4},"end":{"line":256,"column":77}},"103":{"start":{"line":258,"column":2},"end":{"line":262,"column":3}},"104":{"start":{"line":259,"column":4},"end":{"line":261,"column":72}},"105":{"start":{"line":263,"column":2},"end":{"line":285,"column":3}},"106":{"start":{"line":264,"column":25},"end":{"line":273,"column":3}},"107":{"start":{"line":274,"column":2},"end":{"line":276,"column":3}},"108":{"start":{"line":275,"column":4},"end":{"line":275,"column":75}},"109":{"start":{"line":277,"column":2},"end":{"line":280,"column":4}},"110":{"start":{"line":282,"column":4},"end":{"line":284,"column":66}},"111":{"start":{"line":288,"column":0},"end":{"line":294,"column":2}}},"fnMap":{"0":{"name":"(anonymous_0)","decl":{"start":{"line":4,"column":22},"end":{"line":4,"column":23}},"loc":{"start":{"line":4,"column":42},"end":{"line":45,"column":1}},"line":4},"1":{"name":"(anonymous_1)","decl":{"start":{"line":47,"column":30},"end":{"line":47,"column":31}},"loc":{"start":{"line":47,"column":46},"end":{"line":65,"column":1}},"line":47},"2":{"name":"(anonymous_2)","decl":{"start":{"line":68,"column":24},"end":{"line":68,"column":25}},"loc":{"start":{"line":68,"column":44},"end":{"line":101,"column":1}},"line":68},"3":{"name":"(anonymous_3)","decl":{"start":{"line":104,"column":26},"end":{"line":104,"column":27}},"loc":{"start":{"line":104,"column":46},"end":{"line":155,"column":1}},"line":104},"4":{"name":"(anonymous_4)","decl":{"start":{"line":158,"column":30},"end":{"line":158,"column":31}},"loc":{"start":{"line":158,"column":50},"end":{"line":228,"column":1}},"line":158},"5":{"name":"(anonymous_5)","decl":{"start":{"line":230,"column":29},"end":{"line":230,"column":30}},"loc":{"start":{"line":230,"column":49},"end":{"line":286,"column":1}},"line":230}},"branchMap":{"0":{"loc":{"start":{"line":7,"column":4},"end":{"line":9,"column":5}},"type":"if","locations":[{"start":{"line":7,"column":4},"end":{"line":9,"column":5}},{"start":{},"end":{}}],"line":7},"1":{"loc":{"start":{"line":16,"column":4},"end":{"line":18,"column":5}},"type":"if","locations":[{"start":{"line":16,"column":4},"end":{"line":18,"column":5}},{"start":{},"end":{}}],"line":16},"2":{"loc":{"start":{"line":25,"column":4},"end":{"line":29,"column":5}},"type":"if","locations":[{"start":{"line":25,"column":4},"end":{"line":29,"column":5}},{"start":{},"end":{}}],"line":25},"3":{"loc":{"start":{"line":58,"column":6},"end":{"line":60,"column":7}},"type":"if","locations":[{"start":{"line":58,"column":6},"end":{"line":60,"column":7}},{"start":{},"end":{}}],"line":58},"4":{"loc":{"start":{"line":78,"column":4},"end":{"line":80,"column":5}},"type":"if","locations":[{"start":{"line":78,"column":4},"end":{"line":80,"column":5}},{"start":{},"end":{}}],"line":78},"5":{"loc":{"start":{"line":84,"column":4},"end":{"line":89,"column":5}},"type":"if","locations":[{"start":{"line":84,"column":4},"end":{"line":89,"column":5}},{"start":{},"end":{}}],"line":84},"6":{"loc":{"start":{"line":112,"column":4},"end":{"line":114,"column":5}},"type":"if","locations":[{"start":{"line":112,"column":4},"end":{"line":114,"column":5}},{"start":{},"end":{}}],"line":112},"7":{"loc":{"start":{"line":141,"column":4},"end":{"line":143,"column":5}},"type":"if","locations":[{"start":{"line":141,"column":4},"end":{"line":143,"column":5}},{"start":{},"end":{}}],"line":141},"8":{"loc":{"start":{"line":174,"column":19},"end":{"line":174,"column":27}},"type":"default-arg","locations":[{"start":{"line":174,"column":26},"end":{"line":174,"column":27}}],"line":174},"9":{"loc":{"start":{"line":174,"column":29},"end":{"line":174,"column":43}},"type":"default-arg","locations":[{"start":{"line":174,"column":38},"end":{"line":174,"column":43}}],"line":174},"10":{"loc":{"start":{"line":194,"column":4},"end":{"line":209,"column":5}},"type":"if","locations":[{"start":{"line":194,"column":4},"end":{"line":209,"column":5}},{"start":{"line":197,"column":11},"end":{"line":209,"column":5}}],"line":194},"11":{"loc":{"start":{"line":202,"column":6},"end":{"line":206,"column":7}},"type":"if","locations":[{"start":{"line":202,"column":6},"end":{"line":206,"column":7}},{"start":{},"end":{}}],"line":202},"12":{"loc":{"start":{"line":210,"column":4},"end":{"line":214,"column":5}},"type":"if","locations":[{"start":{"line":210,"column":4},"end":{"line":214,"column":5}},{"start":{"line":212,"column":11},"end":{"line":214,"column":5}}],"line":210},"13":{"loc":{"start":{"line":212,"column":11},"end":{"line":214,"column":5}},"type":"if","locations":[{"start":{"line":212,"column":11},"end":{"line":214,"column":5}},{"start":{},"end":{}}],"line":212},"14":{"loc":{"start":{"line":222,"column":16},"end":{"line":222,"column":70}},"type":"cond-expr","locations":[{"start":{"line":222,"column":47},"end":{"line":222,"column":63}},{"start":{"line":222,"column":66},"end":{"line":222,"column":70}}],"line":222},"15":{"loc":{"start":{"line":237,"column":2},"end":{"line":239,"column":3}},"type":"if","locations":[{"start":{"line":237,"column":2},"end":{"line":239,"column":3}},{"start":{},"end":{}}],"line":237},"16":{"loc":{"start":{"line":248,"column":2},"end":{"line":252,"column":3}},"type":"if","locations":[{"start":{"line":248,"column":2},"end":{"line":252,"column":3}},{"start":{},"end":{}}],"line":248},"17":{"loc":{"start":{"line":248,"column":6},"end":{"line":248,"column":47}},"type":"binary-expr","locations":[{"start":{"line":248,"column":6},"end":{"line":248,"column":17}},{"start":{"line":248,"column":21},"end":{"line":248,"column":31}},{"start":{"line":248,"column":35},"end":{"line":248,"column":47}}],"line":248},"18":{"loc":{"start":{"line":253,"column":2},"end":{"line":257,"column":3}},"type":"if","locations":[{"start":{"line":253,"column":2},"end":{"line":257,"column":3}},{"start":{},"end":{}}],"line":253},"19":{"loc":{"start":{"line":258,"column":2},"end":{"line":262,"column":3}},"type":"if","locations":[{"start":{"line":258,"column":2},"end":{"line":262,"column":3}},{"start":{},"end":{}}],"line":258},"20":{"loc":{"start":{"line":274,"column":2},"end":{"line":276,"column":3}},"type":"if","locations":[{"start":{"line":274,"column":2},"end":{"line":276,"column":3}},{"start":{},"end":{}}],"line":274}},"s":{"0":1,"1":1,"2":0,"3":0,"4":0,"5":0,"6":0,"7":0,"8":0,"9":0,"10":0,"11":0,"12":0,"13":0,"14":0,"15":0,"16":0,"17":0,"18":1,"19":0,"20":0,"21":0,"22":0,"23":0,"24":0,"25":0,"26":0,"27":0,"28":0,"29":1,"30":0,"31":0,"32":0,"33":0,"34":0,"35":0,"36":0,"37":0,"38":0,"39":0,"40":0,"41":0,"42":0,"43":0,"44":0,"45":1,"46":0,"47":0,"48":0,"49":0,"50":0,"51":0,"52":0,"53":0,"54":0,"55":0,"56":0,"57":0,"58":0,"59":0,"60":1,"61":0,"62":0,"63":0,"64":0,"65":0,"66":0,"67":0,"68":0,"69":0,"70":0,"71":0,"72":0,"73":0,"74":0,"75":0,"76":0,"77":0,"78":0,"79":0,"80":0,"81":0,"82":0,"83":0,"84":0,"85":0,"86":0,"87":0,"88":1,"89":0,"90":0,"91":0,"92":0,"93":0,"94":0,"95":0,"96":0,"97":0,"98":0,"99":0,"100":0,"101":0,"102":0,"103":0,"104":0,"105":0,"106":0,"107":0,"108":0,"109":0,"110":0,"111":1},"f":{"0":0,"1":0,"2":0,"3":0,"4":0,"5":0},"b":{"0":[0,0],"1":[0,0],"2":[0,0],"3":[0,0],"4":[0,0],"5":[0,0],"6":[0,0],"7":[0,0],"8":[0],"9":[0],"10":[0,0],"11":[0,0],"12":[0,0],"13":[0,0],"14":[0,0],"15":[0,0],"16":[0,0],"17":[0,0,0],"18":[0,0],"19":[0,0],"20":[0,0]},"_coverageSchema":"1a1c01bbd47fc00a2c39e90264f33305004495a9","hash":"99c1d12911315b1aa4f097a15e57c48e1e0103c5"}
,"C:\\Personal Projects\\yan_bank\\backend\\src\\controllers\\chartController.js": {"path":"C:\\Personal Projects\\yan_bank\\backend\\src\\controllers\\chartController.js","statementMap":{"0":{"start":{"line":1,"column":16},"end":{"line":1,"column":34}},"1":{"start":{"line":2,"column":15},"end":{"line":2,"column":31}},"2":{"start":{"line":3,"column":13},"end":{"line":3,"column":32}},"3":{"start":{"line":4,"column":21},"end":{"line":126,"column":1}},"4":{"start":{"line":5,"column":2},"end":{"line":125,"column":3}},"5":{"start":{"line":6,"column":26},"end":{"line":6,"column":41}},"6":{"start":{"line":7,"column":58},"end":{"line":7,"column":67}},"7":{"start":{"line":9,"column":23},"end":{"line":12,"column":5}},"8":{"start":{"line":13,"column":4},"end":{"line":15,"column":5}},"9":{"start":{"line":14,"column":6},"end":{"line":14,"column":65}},"10":{"start":{"line":16,"column":20},"end":{"line":16,"column":46}},"11":{"start":{"line":18,"column":4},"end":{"line":20,"column":5}},"12":{"start":{"line":19,"column":6},"end":{"line":19,"column":72}},"13":{"start":{"line":23,"column":25},"end":{"line":23,"column":26}},"14":{"start":{"line":24,"column":23},"end":{"line":24,"column":25}},"15":{"start":{"line":25,"column":24},"end":{"line":25,"column":26}},"16":{"start":{"line":27,"column":4},"end":{"line":44,"column":5}},"17":{"start":{"line":28,"column":28},"end":{"line":31,"column":7}},"18":{"start":{"line":32,"column":6},"end":{"line":32,"column":72}},"19":{"start":{"line":33,"column":6},"end":{"line":33,"column":80}},"20":{"start":{"line":34,"column":6},"end":{"line":34,"column":52}},"21":{"start":{"line":36,"column":28},"end":{"line":39,"column":7}},"22":{"start":{"line":41,"column":6},"end":{"line":41,"column":66}},"23":{"start":{"line":42,"column":6},"end":{"line":42,"column":28}},"24":{"start":{"line":43,"column":6},"end":{"line":43,"column":55}},"25":{"start":{"line":45,"column":30},"end":{"line":53,"column":5}},"26":{"start":{"line":54,"column":25},"end":{"line":54,"column":47}},"27":{"start":{"line":57,"column":22},"end":{"line":57,"column":36}},"28":{"start":{"line":58,"column":20},"end":{"line":58,"column":22}},"29":{"start":{"line":59,"column":4},"end":{"line":113,"column":5}},"30":{"start":{"line":60,"column":27},"end":{"line":60,"column":48}},"31":{"start":{"line":61,"column":26},"end":{"line":61,"column":50}},"32":{"start":{"line":63,"column":39},"end":{"line":63,"column":41}},"33":{"start":{"line":64,"column":6},"end":{"line":69,"column":9}},"34":{"start":{"line":65,"column":18},"end":{"line":65,"column":51}},"35":{"start":{"line":67,"column":8},"end":{"line":68,"column":64}},"36":{"start":{"line":71,"column":6},"end":{"line":82,"column":7}},"37":{"start":{"line":71,"column":19},"end":{"line":71,"column":21}},"38":{"start":{"line":72,"column":28},"end":{"line":72,"column":76}},"39":{"start":{"line":74,"column":8},"end":{"line":81,"column":9}},"40":{"start":{"line":75,"column":10},"end":{"line":75,"column":66}},"41":{"start":{"line":77,"column":10},"end":{"line":77,"column":73}},"42":{"start":{"line":78,"column":10},"end":{"line":80,"column":11}},"43":{"start":{"line":79,"column":12},"end":{"line":79,"column":55}},"44":{"start":{"line":84,"column":32},"end":{"line":84,"column":34}},"45":{"start":{"line":85,"column":6},"end":{"line":91,"column":9}},"46":{"start":{"line":86,"column":24},"end":{"line":86,"column":74}},"47":{"start":{"line":87,"column":8},"end":{"line":89,"column":9}},"48":{"start":{"line":88,"column":10},"end":{"line":88,"column":42}},"49":{"start":{"line":90,"column":8},"end":{"line":90,"column":58}},"50":{"start":{"line":92,"column":27},"end":{"line":92,"column":29}},"51":{"start":{"line":93,"column":24},"end":{"line":93,"column":43}},"52":{"start":{"line":94,"column":24},"end":{"line":94,"column":41}},"53":{"start":{"line":96,"column":6},"end":{"line":99,"column":7}},"54":{"start":{"line":97,"column":8},"end":{"line":97,"column":67}},"55":{"start":{"line":98,"column":8},"end":{"line":98,"column":55}},"56":{"start":{"line":101,"column":6},"end":{"line":112,"column":7}},"57":{"start":{"line":101,"column":19},"end":{"line":101,"column":42}},"58":{"start":{"line":102,"column":21},"end":{"line":102,"column":36}},"59":{"start":{"line":103,"column":8},"end":{"line":106,"column":11}},"60":{"start":{"line":107,"column":8},"end":{"line":111,"column":9}},"61":{"start":{"line":108,"column":10},"end":{"line":110,"column":13}},"62":{"start":{"line":109,"column":12},"end":{"line":109,"column":47}},"63":{"start":{"line":116,"column":4},"end":{"line":119,"column":7}},"64":{"start":{"line":121,"column":4},"end":{"line":121,"column":49}},"65":{"start":{"line":122,"column":4},"end":{"line":124,"column":61}},"66":{"start":{"line":127,"column":0},"end":{"line":127,"column":34}}},"fnMap":{"0":{"name":"(anonymous_0)","decl":{"start":{"line":4,"column":21},"end":{"line":4,"column":22}},"loc":{"start":{"line":4,"column":41},"end":{"line":126,"column":1}},"line":4},"1":{"name":"(anonymous_1)","decl":{"start":{"line":64,"column":27},"end":{"line":64,"column":28}},"loc":{"start":{"line":64,"column":34},"end":{"line":69,"column":7}},"line":64},"2":{"name":"(anonymous_2)","decl":{"start":{"line":85,"column":27},"end":{"line":85,"column":28}},"loc":{"start":{"line":85,"column":34},"end":{"line":91,"column":7}},"line":85},"3":{"name":"(anonymous_3)","decl":{"start":{"line":108,"column":42},"end":{"line":108,"column":43}},"loc":{"start":{"line":108,"column":54},"end":{"line":110,"column":11}},"line":108}},"branchMap":{"0":{"loc":{"start":{"line":13,"column":4},"end":{"line":15,"column":5}},"type":"if","locations":[{"start":{"line":13,"column":4},"end":{"line":15,"column":5}},{"start":{},"end":{}}],"line":13},"1":{"loc":{"start":{"line":18,"column":4},"end":{"line":20,"column":5}},"type":"if","locations":[{"start":{"line":18,"column":4},"end":{"line":20,"column":5}},{"start":{},"end":{}}],"line":18},"2":{"loc":{"start":{"line":18,"column":8},"end":{"line":18,"column":30}},"type":"binary-expr","locations":[{"start":{"line":18,"column":8},"end":{"line":18,"column":18}},{"start":{"line":18,"column":22},"end":{"line":18,"column":30}}],"line":18},"3":{"loc":{"start":{"line":27,"column":4},"end":{"line":44,"column":5}},"type":"if","locations":[{"start":{"line":27,"column":4},"end":{"line":44,"column":5}},{"start":{"line":35,"column":11},"end":{"line":44,"column":5}}],"line":27},"4":{"loc":{"start":{"line":32,"column":23},"end":{"line":32,"column":71}},"type":"binary-expr","locations":[{"start":{"line":32,"column":23},"end":{"line":32,"column":66}},{"start":{"line":32,"column":70},"end":{"line":32,"column":71}}],"line":32},"5":{"loc":{"start":{"line":41,"column":23},"end":{"line":41,"column":65}},"type":"binary-expr","locations":[{"start":{"line":41,"column":23},"end":{"line":41,"column":60}},{"start":{"line":41,"column":64},"end":{"line":41,"column":65}}],"line":41},"6":{"loc":{"start":{"line":59,"column":4},"end":{"line":113,"column":5}},"type":"if","locations":[{"start":{"line":59,"column":4},"end":{"line":113,"column":5}},{"start":{"line":83,"column":11},"end":{"line":113,"column":5}}],"line":59},"7":{"loc":{"start":{"line":68,"column":11},"end":{"line":68,"column":43}},"type":"binary-expr","locations":[{"start":{"line":68,"column":11},"end":{"line":68,"column":38}},{"start":{"line":68,"column":42},"end":{"line":68,"column":43}}],"line":68},"8":{"loc":{"start":{"line":74,"column":8},"end":{"line":81,"column":9}},"type":"if","locations":[{"start":{"line":74,"column":8},"end":{"line":81,"column":9}},{"start":{"line":76,"column":15},"end":{"line":81,"column":9}}],"line":74},"9":{"loc":{"start":{"line":78,"column":10},"end":{"line":80,"column":11}},"type":"if","locations":[{"start":{"line":78,"column":10},"end":{"line":80,"column":11}},{"start":{},"end":{}}],"line":78},"10":{"loc":{"start":{"line":87,"column":8},"end":{"line":89,"column":9}},"type":"if","locations":[{"start":{"line":87,"column":8},"end":{"line":89,"column":9}},{"start":{},"end":{}}],"line":87},"11":{"loc":{"start":{"line":107,"column":8},"end":{"line":111,"column":9}},"type":"if","locations":[{"start":{"line":107,"column":8},"end":{"line":111,"column":9}},{"start":{},"end":{}}],"line":107}},"s":{"0":1,"1":1,"2":1,"3":1,"4":0,"5":0,"6":0,"7":0,"8":0,"9":0,"10":0,"11":0,"12":0,"13":0,"14":0,"15":0,"16":0,"17":0,"18":0,"19":0,"20":0,"21":0,"22":0,"23":0,"24":0,"25":0,"26":0,"27":0,"28":0,"29":0,"30":0,"31":0,"32":0,"33":0,"34":0,"35":0,"36":0,"37":0,"38":0,"39":0,"40":0,"41":0,"42":0,"43":0,"44":0,"45":0,"46":0,"47":0,"48":0,"49":0,"50":0,"51":0,"52":0,"53":0,"54":0,"55":0,"56":0,"57":0,"58":0,"59":0,"60":0,"61":0,"62":0,"63":0,"64":0,"65":0,"66":1},"f":{"0":0,"1":0,"2":0,"3":0},"b":{"0":[0,0],"1":[0,0],"2":[0,0],"3":[0,0],"4":[0,0],"5":[0,0],"6":[0,0],"7":[0,0],"8":[0,0],"9":[0,0],"10":[0,0],"11":[0,0]},"_coverageSchema":"1a1c01bbd47fc00a2c39e90264f33305004495a9","hash":"f674d85f6ee65233f648a274ef0074120830ff45"}
,"C:\\Personal Projects\\yan_bank\\backend\\src\\controllers\\dashboardController.js": {"path":"C:\\Personal Projects\\yan_bank\\backend\\src\\controllers\\dashboardController.js","statementMap":{"0":{"start":{"line":1,"column":13},"end":{"line":1,"column":32}},"1":{"start":{"line":3,"column":25},"end":{"line":114,"column":1}},"2":{"start":{"line":4,"column":2},"end":{"line":113,"column":3}},"3":{"start":{"line":5,"column":26},"end":{"line":5,"column":41}},"4":{"start":{"line":7,"column":23},"end":{"line":10,"column":5}},"5":{"start":{"line":11,"column":4},"end":{"line":13,"column":5}},"6":{"start":{"line":12,"column":6},"end":{"line":12,"column":65}},"7":{"start":{"line":14,"column":20},"end":{"line":14,"column":46}},"8":{"start":{"line":15,"column":27},"end":{"line":18,"column":5}},"9":{"start":{"line":19,"column":21},"end":{"line":19,"column":40}},"10":{"start":{"line":21,"column":23},"end":{"line":21,"column":26}},"11":{"start":{"line":22,"column":4},"end":{"line":24,"column":5}},"12":{"start":{"line":23,"column":6},"end":{"line":23,"column":40}},"13":{"start":{"line":27,"column":30},"end":{"line":41,"column":5}},"14":{"start":{"line":42,"column":31},"end":{"line":42,"column":53}},"15":{"start":{"line":44,"column":25},"end":{"line":72,"column":5}},"16":{"start":{"line":73,"column":18},"end":{"line":78,"column":5}},"17":{"start":{"line":80,"column":27},"end":{"line":86,"column":5}},"18":{"start":{"line":81,"column":6},"end":{"line":81,"column":63}},"19":{"start":{"line":81,"column":34},"end":{"line":81,"column":63}},"20":{"start":{"line":82,"column":6},"end":{"line":85,"column":19}},"21":{"start":{"line":88,"column":24},"end":{"line":91,"column":5}},"22":{"start":{"line":92,"column":26},"end":{"line":95,"column":5}},"23":{"start":{"line":96,"column":4},"end":{"line":107,"column":7}},"24":{"start":{"line":109,"column":4},"end":{"line":109,"column":53}},"25":{"start":{"line":110,"column":4},"end":{"line":112,"column":65}},"26":{"start":{"line":116,"column":0},"end":{"line":116,"column":38}}},"fnMap":{"0":{"name":"(anonymous_0)","decl":{"start":{"line":3,"column":25},"end":{"line":3,"column":26}},"loc":{"start":{"line":3,"column":45},"end":{"line":114,"column":1}},"line":3},"1":{"name":"(anonymous_1)","decl":{"start":{"line":80,"column":27},"end":{"line":80,"column":28}},"loc":{"start":{"line":80,"column":50},"end":{"line":86,"column":5}},"line":80}},"branchMap":{"0":{"loc":{"start":{"line":11,"column":4},"end":{"line":13,"column":5}},"type":"if","locations":[{"start":{"line":11,"column":4},"end":{"line":13,"column":5}},{"start":{},"end":{}}],"line":11},"1":{"loc":{"start":{"line":73,"column":18},"end":{"line":78,"column":5}},"type":"binary-expr","locations":[{"start":{"line":73,"column":18},"end":{"line":73,"column":38}},{"start":{"line":73,"column":42},"end":{"line":78,"column":5}}],"line":73},"2":{"loc":{"start":{"line":81,"column":6},"end":{"line":81,"column":63}},"type":"if","locations":[{"start":{"line":81,"column":6},"end":{"line":81,"column":63}},{"start":{},"end":{}}],"line":81},"3":{"loc":{"start":{"line":81,"column":41},"end":{"line":81,"column":62}},"type":"cond-expr","locations":[{"start":{"line":81,"column":55},"end":{"line":81,"column":58}},{"start":{"line":81,"column":61},"end":{"line":81,"column":62}}],"line":81}},"s":{"0":1,"1":1,"2":0,"3":0,"4":0,"5":0,"6":0,"7":0,"8":0,"9":0,"10":0,"11":0,"12":0,"13":0,"14":0,"15":0,"16":0,"17":0,"18":0,"19":0,"20":0,"21":0,"22":0,"23":0,"24":0,"25":0,"26":1},"f":{"0":0,"1":0},"b":{"0":[0,0],"1":[0,0],"2":[0,0],"3":[0,0]},"_coverageSchema":"1a1c01bbd47fc00a2c39e90264f33305004495a9","hash":"d511bf4294b335386c06f67e1534b59e2ecf68b5"}
,"C:\\Personal Projects\\yan_bank\\backend\\src\\controllers\\profileController.js": {"path":"C:\\Personal Projects\\yan_bank\\backend\\src\\controllers\\profileController.js","statementMap":{"0":{"start":{"line":1,"column":21},"end":{"line":1,"column":37}},"1":{"start":{"line":2,"column":13},"end":{"line":2,"column":32}},"2":{"start":{"line":3,"column":22},"end":{"line":95,"column":1}},"3":{"start":{"line":4,"column":2},"end":{"line":94,"column":3}},"4":{"start":{"line":5,"column":26},"end":{"line":5,"column":41}},"5":{"start":{"line":6,"column":23},"end":{"line":9,"column":5}},"6":{"start":{"line":10,"column":4},"end":{"line":12,"column":5}},"7":{"start":{"line":11,"column":6},"end":{"line":11,"column":65}},"8":{"start":{"line":13,"column":20},"end":{"line":13,"column":46}},"9":{"start":{"line":28,"column":8},"end":{"line":28,"column":16}},"10":{"start":{"line":29,"column":4},"end":{"line":43,"column":5}},"11":{"start":{"line":42,"column":6},"end":{"line":42,"column":75}},"12":{"start":{"line":44,"column":4},"end":{"line":48,"column":5}},"13":{"start":{"line":45,"column":6},"end":{"line":47,"column":63}},"14":{"start":{"line":50,"column":22},"end":{"line":50,"column":35}},"15":{"start":{"line":51,"column":18},"end":{"line":51,"column":28}},"16":{"start":{"line":52,"column":14},"end":{"line":52,"column":59}},"17":{"start":{"line":53,"column":14},"end":{"line":53,"column":53}},"18":{"start":{"line":54,"column":4},"end":{"line":56,"column":5}},"19":{"start":{"line":55,"column":6},"end":{"line":55,"column":12}},"20":{"start":{"line":57,"column":4},"end":{"line":61,"column":5}},"21":{"start":{"line":58,"column":6},"end":{"line":60,"column":9}},"22":{"start":{"line":63,"column":38},"end":{"line":83,"column":5}},"23":{"start":{"line":85,"column":4},"end":{"line":88,"column":7}},"24":{"start":{"line":90,"column":4},"end":{"line":90,"column":61}},"25":{"start":{"line":91,"column":4},"end":{"line":93,"column":74}},"26":{"start":{"line":96,"column":27},"end":{"line":117,"column":1}},"27":{"start":{"line":97,"column":2},"end":{"line":116,"column":3}},"28":{"start":{"line":98,"column":26},"end":{"line":98,"column":41}},"29":{"start":{"line":99,"column":21},"end":{"line":105,"column":5}},"30":{"start":{"line":106,"column":4},"end":{"line":108,"column":5}},"31":{"start":{"line":107,"column":6},"end":{"line":107,"column":75}},"32":{"start":{"line":109,"column":23},"end":{"line":109,"column":50}},"33":{"start":{"line":110,"column":4},"end":{"line":112,"column":7}},"34":{"start":{"line":114,"column":4},"end":{"line":114,"column":68}},"35":{"start":{"line":115,"column":4},"end":{"line":115,"column":77}},"36":{"start":{"line":118,"column":23},"end":{"line":136,"column":1}},"37":{"start":{"line":119,"column":2},"end":{"line":135,"column":3}},"38":{"start":{"line":120,"column":26},"end":{"line":120,"column":41}},"39":{"start":{"line":121,"column":21},"end":{"line":127,"column":5}},"40":{"start":{"line":128,"column":4},"end":{"line":130,"column":5}},"41":{"start":{"line":129,"column":6},"end":{"line":129,"column":75}},"42":{"start":{"line":131,"column":4},"end":{"line":131,"column":41}},"43":{"start":{"line":133,"column":4},"end":{"line":133,"column":68}},"44":{"start":{"line":134,"column":4},"end":{"line":134,"column":77}},"45":{"start":{"line":137,"column":24},"end":{"line":170,"column":1}},"46":{"start":{"line":138,"column":24},"end":{"line":138,"column":39}},"47":{"start":{"line":139,"column":50},"end":{"line":139,"column":58}},"48":{"start":{"line":140,"column":2},"end":{"line":142,"column":3}},"49":{"start":{"line":141,"column":4},"end":{"line":141,"column":60}},"50":{"start":{"line":143,"column":2},"end":{"line":169,"column":3}},"51":{"start":{"line":144,"column":21},"end":{"line":154,"column":5}},"52":{"start":{"line":155,"column":4},"end":{"line":159,"column":5}},"53":{"start":{"line":156,"column":6},"end":{"line":158,"column":68}},"54":{"start":{"line":160,"column":4},"end":{"line":163,"column":7}},"55":{"start":{"line":165,"column":4},"end":{"line":165,"column":71}},"56":{"start":{"line":166,"column":4},"end":{"line":168,"column":68}},"57":{"start":{"line":171,"column":22},"end":{"line":223,"column":1}},"58":{"start":{"line":172,"column":24},"end":{"line":172,"column":39}},"59":{"start":{"line":180,"column":6},"end":{"line":180,"column":14}},"60":{"start":{"line":181,"column":2},"end":{"line":183,"column":3}},"61":{"start":{"line":182,"column":4},"end":{"line":182,"column":60}},"62":{"start":{"line":184,"column":2},"end":{"line":222,"column":3}},"63":{"start":{"line":185,"column":21},"end":{"line":207,"column":5}},"64":{"start":{"line":208,"column":4},"end":{"line":212,"column":5}},"65":{"start":{"line":209,"column":6},"end":{"line":211,"column":68}},"66":{"start":{"line":213,"column":4},"end":{"line":216,"column":7}},"67":{"start":{"line":218,"column":4},"end":{"line":218,"column":73}},"68":{"start":{"line":219,"column":4},"end":{"line":221,"column":70}},"69":{"start":{"line":224,"column":0},"end":{"line":230,"column":2}}},"fnMap":{"0":{"name":"(anonymous_0)","decl":{"start":{"line":3,"column":22},"end":{"line":3,"column":23}},"loc":{"start":{"line":3,"column":42},"end":{"line":95,"column":1}},"line":3},"1":{"name":"(anonymous_1)","decl":{"start":{"line":96,"column":27},"end":{"line":96,"column":28}},"loc":{"start":{"line":96,"column":47},"end":{"line":117,"column":1}},"line":96},"2":{"name":"(anonymous_2)","decl":{"start":{"line":118,"column":23},"end":{"line":118,"column":24}},"loc":{"start":{"line":118,"column":43},"end":{"line":136,"column":1}},"line":118},"3":{"name":"(anonymous_3)","decl":{"start":{"line":137,"column":24},"end":{"line":137,"column":25}},"loc":{"start":{"line":137,"column":44},"end":{"line":170,"column":1}},"line":137},"4":{"name":"(anonymous_4)","decl":{"start":{"line":171,"column":22},"end":{"line":171,"column":23}},"loc":{"start":{"line":171,"column":42},"end":{"line":223,"column":1}},"line":171}},"branchMap":{"0":{"loc":{"start":{"line":10,"column":4},"end":{"line":12,"column":5}},"type":"if","locations":[{"start":{"line":10,"column":4},"end":{"line":12,"column":5}},{"start":{},"end":{}}],"line":10},"1":{"loc":{"start":{"line":21,"column":6},"end":{"line":21,"column":27}},"type":"default-arg","locations":[{"start":{"line":21,"column":22},"end":{"line":21,"column":27}}],"line":21},"2":{"loc":{"start":{"line":29,"column":4},"end":{"line":43,"column":5}},"type":"if","locations":[{"start":{"line":29,"column":4},"end":{"line":43,"column":5}},{"start":{},"end":{}}],"line":29},"3":{"loc":{"start":{"line":30,"column":6},"end":{"line":40,"column":21}},"type":"binary-expr","locations":[{"start":{"line":30,"column":6},"end":{"line":30,"column":16}},{"start":{"line":31,"column":6},"end":{"line":31,"column":15}},{"start":{"line":32,"column":6},"end":{"line":32,"column":10}},{"start":{"line":33,"column":6},"end":{"line":33,"column":20}},{"start":{"line":34,"column":6},"end":{"line":34,"column":11}},{"start":{"line":35,"column":6},"end":{"line":35,"column":13}},{"start":{"line":36,"column":6},"end":{"line":36,"column":18}},{"start":{"line":37,"column":6},"end":{"line":37,"column":14}},{"start":{"line":38,"column":6},"end":{"line":38,"column":12}},{"start":{"line":39,"column":6},"end":{"line":39,"column":23}},{"start":{"line":40,"column":6},"end":{"line":40,"column":21}}],"line":30},"4":{"loc":{"start":{"line":44,"column":4},"end":{"line":48,"column":5}},"type":"if","locations":[{"start":{"line":44,"column":4},"end":{"line":48,"column":5}},{"start":{},"end":{}}],"line":44},"5":{"loc":{"start":{"line":54,"column":4},"end":{"line":56,"column":5}},"type":"if","locations":[{"start":{"line":54,"column":4},"end":{"line":56,"column":5}},{"start":{},"end":{}}],"line":54},"6":{"loc":{"start":{"line":54,"column":8},"end":{"line":54,"column":67}},"type":"binary-expr","locations":[{"start":{"line":54,"column":8},"end":{"line":54,"column":13}},{"start":{"line":54,"column":18},"end":{"line":54,"column":25}},{"start":{"line":54,"column":29},"end":{"line":54,"column":66}}],"line":54},"7":{"loc":{"start":{"line":57,"column":4},"end":{"line":61,"column":5}},"type":"if","locations":[{"start":{"line":57,"column":4},"end":{"line":61,"column":5}},{"start":{},"end":{}}],"line":57},"8":{"loc":{"start":{"line":106,"column":4},"end":{"line":108,"column":5}},"type":"if","locations":[{"start":{"line":106,"column":4},"end":{"line":108,"column":5}},{"start":{},"end":{}}],"line":106},"9":{"loc":{"start":{"line":128,"column":4},"end":{"line":130,"column":5}},"type":"if","locations":[{"start":{"line":128,"column":4},"end":{"line":130,"column":5}},{"start":{},"end":{}}],"line":128},"10":{"loc":{"start":{"line":140,"column":2},"end":{"line":142,"column":3}},"type":"if","locations":[{"start":{"line":140,"column":2},"end":{"line":142,"column":3}},{"start":{},"end":{}}],"line":140},"11":{"loc":{"start":{"line":140,"column":6},"end":{"line":140,"column":45}},"type":"binary-expr","locations":[{"start":{"line":140,"column":6},"end":{"line":140,"column":24}},{"start":{"line":140,"column":28},"end":{"line":140,"column":45}}],"line":140},"12":{"loc":{"start":{"line":155,"column":4},"end":{"line":159,"column":5}},"type":"if","locations":[{"start":{"line":155,"column":4},"end":{"line":159,"column":5}},{"start":{},"end":{}}],"line":155},"13":{"loc":{"start":{"line":181,"column":2},"end":{"line":183,"column":3}},"type":"if","locations":[{"start":{"line":181,"column":2},"end":{"line":183,"column":3}},{"start":{},"end":{}}],"line":181},"14":{"loc":{"start":{"line":181,"column":6},"end":{"line":181,"column":75}},"type":"binary-expr","locations":[{"start":{"line":181,"column":6},"end":{"line":181,"column":21}},{"start":{"line":181,"column":25},"end":{"line":181,"column":30}},{"start":{"line":181,"column":34},"end":{"line":181,"column":46}},{"start":{"line":181,"column":50},"end":{"line":181,"column":58}},{"start":{"line":181,"column":62},"end":{"line":181,"column":75}}],"line":181},"15":{"loc":{"start":{"line":208,"column":4},"end":{"line":212,"column":5}},"type":"if","locations":[{"start":{"line":208,"column":4},"end":{"line":212,"column":5}},{"start":{},"end":{}}],"line":208}},"s":{"0":1,"1":1,"2":1,"3":0,"4":0,"5":0,"6":0,"7":0,"8":0,"9":0,"10":0,"11":0,"12":0,"13":0,"14":0,"15":0,"16":0,"17":0,"18":0,"19":0,"20":0,"21":0,"22":0,"23":0,"24":0,"25":0,"26":1,"27":0,"28":0,"29":0,"30":0,"31":0,"32":0,"33":0,"34":0,"35":0,"36":1,"37":0,"38":0,"39":0,"40":0,"41":0,"42":0,"43":0,"44":0,"45":1,"46":0,"47":0,"48":0,"49":0,"50":0,"51":0,"52":0,"53":0,"54":0,"55":0,"56":0,"57":1,"58":0,"59":0,"60":0,"61":0,"62":0,"63":0,"64":0,"65":0,"66":0,"67":0,"68":0,"69":1},"f":{"0":0,"1":0,"2":0,"3":0,"4":0},"b":{"0":[0,0],"1":[0],"2":[0,0],"3":[0,0,0,0,0,0,0,0,0,0,0],"4":[0,0],"5":[0,0],"6":[0,0,0],"7":[0,0],"8":[0,0],"9":[0,0],"10":[0,0],"11":[0,0],"12":[0,0],"13":[0,0],"14":[0,0,0,0,0],"15":[0,0]},"_coverageSchema":"1a1c01bbd47fc00a2c39e90264f33305004495a9","hash":"6689c05609056fe5d8c25362603851a2ba2d8ef6"}
,"C:\\Personal Projects\\yan_bank\\backend\\src\\controllers\\transactionController.js": {"path":"C:\\Personal Projects\\yan_bank\\backend\\src\\controllers\\transactionController.js","statementMap":{"0":{"start":{"line":1,"column":13},"end":{"line":1,"column":32}},"1":{"start":{"line":2,"column":15},"end":{"line":2,"column":63}},"2":{"start":{"line":4,"column":21},"end":{"line":79,"column":1}},"3":{"start":{"line":5,"column":60},"end":{"line":5,"column":68}},"4":{"start":{"line":6,"column":24},"end":{"line":6,"column":39}},"5":{"start":{"line":8,"column":21},"end":{"line":11,"column":3}},"6":{"start":{"line":12,"column":2},"end":{"line":14,"column":3}},"7":{"start":{"line":13,"column":4},"end":{"line":13,"column":63}},"8":{"start":{"line":15,"column":18},"end":{"line":15,"column":44}},"9":{"start":{"line":17,"column":2},"end":{"line":21,"column":3}},"10":{"start":{"line":18,"column":4},"end":{"line":20,"column":7}},"11":{"start":{"line":22,"column":17},"end":{"line":22,"column":37}},"12":{"start":{"line":23,"column":2},"end":{"line":78,"column":3}},"13":{"start":{"line":24,"column":4},"end":{"line":24,"column":32}},"14":{"start":{"line":25,"column":25},"end":{"line":28,"column":5}},"15":{"start":{"line":29,"column":4},"end":{"line":35,"column":5}},"16":{"start":{"line":30,"column":20},"end":{"line":32,"column":7}},"17":{"start":{"line":33,"column":6},"end":{"line":33,"column":29}},"18":{"start":{"line":34,"column":6},"end":{"line":34,"column":18}},"19":{"start":{"line":36,"column":26},"end":{"line":42,"column":5}},"20":{"start":{"line":44,"column":29},"end":{"line":44,"column":47}},"21":{"start":{"line":45,"column":21},"end":{"line":45,"column":30}},"22":{"start":{"line":46,"column":19},"end":{"line":46,"column":28}},"23":{"start":{"line":48,"column":27},"end":{"line":62,"column":5}},"24":{"start":{"line":63,"column":4},"end":{"line":63,"column":33}},"25":{"start":{"line":64,"column":4},"end":{"line":68,"column":7}},"26":{"start":{"line":70,"column":4},"end":{"line":70,"column":35}},"27":{"start":{"line":71,"column":4},"end":{"line":71,"column":50}},"28":{"start":{"line":72,"column":19},"end":{"line":72,"column":42}},"29":{"start":{"line":73,"column":4},"end":{"line":75,"column":67}},"30":{"start":{"line":77,"column":4},"end":{"line":77,"column":21}},"31":{"start":{"line":80,"column":22},"end":{"line":234,"column":1}},"32":{"start":{"line":81,"column":46},"end":{"line":81,"column":54}},"33":{"start":{"line":82,"column":24},"end":{"line":82,"column":39}},"34":{"start":{"line":84,"column":2},"end":{"line":88,"column":3}},"35":{"start":{"line":85,"column":4},"end":{"line":87,"column":7}},"36":{"start":{"line":89,"column":17},"end":{"line":89,"column":37}},"37":{"start":{"line":90,"column":2},"end":{"line":233,"column":3}},"38":{"start":{"line":91,"column":25},"end":{"line":103,"column":5}},"39":{"start":{"line":104,"column":4},"end":{"line":108,"column":5}},"40":{"start":{"line":105,"column":20},"end":{"line":105,"column":58}},"41":{"start":{"line":106,"column":6},"end":{"line":106,"column":29}},"42":{"start":{"line":107,"column":6},"end":{"line":107,"column":18}},"43":{"start":{"line":118,"column":8},"end":{"line":118,"column":28}},"44":{"start":{"line":119,"column":4},"end":{"line":125,"column":5}},"45":{"start":{"line":120,"column":20},"end":{"line":122,"column":7}},"46":{"start":{"line":123,"column":6},"end":{"line":123,"column":29}},"47":{"start":{"line":124,"column":6},"end":{"line":124,"column":18}},"48":{"start":{"line":127,"column":4},"end":{"line":131,"column":5}},"49":{"start":{"line":128,"column":20},"end":{"line":128,"column":69}},"50":{"start":{"line":129,"column":6},"end":{"line":129,"column":29}},"51":{"start":{"line":130,"column":6},"end":{"line":130,"column":18}},"52":{"start":{"line":132,"column":4},"end":{"line":141,"column":5}},"53":{"start":{"line":136,"column":20},"end":{"line":138,"column":7}},"54":{"start":{"line":139,"column":6},"end":{"line":139,"column":29}},"55":{"start":{"line":140,"column":6},"end":{"line":140,"column":18}},"56":{"start":{"line":143,"column":26},"end":{"line":152,"column":5}},"57":{"start":{"line":153,"column":24},"end":{"line":153,"column":65}},"58":{"start":{"line":154,"column":4},"end":{"line":164,"column":5}},"59":{"start":{"line":158,"column":29},"end":{"line":158,"column":71}},"60":{"start":{"line":159,"column":20},"end":{"line":161,"column":7}},"61":{"start":{"line":162,"column":6},"end":{"line":162,"column":29}},"62":{"start":{"line":163,"column":6},"end":{"line":163,"column":18}},"63":{"start":{"line":166,"column":28},"end":{"line":174,"column":5}},"64":{"start":{"line":175,"column":29},"end":{"line":175,"column":77}},"65":{"start":{"line":176,"column":4},"end":{"line":186,"column":5}},"66":{"start":{"line":180,"column":30},"end":{"line":180,"column":79}},"67":{"start":{"line":181,"column":20},"end":{"line":183,"column":7}},"68":{"start":{"line":184,"column":6},"end":{"line":184,"column":29}},"69":{"start":{"line":185,"column":6},"end":{"line":185,"column":18}},"70":{"start":{"line":187,"column":21},"end":{"line":192,"column":6}},"71":{"start":{"line":193,"column":4},"end":{"line":193,"column":32}},"72":{"start":{"line":194,"column":26},"end":{"line":200,"column":5}},"73":{"start":{"line":202,"column":27},"end":{"line":216,"column":5}},"74":{"start":{"line":217,"column":4},"end":{"line":217,"column":33}},"75":{"start":{"line":218,"column":4},"end":{"line":223,"column":7}},"76":{"start":{"line":225,"column":4},"end":{"line":225,"column":35}},"77":{"start":{"line":226,"column":4},"end":{"line":226,"column":53}},"78":{"start":{"line":227,"column":19},"end":{"line":227,"column":42}},"79":{"start":{"line":228,"column":4},"end":{"line":230,"column":67}},"80":{"start":{"line":232,"column":4},"end":{"line":232,"column":21}},"81":{"start":{"line":236,"column":21},"end":{"line":410,"column":1}},"82":{"start":{"line":238,"column":4},"end":{"line":238,"column":12}},"83":{"start":{"line":239,"column":24},"end":{"line":239,"column":39}},"84":{"start":{"line":241,"column":21},"end":{"line":244,"column":3}},"85":{"start":{"line":245,"column":2},"end":{"line":247,"column":3}},"86":{"start":{"line":246,"column":4},"end":{"line":246,"column":63}},"87":{"start":{"line":248,"column":18},"end":{"line":248,"column":44}},"88":{"start":{"line":250,"column":2},"end":{"line":252,"column":3}},"89":{"start":{"line":251,"column":4},"end":{"line":251,"column":75}},"90":{"start":{"line":254,"column":17},"end":{"line":254,"column":37}},"91":{"start":{"line":255,"column":2},"end":{"line":409,"column":3}},"92":{"start":{"line":257,"column":4},"end":{"line":257,"column":32}},"93":{"start":{"line":260,"column":24},"end":{"line":266,"column":5}},"94":{"start":{"line":268,"column":4},"end":{"line":272,"column":5}},"95":{"start":{"line":269,"column":20},"end":{"line":269,"column":57}},"96":{"start":{"line":270,"column":6},"end":{"line":270,"column":29}},"97":{"start":{"line":271,"column":6},"end":{"line":271,"column":18}},"98":{"start":{"line":273,"column":4},"end":{"line":277,"column":5}},"99":{"start":{"line":274,"column":20},"end":{"line":274,"column":69}},"100":{"start":{"line":275,"column":6},"end":{"line":275,"column":29}},"101":{"start":{"line":276,"column":6},"end":{"line":276,"column":18}},"102":{"start":{"line":278,"column":4},"end":{"line":284,"column":5}},"103":{"start":{"line":279,"column":20},"end":{"line":281,"column":7}},"104":{"start":{"line":282,"column":6},"end":{"line":282,"column":29}},"105":{"start":{"line":283,"column":6},"end":{"line":283,"column":18}},"106":{"start":{"line":291,"column":8},"end":{"line":291,"column":27}},"107":{"start":{"line":294,"column":26},"end":{"line":300,"column":5}},"108":{"start":{"line":301,"column":24},"end":{"line":301,"column":65}},"109":{"start":{"line":302,"column":4},"end":{"line":312,"column":5}},"110":{"start":{"line":306,"column":29},"end":{"line":306,"column":71}},"111":{"start":{"line":307,"column":20},"end":{"line":309,"column":7}},"112":{"start":{"line":310,"column":6},"end":{"line":310,"column":29}},"113":{"start":{"line":311,"column":6},"end":{"line":311,"column":18}},"114":{"start":{"line":314,"column":28},"end":{"line":319,"column":5}},"115":{"start":{"line":320,"column":29},"end":{"line":320,"column":77}},"116":{"start":{"line":321,"column":4},"end":{"line":331,"column":5}},"117":{"start":{"line":325,"column":30},"end":{"line":325,"column":79}},"118":{"start":{"line":326,"column":20},"end":{"line":328,"column":7}},"119":{"start":{"line":329,"column":6},"end":{"line":329,"column":29}},"120":{"start":{"line":330,"column":6},"end":{"line":330,"column":18}},"121":{"start":{"line":333,"column":26},"end":{"line":339,"column":5}},"122":{"start":{"line":340,"column":4},"end":{"line":344,"column":5}},"123":{"start":{"line":341,"column":20},"end":{"line":341,"column":59}},"124":{"start":{"line":342,"column":6},"end":{"line":342,"column":29}},"125":{"start":{"line":343,"column":6},"end":{"line":343,"column":18}},"126":{"start":{"line":345,"column":32},"end":{"line":345,"column":64}},"127":{"start":{"line":346,"column":30},"end":{"line":346,"column":60}},"128":{"start":{"line":348,"column":4},"end":{"line":352,"column":5}},"129":{"start":{"line":349,"column":20},"end":{"line":349,"column":69}},"130":{"start":{"line":350,"column":6},"end":{"line":350,"column":29}},"131":{"start":{"line":351,"column":6},"end":{"line":351,"column":18}},"132":{"start":{"line":354,"column":4},"end":{"line":357,"column":6}},"133":{"start":{"line":359,"column":4},"end":{"line":362,"column":6}},"134":{"start":{"line":365,"column":30},"end":{"line":378,"column":5}},"135":{"start":{"line":380,"column":4},"end":{"line":392,"column":6}},"136":{"start":{"line":395,"column":4},"end":{"line":395,"column":33}},"137":{"start":{"line":396,"column":4},"end":{"line":399,"column":7}},"138":{"start":{"line":401,"column":4},"end":{"line":401,"column":35}},"139":{"start":{"line":402,"column":4},"end":{"line":402,"column":67}},"140":{"start":{"line":403,"column":19},"end":{"line":403,"column":42}},"141":{"start":{"line":404,"column":4},"end":{"line":406,"column":67}},"142":{"start":{"line":408,"column":4},"end":{"line":408,"column":21}},"143":{"start":{"line":412,"column":25},"end":{"line":526,"column":1}},"144":{"start":{"line":414,"column":4},"end":{"line":414,"column":12}},"145":{"start":{"line":415,"column":24},"end":{"line":415,"column":39}},"146":{"start":{"line":416,"column":21},"end":{"line":419,"column":3}},"147":{"start":{"line":420,"column":2},"end":{"line":422,"column":3}},"148":{"start":{"line":421,"column":4},"end":{"line":421,"column":63}},"149":{"start":{"line":423,"column":18},"end":{"line":423,"column":44}},"150":{"start":{"line":425,"column":2},"end":{"line":427,"column":3}},"151":{"start":{"line":426,"column":4},"end":{"line":426,"column":75}},"152":{"start":{"line":429,"column":17},"end":{"line":429,"column":37}},"153":{"start":{"line":430,"column":2},"end":{"line":525,"column":3}},"154":{"start":{"line":432,"column":4},"end":{"line":432,"column":32}},"155":{"start":{"line":435,"column":24},"end":{"line":438,"column":5}},"156":{"start":{"line":440,"column":4},"end":{"line":444,"column":5}},"157":{"start":{"line":441,"column":20},"end":{"line":441,"column":57}},"158":{"start":{"line":442,"column":6},"end":{"line":442,"column":29}},"159":{"start":{"line":443,"column":6},"end":{"line":443,"column":18}},"160":{"start":{"line":445,"column":4},"end":{"line":449,"column":5}},"161":{"start":{"line":446,"column":20},"end":{"line":446,"column":71}},"162":{"start":{"line":447,"column":6},"end":{"line":447,"column":29}},"163":{"start":{"line":448,"column":6},"end":{"line":448,"column":18}},"164":{"start":{"line":450,"column":34},"end":{"line":450,"column":68}},"165":{"start":{"line":453,"column":26},"end":{"line":456,"column":5}},"166":{"start":{"line":457,"column":4},"end":{"line":461,"column":5}},"167":{"start":{"line":458,"column":20},"end":{"line":458,"column":59}},"168":{"start":{"line":459,"column":6},"end":{"line":459,"column":29}},"169":{"start":{"line":460,"column":6},"end":{"line":460,"column":18}},"170":{"start":{"line":463,"column":4},"end":{"line":467,"column":5}},"171":{"start":{"line":464,"column":20},"end":{"line":464,"column":68}},"172":{"start":{"line":465,"column":6},"end":{"line":465,"column":29}},"173":{"start":{"line":466,"column":6},"end":{"line":466,"column":18}},"174":{"start":{"line":468,"column":36},"end":{"line":468,"column":72}},"175":{"start":{"line":470,"column":4},"end":{"line":473,"column":6}},"176":{"start":{"line":475,"column":4},"end":{"line":478,"column":6}},"177":{"start":{"line":481,"column":30},"end":{"line":494,"column":5}},"178":{"start":{"line":496,"column":4},"end":{"line":508,"column":6}},"179":{"start":{"line":511,"column":4},"end":{"line":511,"column":33}},"180":{"start":{"line":512,"column":4},"end":{"line":515,"column":7}},"181":{"start":{"line":517,"column":4},"end":{"line":517,"column":35}},"182":{"start":{"line":518,"column":4},"end":{"line":518,"column":67}},"183":{"start":{"line":519,"column":19},"end":{"line":519,"column":42}},"184":{"start":{"line":520,"column":4},"end":{"line":522,"column":67}},"185":{"start":{"line":524,"column":4},"end":{"line":524,"column":21}},"186":{"start":{"line":527,"column":28},"end":{"line":582,"column":1}},"187":{"start":{"line":528,"column":2},"end":{"line":581,"column":3}},"188":{"start":{"line":529,"column":35},"end":{"line":529,"column":43}},"189":{"start":{"line":530,"column":26},"end":{"line":530,"column":41}},"190":{"start":{"line":533,"column":4},"end":{"line":537,"column":5}},"191":{"start":{"line":534,"column":6},"end":{"line":536,"column":71}},"192":{"start":{"line":540,"column":22},"end":{"line":543,"column":5}},"193":{"start":{"line":544,"column":4},"end":{"line":546,"column":5}},"194":{"start":{"line":545,"column":6},"end":{"line":545,"column":65}},"195":{"start":{"line":547,"column":20},"end":{"line":547,"column":45}},"196":{"start":{"line":550,"column":25},"end":{"line":553,"column":5}},"197":{"start":{"line":554,"column":4},"end":{"line":558,"column":5}},"198":{"start":{"line":555,"column":6},"end":{"line":557,"column":63}},"199":{"start":{"line":562,"column":26},"end":{"line":571,"column":6}},"200":{"start":{"line":573,"column":4},"end":{"line":575,"column":7}},"201":{"start":{"line":577,"column":4},"end":{"line":577,"column":57}},"202":{"start":{"line":578,"column":4},"end":{"line":580,"column":65}},"203":{"start":{"line":583,"column":28},"end":{"line":649,"column":1}},"204":{"start":{"line":584,"column":14},"end":{"line":584,"column":45}},"205":{"start":{"line":587,"column":2},"end":{"line":597,"column":3}},"206":{"start":{"line":589,"column":4},"end":{"line":593,"column":6}},"207":{"start":{"line":595,"column":4},"end":{"line":595,"column":73}},"208":{"start":{"line":596,"column":4},"end":{"line":596,"column":65}},"209":{"start":{"line":600,"column":2},"end":{"line":645,"column":3}},"210":{"start":{"line":601,"column":26},"end":{"line":601,"column":43}},"211":{"start":{"line":604,"column":54},"end":{"line":604,"column":76}},"212":{"start":{"line":607,"column":28},"end":{"line":607,"column":54}},"213":{"start":{"line":609,"column":19},"end":{"line":609,"column":39}},"214":{"start":{"line":610,"column":4},"end":{"line":644,"column":5}},"215":{"start":{"line":611,"column":6},"end":{"line":611,"column":34}},"216":{"start":{"line":614,"column":6},"end":{"line":617,"column":8}},"217":{"start":{"line":620,"column":6},"end":{"line":632,"column":8}},"218":{"start":{"line":634,"column":6},"end":{"line":634,"column":35}},"219":{"start":{"line":635,"column":6},"end":{"line":637,"column":8}},"220":{"start":{"line":639,"column":6},"end":{"line":639,"column":37}},"221":{"start":{"line":640,"column":6},"end":{"line":640,"column":62}},"222":{"start":{"line":641,"column":6},"end":{"line":641,"column":71}},"223":{"start":{"line":643,"column":6},"end":{"line":643,"column":23}},"224":{"start":{"line":648,"column":2},"end":{"line":648,"column":43}},"225":{"start":{"line":650,"column":29},"end":{"line":708,"column":1}},"226":{"start":{"line":651,"column":24},"end":{"line":651,"column":39}},"227":{"start":{"line":652,"column":17},"end":{"line":652,"column":37}},"228":{"start":{"line":653,"column":2},"end":{"line":707,"column":3}},"229":{"start":{"line":654,"column":23},"end":{"line":657,"column":5}},"230":{"start":{"line":658,"column":4},"end":{"line":660,"column":5}},"231":{"start":{"line":659,"column":6},"end":{"line":659,"column":65}},"232":{"start":{"line":661,"column":17},"end":{"line":661,"column":35}},"233":{"start":{"line":662,"column":20},"end":{"line":662,"column":42}},"234":{"start":{"line":663,"column":4},"end":{"line":692,"column":5}},"235":{"start":{"line":664,"column":22},"end":{"line":686,"column":8}},"236":{"start":{"line":687,"column":6},"end":{"line":687,"column":29}},"237":{"start":{"line":688,"column":6},"end":{"line":691,"column":8}},"238":{"start":{"line":693,"column":27},"end":{"line":698,"column":6}},"239":{"start":{"line":699,"column":4},"end":{"line":701,"column":61}},"240":{"start":{"line":703,"column":4},"end":{"line":703,"column":60}},"241":{"start":{"line":704,"column":4},"end":{"line":704,"column":80}},"242":{"start":{"line":706,"column":4},"end":{"line":706,"column":21}},"243":{"start":{"line":709,"column":0},"end":{"line":717,"column":2}}},"fnMap":{"0":{"name":"(anonymous_0)","decl":{"start":{"line":4,"column":21},"end":{"line":4,"column":22}},"loc":{"start":{"line":4,"column":41},"end":{"line":79,"column":1}},"line":4},"1":{"name":"(anonymous_1)","decl":{"start":{"line":80,"column":22},"end":{"line":80,"column":23}},"loc":{"start":{"line":80,"column":42},"end":{"line":234,"column":1}},"line":80},"2":{"name":"(anonymous_2)","decl":{"start":{"line":236,"column":21},"end":{"line":236,"column":22}},"loc":{"start":{"line":236,"column":41},"end":{"line":410,"column":1}},"line":236},"3":{"name":"(anonymous_3)","decl":{"start":{"line":412,"column":25},"end":{"line":412,"column":26}},"loc":{"start":{"line":412,"column":45},"end":{"line":526,"column":1}},"line":412},"4":{"name":"(anonymous_4)","decl":{"start":{"line":527,"column":28},"end":{"line":527,"column":29}},"loc":{"start":{"line":527,"column":48},"end":{"line":582,"column":1}},"line":527},"5":{"name":"(anonymous_5)","decl":{"start":{"line":583,"column":28},"end":{"line":583,"column":29}},"loc":{"start":{"line":583,"column":48},"end":{"line":649,"column":1}},"line":583},"6":{"name":"(anonymous_6)","decl":{"start":{"line":650,"column":29},"end":{"line":650,"column":30}},"loc":{"start":{"line":650,"column":49},"end":{"line":708,"column":1}},"line":650}},"branchMap":{"0":{"loc":{"start":{"line":12,"column":2},"end":{"line":14,"column":3}},"type":"if","locations":[{"start":{"line":12,"column":2},"end":{"line":14,"column":3}},{"start":{},"end":{}}],"line":12},"1":{"loc":{"start":{"line":17,"column":2},"end":{"line":21,"column":3}},"type":"if","locations":[{"start":{"line":17,"column":2},"end":{"line":21,"column":3}},{"start":{},"end":{}}],"line":17},"2":{"loc":{"start":{"line":17,"column":6},"end":{"line":17,"column":60}},"type":"binary-expr","locations":[{"start":{"line":17,"column":6},"end":{"line":17,"column":17}},{"start":{"line":17,"column":21},"end":{"line":17,"column":28}},{"start":{"line":17,"column":32},"end":{"line":17,"column":43}},{"start":{"line":17,"column":47},"end":{"line":17,"column":60}}],"line":17},"3":{"loc":{"start":{"line":29,"column":4},"end":{"line":35,"column":5}},"type":"if","locations":[{"start":{"line":29,"column":4},"end":{"line":35,"column":5}},{"start":{},"end":{}}],"line":29},"4":{"loc":{"start":{"line":57,"column":8},"end":{"line":57,"column":53}},"type":"binary-expr","locations":[{"start":{"line":57,"column":8},"end":{"line":57,"column":19}},{"start":{"line":57,"column":23},"end":{"line":57,"column":53}}],"line":57},"5":{"loc":{"start":{"line":72,"column":19},"end":{"line":72,"column":42}},"type":"binary-expr","locations":[{"start":{"line":72,"column":19},"end":{"line":72,"column":35}},{"start":{"line":72,"column":39},"end":{"line":72,"column":42}}],"line":72},"6":{"loc":{"start":{"line":75,"column":23},"end":{"line":75,"column":63}},"type":"binary-expr","locations":[{"start":{"line":75,"column":23},"end":{"line":75,"column":36}},{"start":{"line":75,"column":40},"end":{"line":75,"column":63}}],"line":75},"7":{"loc":{"start":{"line":84,"column":2},"end":{"line":88,"column":3}},"type":"if","locations":[{"start":{"line":84,"column":2},"end":{"line":88,"column":3}},{"start":{},"end":{}}],"line":84},"8":{"loc":{"start":{"line":84,"column":6},"end":{"line":84,"column":43}},"type":"binary-expr","locations":[{"start":{"line":84,"column":6},"end":{"line":84,"column":17}},{"start":{"line":84,"column":21},"end":{"line":84,"column":28}},{"start":{"line":84,"column":32},"end":{"line":84,"column":43}}],"line":84},"9":{"loc":{"start":{"line":104,"column":4},"end":{"line":108,"column":5}},"type":"if","locations":[{"start":{"line":104,"column":4},"end":{"line":108,"column":5}},{"start":{},"end":{}}],"line":104},"10":{"loc":{"start":{"line":119,"column":4},"end":{"line":125,"column":5}},"type":"if","locations":[{"start":{"line":119,"column":4},"end":{"line":125,"column":5}},{"start":{},"end":{}}],"line":119},"11":{"loc":{"start":{"line":127,"column":4},"end":{"line":131,"column":5}},"type":"if","locations":[{"start":{"line":127,"column":4},"end":{"line":131,"column":5}},{"start":{},"end":{}}],"line":127},"12":{"loc":{"start":{"line":132,"column":4},"end":{"line":141,"column":5}},"type":"if","locations":[{"start":{"line":132,"column":4},"end":{"line":141,"column":5}},{"start":{},"end":{}}],"line":132},"13":{"loc":{"start":{"line":133,"column":6},"end":{"line":134,"column":53}},"type":"binary-expr","locations":[{"start":{"line":133,"column":6},"end":{"line":133,"column":28}},{"start":{"line":134,"column":6},"end":{"line":134,"column":53}}],"line":133},"14":{"loc":{"start":{"line":154,"column":4},"end":{"line":164,"column":5}},"type":"if","locations":[{"start":{"line":154,"column":4},"end":{"line":164,"column":5}},{"start":{},"end":{}}],"line":154},"15":{"loc":{"start":{"line":155,"column":6},"end":{"line":156,"column":65}},"type":"binary-expr","locations":[{"start":{"line":155,"column":6},"end":{"line":155,"column":26}},{"start":{"line":156,"column":6},"end":{"line":156,"column":65}}],"line":155},"16":{"loc":{"start":{"line":176,"column":4},"end":{"line":186,"column":5}},"type":"if","locations":[{"start":{"line":176,"column":4},"end":{"line":186,"column":5}},{"start":{},"end":{}}],"line":176},"17":{"loc":{"start":{"line":177,"column":6},"end":{"line":178,"column":72}},"type":"binary-expr","locations":[{"start":{"line":177,"column":6},"end":{"line":177,"column":28}},{"start":{"line":178,"column":6},"end":{"line":178,"column":72}}],"line":177},"18":{"loc":{"start":{"line":191,"column":19},"end":{"line":191,"column":59}},"type":"binary-expr","locations":[{"start":{"line":191,"column":19},"end":{"line":191,"column":30}},{"start":{"line":191,"column":34},"end":{"line":191,"column":59}}],"line":191},"19":{"loc":{"start":{"line":211,"column":8},"end":{"line":211,"column":71}},"type":"binary-expr","locations":[{"start":{"line":211,"column":8},"end":{"line":211,"column":19}},{"start":{"line":211,"column":23},"end":{"line":211,"column":71}}],"line":211},"20":{"loc":{"start":{"line":227,"column":19},"end":{"line":227,"column":42}},"type":"binary-expr","locations":[{"start":{"line":227,"column":19},"end":{"line":227,"column":35}},{"start":{"line":227,"column":39},"end":{"line":227,"column":42}}],"line":227},"21":{"loc":{"start":{"line":230,"column":23},"end":{"line":230,"column":63}},"type":"binary-expr","locations":[{"start":{"line":230,"column":23},"end":{"line":230,"column":36}},{"start":{"line":230,"column":40},"end":{"line":230,"column":63}}],"line":230},"22":{"loc":{"start":{"line":245,"column":2},"end":{"line":247,"column":3}},"type":"if","locations":[{"start":{"line":245,"column":2},"end":{"line":247,"column":3}},{"start":{},"end":{}}],"line":245},"23":{"loc":{"start":{"line":250,"column":2},"end":{"line":252,"column":3}},"type":"if","locations":[{"start":{"line":250,"column":2},"end":{"line":252,"column":3}},{"start":{},"end":{}}],"line":250},"24":{"loc":{"start":{"line":250,"column":6},"end":{"line":250,"column":66}},"type":"binary-expr","locations":[{"start":{"line":250,"column":6},"end":{"line":250,"column":24}},{"start":{"line":250,"column":28},"end":{"line":250,"column":52}},{"start":{"line":250,"column":56},"end":{"line":250,"column":66}}],"line":250},"25":{"loc":{"start":{"line":268,"column":4},"end":{"line":272,"column":5}},"type":"if","locations":[{"start":{"line":268,"column":4},"end":{"line":272,"column":5}},{"start":{},"end":{}}],"line":268},"26":{"loc":{"start":{"line":273,"column":4},"end":{"line":277,"column":5}},"type":"if","locations":[{"start":{"line":273,"column":4},"end":{"line":277,"column":5}},{"start":{},"end":{}}],"line":273},"27":{"loc":{"start":{"line":278,"column":4},"end":{"line":284,"column":5}},"type":"if","locations":[{"start":{"line":278,"column":4},"end":{"line":284,"column":5}},{"start":{},"end":{}}],"line":278},"28":{"loc":{"start":{"line":302,"column":4},"end":{"line":312,"column":5}},"type":"if","locations":[{"start":{"line":302,"column":4},"end":{"line":312,"column":5}},{"start":{},"end":{}}],"line":302},"29":{"loc":{"start":{"line":303,"column":6},"end":{"line":304,"column":65}},"type":"binary-expr","locations":[{"start":{"line":303,"column":6},"end":{"line":303,"column":26}},{"start":{"line":304,"column":6},"end":{"line":304,"column":65}}],"line":303},"30":{"loc":{"start":{"line":321,"column":4},"end":{"line":331,"column":5}},"type":"if","locations":[{"start":{"line":321,"column":4},"end":{"line":331,"column":5}},{"start":{},"end":{}}],"line":321},"31":{"loc":{"start":{"line":322,"column":6},"end":{"line":323,"column":72}},"type":"binary-expr","locations":[{"start":{"line":322,"column":6},"end":{"line":322,"column":28}},{"start":{"line":323,"column":6},"end":{"line":323,"column":72}}],"line":322},"32":{"loc":{"start":{"line":340,"column":4},"end":{"line":344,"column":5}},"type":"if","locations":[{"start":{"line":340,"column":4},"end":{"line":344,"column":5}},{"start":{},"end":{}}],"line":340},"33":{"loc":{"start":{"line":348,"column":4},"end":{"line":352,"column":5}},"type":"if","locations":[{"start":{"line":348,"column":4},"end":{"line":352,"column":5}},{"start":{},"end":{}}],"line":348},"34":{"loc":{"start":{"line":373,"column":8},"end":{"line":373,"column":57}},"type":"binary-expr","locations":[{"start":{"line":373,"column":8},"end":{"line":373,"column":19}},{"start":{"line":373,"column":23},"end":{"line":373,"column":57}}],"line":373},"35":{"loc":{"start":{"line":387,"column":8},"end":{"line":387,"column":57}},"type":"binary-expr","locations":[{"start":{"line":387,"column":8},"end":{"line":387,"column":19}},{"start":{"line":387,"column":23},"end":{"line":387,"column":57}}],"line":387},"36":{"loc":{"start":{"line":403,"column":19},"end":{"line":403,"column":42}},"type":"binary-expr","locations":[{"start":{"line":403,"column":19},"end":{"line":403,"column":35}},{"start":{"line":403,"column":39},"end":{"line":403,"column":42}}],"line":403},"37":{"loc":{"start":{"line":406,"column":23},"end":{"line":406,"column":63}},"type":"binary-expr","locations":[{"start":{"line":406,"column":23},"end":{"line":406,"column":36}},{"start":{"line":406,"column":40},"end":{"line":406,"column":63}}],"line":406},"38":{"loc":{"start":{"line":420,"column":2},"end":{"line":422,"column":3}},"type":"if","locations":[{"start":{"line":420,"column":2},"end":{"line":422,"column":3}},{"start":{},"end":{}}],"line":420},"39":{"loc":{"start":{"line":425,"column":2},"end":{"line":427,"column":3}},"type":"if","locations":[{"start":{"line":425,"column":2},"end":{"line":427,"column":3}},{"start":{},"end":{}}],"line":425},"40":{"loc":{"start":{"line":425,"column":6},"end":{"line":425,"column":62}},"type":"binary-expr","locations":[{"start":{"line":425,"column":6},"end":{"line":425,"column":24}},{"start":{"line":425,"column":28},"end":{"line":425,"column":48}},{"start":{"line":425,"column":52},"end":{"line":425,"column":62}}],"line":425},"41":{"loc":{"start":{"line":440,"column":4},"end":{"line":444,"column":5}},"type":"if","locations":[{"start":{"line":440,"column":4},"end":{"line":444,"column":5}},{"start":{},"end":{}}],"line":440},"42":{"loc":{"start":{"line":445,"column":4},"end":{"line":449,"column":5}},"type":"if","locations":[{"start":{"line":445,"column":4},"end":{"line":449,"column":5}},{"start":{},"end":{}}],"line":445},"43":{"loc":{"start":{"line":457,"column":4},"end":{"line":461,"column":5}},"type":"if","locations":[{"start":{"line":457,"column":4},"end":{"line":461,"column":5}},{"start":{},"end":{}}],"line":457},"44":{"loc":{"start":{"line":463,"column":4},"end":{"line":467,"column":5}},"type":"if","locations":[{"start":{"line":463,"column":4},"end":{"line":467,"column":5}},{"start":{},"end":{}}],"line":463},"45":{"loc":{"start":{"line":489,"column":8},"end":{"line":489,"column":63}},"type":"binary-expr","locations":[{"start":{"line":489,"column":8},"end":{"line":489,"column":19}},{"start":{"line":489,"column":23},"end":{"line":489,"column":63}}],"line":489},"46":{"loc":{"start":{"line":503,"column":8},"end":{"line":503,"column":63}},"type":"binary-expr","locations":[{"start":{"line":503,"column":8},"end":{"line":503,"column":19}},{"start":{"line":503,"column":23},"end":{"line":503,"column":63}}],"line":503},"47":{"loc":{"start":{"line":519,"column":19},"end":{"line":519,"column":42}},"type":"binary-expr","locations":[{"start":{"line":519,"column":19},"end":{"line":519,"column":35}},{"start":{"line":519,"column":39},"end":{"line":519,"column":42}}],"line":519},"48":{"loc":{"start":{"line":522,"column":23},"end":{"line":522,"column":63}},"type":"binary-expr","locations":[{"start":{"line":522,"column":23},"end":{"line":522,"column":36}},{"start":{"line":522,"column":40},"end":{"line":522,"column":63}}],"line":522},"49":{"loc":{"start":{"line":533,"column":4},"end":{"line":537,"column":5}},"type":"if","locations":[{"start":{"line":533,"column":4},"end":{"line":537,"column":5}},{"start":{},"end":{}}],"line":533},"50":{"loc":{"start":{"line":533,"column":8},"end":{"line":533,"column":45}},"type":"binary-expr","locations":[{"start":{"line":533,"column":8},"end":{"line":533,"column":15}},{"start":{"line":533,"column":19},"end":{"line":533,"column":30}},{"start":{"line":533,"column":34},"end":{"line":533,"column":45}}],"line":533},"51":{"loc":{"start":{"line":544,"column":4},"end":{"line":546,"column":5}},"type":"if","locations":[{"start":{"line":544,"column":4},"end":{"line":546,"column":5}},{"start":{},"end":{}}],"line":544},"52":{"loc":{"start":{"line":554,"column":4},"end":{"line":558,"column":5}},"type":"if","locations":[{"start":{"line":554,"column":4},"end":{"line":558,"column":5}},{"start":{},"end":{}}],"line":554},"53":{"loc":{"start":{"line":600,"column":2},"end":{"line":645,"column":3}},"type":"if","locations":[{"start":{"line":600,"column":2},"end":{"line":645,"column":3}},{"start":{},"end":{}}],"line":600},"54":{"loc":{"start":{"line":658,"column":4},"end":{"line":660,"column":5}},"type":"if","locations":[{"start":{"line":658,"column":4},"end":{"line":660,"column":5}},{"start":{},"end":{}}],"line":658},"55":{"loc":{"start":{"line":663,"column":4},"end":{"line":692,"column":5}},"type":"if","locations":[{"start":{"line":663,"column":4},"end":{"line":692,"column":5}},{"start":{},"end":{}}],"line":663}},"s":{"0":1,"1":1,"2":1,"3":6,"4":6,"5":6,"6":6,"7":1,"8":5,"9":5,"10":2,"11":3,"12":3,"13":3,"14":3,"15":2,"16":1,"17":1,"18":1,"19":1,"20":1,"21":1,"22":1,"23":1,"24":1,"25":1,"26":2,"27":2,"28":2,"29":2,"30":3,"31":1,"32":9,"33":9,"34":9,"35":1,"36":8,"37":8,"38":8,"39":7,"40":1,"41":1,"42":1,"43":6,"44":6,"45":1,"46":1,"47":1,"48":5,"49":1,"50":1,"51":1,"52":4,"53":1,"54":1,"55":1,"56":3,"57":3,"58":3,"59":1,"60":1,"61":1,"62":1,"63":2,"64":2,"65":2,"66":1,"67":1,"68":1,"69":1,"70":1,"71":1,"72":1,"73":1,"74":1,"75":1,"76":7,"77":7,"78":7,"79":7,"80":8,"81":1,"82":11,"83":11,"84":11,"85":11,"86":1,"87":10,"88":10,"89":1,"90":9,"91":9,"92":9,"93":9,"94":8,"95":1,"96":1,"97":1,"98":7,"99":1,"100":1,"101":1,"102":6,"103":1,"104":1,"105":1,"106":5,"107":5,"108":5,"109":5,"110":1,"111":1,"112":1,"113":1,"114":4,"115":4,"116":4,"117":1,"118":1,"119":1,"120":1,"121":3,"122":3,"123":1,"124":1,"125":1,"126":2,"127":2,"128":2,"129":1,"130":1,"131":1,"132":1,"133":1,"134":1,"135":1,"136":1,"137":1,"138":8,"139":8,"140":8,"141":8,"142":9,"143":1,"144":8,"145":8,"146":8,"147":8,"148":1,"149":7,"150":7,"151":1,"152":6,"153":6,"154":6,"155":6,"156":5,"157":1,"158":1,"159":1,"160":4,"161":1,"162":1,"163":1,"164":3,"165":3,"166":3,"167":1,"168":1,"169":1,"170":2,"171":1,"172":1,"173":1,"174":1,"175":1,"176":1,"177":1,"178":1,"179":1,"180":1,"181":5,"182":5,"183":5,"184":5,"185":6,"186":1,"187":0,"188":0,"189":0,"190":0,"191":0,"192":0,"193":0,"194":0,"195":0,"196":0,"197":0,"198":0,"199":0,"200":0,"201":0,"202":0,"203":1,"204":0,"205":0,"206":0,"207":0,"208":0,"209":0,"210":0,"211":0,"212":0,"213":0,"214":0,"215":0,"216":0,"217":0,"218":0,"219":0,"220":0,"221":0,"222":0,"223":0,"224":0,"225":1,"226":0,"227":0,"228":0,"229":0,"230":0,"231":0,"232":0,"233":0,"234":0,"235":0,"236":0,"237":0,"238":0,"239":0,"240":0,"241":0,"242":0,"243":1},"f":{"0":6,"1":9,"2":11,"3":8,"4":0,"5":0,"6":0},"b":{"0":[1,5],"1":[2,3],"2":[5,5,4,3],"3":[1,1],"4":[1,0],"5":[2,1],"6":[2,0],"7":[1,8],"8":[9,9,9],"9":[1,6],"10":[1,5],"11":[1,4],"12":[1,3],"13":[4,4],"14":[1,2],"15":[3,3],"16":[1,1],"17":[2,2],"18":[1,0],"19":[1,0],"20":[7,1],"21":[7,0],"22":[1,10],"23":[1,9],"24":[10,10,9],"25":[1,7],"26":[1,6],"27":[1,5],"28":[1,4],"29":[5,5],"30":[1,3],"31":[4,4],"32":[1,2],"33":[1,1],"34":[1,0],"35":[1,0],"36":[8,1],"37":[8,0],"38":[1,7],"39":[1,6],"40":[7,7,6],"41":[1,4],"42":[1,3],"43":[1,2],"44":[1,1],"45":[1,0],"46":[1,0],"47":[5,1],"48":[5,0],"49":[0,0],"50":[0,0,0],"51":[0,0],"52":[0,0],"53":[0,0],"54":[0,0],"55":[0,0]},"_coverageSchema":"1a1c01bbd47fc00a2c39e90264f33305004495a9","hash":"5a3eca97db60e8818330768f9d8022e05badd57c"}
,"C:\\Personal Projects\\yan_bank\\backend\\src\\controllers\\webhookController.js": {"path":"C:\\Personal Projects\\yan_bank\\backend\\src\\controllers\\webhookController.js","statementMap":{"0":{"start":{"line":1,"column":20},"end":{"line":1,"column":35}},"1":{"start":{"line":2,"column":13},"end":{"line":2,"column":32}},"2":{"start":{"line":4,"column":21},"end":{"line":60,"column":1}},"3":{"start":{"line":5,"column":25},"end":{"line":5,"column":57}},"4":{"start":{"line":7,"column":2},"end":{"line":10,"column":3}},"5":{"start":{"line":8,"column":4},"end":{"line":8,"column":58}},"6":{"start":{"line":9,"column":4},"end":{"line":9,"column":73}},"7":{"start":{"line":13,"column":18},"end":{"line":13,"column":40}},"8":{"start":{"line":14,"column":25},"end":{"line":14,"column":54}},"9":{"start":{"line":15,"column":25},"end":{"line":15,"column":54}},"10":{"start":{"line":17,"column":2},"end":{"line":19,"column":3}},"11":{"start":{"line":18,"column":4},"end":{"line":18,"column":67}},"12":{"start":{"line":22,"column":13},"end":{"line":22,"column":40}},"13":{"start":{"line":25,"column":2},"end":{"line":34,"column":3}},"14":{"start":{"line":26,"column":4},"end":{"line":30,"column":7}},"15":{"start":{"line":32,"column":4},"end":{"line":32,"column":63}},"16":{"start":{"line":33,"column":4},"end":{"line":33,"column":66}},"17":{"start":{"line":37,"column":20},"end":{"line":37,"column":28}},"18":{"start":{"line":39,"column":2},"end":{"line":57,"column":3}},"19":{"start":{"line":40,"column":46},"end":{"line":40,"column":54}},"20":{"start":{"line":41,"column":25},"end":{"line":41,"column":57}},"21":{"start":{"line":44,"column":26},"end":{"line":44,"column":66}},"22":{"start":{"line":46,"column":4},"end":{"line":56,"column":5}},"23":{"start":{"line":48,"column":21},"end":{"line":51,"column":7}},"24":{"start":{"line":52,"column":6},"end":{"line":52,"column":71}},"25":{"start":{"line":54,"column":6},"end":{"line":54,"column":70}},"26":{"start":{"line":55,"column":6},"end":{"line":55,"column":63}},"27":{"start":{"line":59,"column":2},"end":{"line":59,"column":49}},"28":{"start":{"line":62,"column":0},"end":{"line":62,"column":34}}},"fnMap":{"0":{"name":"(anonymous_0)","decl":{"start":{"line":4,"column":21},"end":{"line":4,"column":22}},"loc":{"start":{"line":4,"column":41},"end":{"line":60,"column":1}},"line":4}},"branchMap":{"0":{"loc":{"start":{"line":7,"column":2},"end":{"line":10,"column":3}},"type":"if","locations":[{"start":{"line":7,"column":2},"end":{"line":10,"column":3}},{"start":{},"end":{}}],"line":7},"1":{"loc":{"start":{"line":17,"column":2},"end":{"line":19,"column":3}},"type":"if","locations":[{"start":{"line":17,"column":2},"end":{"line":19,"column":3}},{"start":{},"end":{}}],"line":17},"2":{"loc":{"start":{"line":17,"column":6},"end":{"line":17,"column":52}},"type":"binary-expr","locations":[{"start":{"line":17,"column":6},"end":{"line":17,"column":14}},{"start":{"line":17,"column":18},"end":{"line":17,"column":33}},{"start":{"line":17,"column":37},"end":{"line":17,"column":52}}],"line":17},"3":{"loc":{"start":{"line":39,"column":2},"end":{"line":57,"column":3}},"type":"if","locations":[{"start":{"line":39,"column":2},"end":{"line":57,"column":3}},{"start":{},"end":{}}],"line":39},"4":{"loc":{"start":{"line":44,"column":26},"end":{"line":44,"column":66}},"type":"binary-expr","locations":[{"start":{"line":44,"column":26},"end":{"line":44,"column":34}},{"start":{"line":44,"column":38},"end":{"line":44,"column":66}}],"line":44}},"s":{"0":1,"1":1,"2":1,"3":0,"4":0,"5":0,"6":0,"7":0,"8":0,"9":0,"10":0,"11":0,"12":0,"13":0,"14":0,"15":0,"16":0,"17":0,"18":0,"19":0,"20":0,"21":0,"22":0,"23":0,"24":0,"25":0,"26":0,"27":0,"28":1},"f":{"0":0},"b":{"0":[0,0],"1":[0,0],"2":[0,0,0],"3":[0,0],"4":[0,0]},"_coverageSchema":"1a1c01bbd47fc00a2c39e90264f33305004495a9","hash":"e128a748f5ed977fec893b64676f9d68cd5313d8"}
,"C:\\Personal Projects\\yan_bank\\backend\\src\\routes\\accountRouter.js": {"path":"C:\\Personal Projects\\yan_bank\\backend\\src\\routes\\accountRouter.js","statementMap":{"0":{"start":{"line":1,"column":15},"end":{"line":1,"column":42}},"1":{"start":{"line":2,"column":101},"end":{"line":2,"column":144}},"2":{"start":{"line":3,"column":23},"end":{"line":3,"column":62}},"3":{"start":{"line":4,"column":36},"end":{"line":4,"column":68}},"4":{"start":{"line":5,"column":45},"end":{"line":5,"column":81}},"5":{"start":{"line":7,"column":0},"end":{"line":7,"column":94}},"6":{"start":{"line":8,"column":0},"end":{"line":8,"column":81}},"7":{"start":{"line":9,"column":0},"end":{"line":9,"column":111}},"8":{"start":{"line":10,"column":0},"end":{"line":10,"column":104}},"9":{"start":{"line":11,"column":0},"end":{"line":11,"column":93}},"10":{"start":{"line":13,"column":0},"end":{"line":13,"column":24}}},"fnMap":{},"branchMap":{},"s":{"0":1,"1":1,"2":1,"3":1,"4":1,"5":1,"6":1,"7":1,"8":1,"9":1,"10":1},"f":{},"b":{},"_coverageSchema":"1a1c01bbd47fc00a2c39e90264f33305004495a9","hash":"094e6ceefa4b784826f6f21d87690a96a65e27cb"}
,"C:\\Personal Projects\\yan_bank\\backend\\src\\routes\\chartRouter.js": {"path":"C:\\Personal Projects\\yan_bank\\backend\\src\\routes\\chartRouter.js","statementMap":{"0":{"start":{"line":1,"column":23},"end":{"line":1,"column":64}},"1":{"start":{"line":2,"column":15},"end":{"line":2,"column":42}},"2":{"start":{"line":3,"column":23},"end":{"line":3,"column":62}},"3":{"start":{"line":4,"column":34},"end":{"line":4,"column":66}},"4":{"start":{"line":6,"column":0},"end":{"line":6,"column":65}},"5":{"start":{"line":8,"column":0},"end":{"line":8,"column":24}}},"fnMap":{},"branchMap":{},"s":{"0":1,"1":1,"2":1,"3":1,"4":1,"5":1},"f":{},"b":{},"_coverageSchema":"1a1c01bbd47fc00a2c39e90264f33305004495a9","hash":"7205064f211b813a87b066373532f3d858260171"}
,"C:\\Personal Projects\\yan_bank\\backend\\src\\routes\\dashboardRouter.js": {"path":"C:\\Personal Projects\\yan_bank\\backend\\src\\routes\\dashboardRouter.js","statementMap":{"0":{"start":{"line":1,"column":27},"end":{"line":1,"column":72}},"1":{"start":{"line":2,"column":15},"end":{"line":2,"column":42}},"2":{"start":{"line":3,"column":23},"end":{"line":3,"column":62}},"3":{"start":{"line":4,"column":34},"end":{"line":4,"column":66}},"4":{"start":{"line":6,"column":0},"end":{"line":6,"column":69}},"5":{"start":{"line":8,"column":0},"end":{"line":8,"column":24}}},"fnMap":{},"branchMap":{},"s":{"0":1,"1":1,"2":1,"3":1,"4":1,"5":1},"f":{},"b":{},"_coverageSchema":"1a1c01bbd47fc00a2c39e90264f33305004495a9","hash":"b111feffca36c839c2da7158a906d6486ba3cd05"}
,"C:\\Personal Projects\\yan_bank\\backend\\src\\routes\\profileRouter.js": {"path":"C:\\Personal Projects\\yan_bank\\backend\\src\\routes\\profileRouter.js","statementMap":{"0":{"start":{"line":1,"column":15},"end":{"line":1,"column":42}},"1":{"start":{"line":2,"column":88},"end":{"line":2,"column":131}},"2":{"start":{"line":3,"column":36},"end":{"line":3,"column":68}},"3":{"start":{"line":4,"column":31},"end":{"line":4,"column":67}},"4":{"start":{"line":6,"column":0},"end":{"line":6,"column":66}},"5":{"start":{"line":7,"column":0},"end":{"line":7,"column":56}},"6":{"start":{"line":8,"column":0},"end":{"line":8,"column":83}},"7":{"start":{"line":9,"column":0},"end":{"line":9,"column":87}},"8":{"start":{"line":10,"column":0},"end":{"line":10,"column":83}},"9":{"start":{"line":13,"column":0},"end":{"line":13,"column":24}}},"fnMap":{},"branchMap":{},"s":{"0":1,"1":1,"2":1,"3":1,"4":1,"5":1,"6":1,"7":1,"8":1,"9":1},"f":{},"b":{},"_coverageSchema":"1a1c01bbd47fc00a2c39e90264f33305004495a9","hash":"235bc59c8c4386c470f6a45a2dd70e86cfe4e910"}
,"C:\\Personal Projects\\yan_bank\\backend\\src\\routes\\transactionRouter.js": {"path":"C:\\Personal Projects\\yan_bank\\backend\\src\\routes\\transactionRouter.js","statementMap":{"0":{"start":{"line":1,"column":108},"end":{"line":1,"column":155}},"1":{"start":{"line":2,"column":15},"end":{"line":2,"column":42}},"2":{"start":{"line":3,"column":34},"end":{"line":3,"column":66}},"3":{"start":{"line":4,"column":25},"end":{"line":4,"column":71}},"4":{"start":{"line":5,"column":23},"end":{"line":5,"column":62}},"5":{"start":{"line":6,"column":26},"end":{"line":6,"column":62}},"6":{"start":{"line":8,"column":0},"end":{"line":8,"column":107}},"7":{"start":{"line":9,"column":0},"end":{"line":9,"column":109}},"8":{"start":{"line":10,"column":0},"end":{"line":10,"column":113}},"9":{"start":{"line":11,"column":0},"end":{"line":11,"column":121}},"10":{"start":{"line":12,"column":0},"end":{"line":12,"column":95}},"11":{"start":{"line":13,"column":0},"end":{"line":13,"column":50}},"12":{"start":{"line":15,"column":0},"end":{"line":15,"column":24}}},"fnMap":{},"branchMap":{},"s":{"0":1,"1":1,"2":1,"3":1,"4":1,"5":1,"6":1,"7":1,"8":1,"9":1,"10":1,"11":1,"12":1},"f":{},"b":{},"_coverageSchema":"1a1c01bbd47fc00a2c39e90264f33305004495a9","hash":"d1aca766563ef829ffd4794b312b9f9a6e5b8cfa"}
,"C:\\Personal Projects\\yan_bank\\backend\\src\\routes\\userRouter.js": {"path":"C:\\Personal Projects\\yan_bank\\backend\\src\\routes\\userRouter.js","statementMap":{"0":{"start":{"line":1,"column":16},"end":{"line":1,"column":43}},"1":{"start":{"line":2,"column":19},"end":{"line":2,"column":41}},"2":{"start":{"line":3,"column":23},"end":{"line":3,"column":66}},"3":{"start":{"line":5,"column":0},"end":{"line":9,"column":1}},"4":{"start":{"line":11,"column":0},"end":{"line":11,"column":24}}},"fnMap":{},"branchMap":{},"s":{"0":1,"1":1,"2":1,"3":1,"4":1},"f":{},"b":{},"_coverageSchema":"1a1c01bbd47fc00a2c39e90264f33305004495a9","hash":"7f60b0492472432ea478bd9efc9aedf02f84cdcb"}
}
