{"C:\\Personal Projects\\yan_bank\\backend\\src\\app.js": {"path":"C:\\Personal Projects\\yan_bank\\backend\\src\\app.js","statementMap":{"0":{"start":{"line":2,"column":16},"end":{"line":2,"column":34}},"1":{"start":{"line":3,"column":13},"end":{"line":3,"column":28}},"2":{"start":{"line":4,"column":0},"end":{"line":4,"column":27}},"3":{"start":{"line":5,"column":13},"end":{"line":5,"column":31}},"4":{"start":{"line":8,"column":12},"end":{"line":8,"column":21}},"5":{"start":{"line":11,"column":26},"end":{"line":11,"column":61}},"6":{"start":{"line":13,"column":33},"end":{"line":13,"column":65}},"7":{"start":{"line":16,"column":19},"end":{"line":16,"column":49}},"8":{"start":{"line":17,"column":22},"end":{"line":17,"column":55}},"9":{"start":{"line":18,"column":26},"end":{"line":18,"column":63}},"10":{"start":{"line":19,"column":24},"end":{"line":19,"column":59}},"11":{"start":{"line":20,"column":20},"end":{"line":20,"column":51}},"12":{"start":{"line":21,"column":22},"end":{"line":21,"column":55}},"13":{"start":{"line":23,"column":0},"end":{"line":32,"column":2}},"14":{"start":{"line":33,"column":0},"end":{"line":33,"column":37}},"15":{"start":{"line":34,"column":0},"end":{"line":34,"column":24}},"16":{"start":{"line":36,"column":0},"end":{"line":36,"column":40}},"17":{"start":{"line":37,"column":0},"end":{"line":37,"column":31}},"18":{"start":{"line":40,"column":0},"end":{"line":40,"column":40}},"19":{"start":{"line":41,"column":0},"end":{"line":41,"column":48}},"20":{"start":{"line":42,"column":0},"end":{"line":42,"column":43}},"21":{"start":{"line":43,"column":0},"end":{"line":43,"column":45}},"22":{"start":{"line":44,"column":0},"end":{"line":44,"column":39}},"23":{"start":{"line":46,"column":0},"end":{"line":46,"column":21}}},"fnMap":{},"branchMap":{},"s":{"0":1,"1":1,"2":1,"3":1,"4":1,"5":1,"6":1,"7":1,"8":1,"9":1,"10":1,"11":1,"12":1,"13":1,"14":1,"15":1,"16":1,"17":1,"18":1,"19":1,"20":1,"21":1,"22":1,"23":1},"f":{},"b":{},"_coverageSchema":"1a1c01bbd47fc00a2c39e90264f33305004495a9","hash":"dd7407f6621ac4cb708d707f9c979d86b5ebdde8"}
,"C:\\Personal Projects\\yan_bank\\backend\\src\\controllers\\accountController.js": {"path":"C:\\Personal Projects\\yan_bank\\backend\\src\\controllers\\accountController.js","statementMap":{"0":{"start":{"line":1,"column":13},"end":{"line":1,"column":32}},"1":{"start":{"line":4,"column":22},"end":{"line":45,"column":1}},"2":{"start":{"line":5,"column":2},"end":{"line":44,"column":3}},"3":{"start":{"line":6,"column":29},"end":{"line":6,"column":37}},"4":{"start":{"line":7,"column":4},"end":{"line":9,"column":5}},"5":{"start":{"line":8,"column":6},"end":{"line":8,"column":75}},"6":{"start":{"line":10,"column":21},"end":{"line":10,"column":36}},"7":{"start":{"line":12,"column":23},"end":{"line":15,"column":5}},"8":{"start":{"line":16,"column":4},"end":{"line":18,"column":5}},"9":{"start":{"line":17,"column":6},"end":{"line":17,"column":77}},"10":{"start":{"line":19,"column":20},"end":{"line":19,"column":46}},"11":{"start":{"line":20,"column":4},"end":{"line":20,"column":38}},"12":{"start":{"line":21,"column":28},"end":{"line":24,"column":5}},"13":{"start":{"line":25,"column":4},"end":{"line":29,"column":5}},"14":{"start":{"line":26,"column":6},"end":{"line":28,"column":9}},"15":{"start":{"line":30,"column":26},"end":{"line":30,"column":59}},"16":{"start":{"line":32,"column":23},"end":{"line":37,"column":5}},"17":{"start":{"line":38,"column":4},"end":{"line":41,"column":7}},"18":{"start":{"line":43,"column":4},"end":{"line":43,"column":60}},"19":{"start":{"line":47,"column":30},"end":{"line":65,"column":1}},"20":{"start":{"line":48,"column":19},"end":{"line":48,"column":21}},"21":{"start":{"line":49,"column":17},"end":{"line":49,"column":22}},"22":{"start":{"line":51,"column":2},"end":{"line":62,"column":3}},"23":{"start":{"line":52,"column":4},"end":{"line":61,"column":5}},"24":{"start":{"line":52,"column":17},"end":{"line":52,"column":18}},"25":{"start":{"line":53,"column":6},"end":{"line":53,"column":51}},"26":{"start":{"line":54,"column":33},"end":{"line":57,"column":7}},"27":{"start":{"line":58,"column":6},"end":{"line":60,"column":7}},"28":{"start":{"line":59,"column":8},"end":{"line":59,"column":24}},"29":{"start":{"line":64,"column":2},"end":{"line":64,"column":20}},"30":{"start":{"line":68,"column":24},"end":{"line":101,"column":1}},"31":{"start":{"line":69,"column":2},"end":{"line":100,"column":3}},"32":{"start":{"line":70,"column":31},"end":{"line":70,"column":41}},"33":{"start":{"line":71,"column":22},"end":{"line":77,"column":5}},"34":{"start":{"line":78,"column":4},"end":{"line":80,"column":5}},"35":{"start":{"line":79,"column":6},"end":{"line":79,"column":68}},"36":{"start":{"line":82,"column":24},"end":{"line":82,"column":50}},"37":{"start":{"line":83,"column":25},"end":{"line":83,"column":27}},"38":{"start":{"line":84,"column":4},"end":{"line":89,"column":5}},"39":{"start":{"line":85,"column":24},"end":{"line":85,"column":38}},"40":{"start":{"line":86,"column":23},"end":{"line":86,"column":58}},"41":{"start":{"line":87,"column":20},"end":{"line":87,"column":54}},"42":{"start":{"line":88,"column":6},"end":{"line":88,"column":57}},"43":{"start":{"line":90,"column":4},"end":{"line":94,"column":7}},"44":{"start":{"line":96,"column":4},"end":{"line":96,"column":50}},"45":{"start":{"line":97,"column":4},"end":{"line":99,"column":63}},"46":{"start":{"line":104,"column":26},"end":{"line":155,"column":1}},"47":{"start":{"line":105,"column":2},"end":{"line":154,"column":3}},"48":{"start":{"line":106,"column":27},"end":{"line":106,"column":37}},"49":{"start":{"line":107,"column":26},"end":{"line":107,"column":41}},"50":{"start":{"line":108,"column":23},"end":{"line":111,"column":5}},"51":{"start":{"line":112,"column":4},"end":{"line":114,"column":5}},"52":{"start":{"line":113,"column":6},"end":{"line":113,"column":65}},"53":{"start":{"line":115,"column":20},"end":{"line":115,"column":46}},"54":{"start":{"line":116,"column":18},"end":{"line":139,"column":6}},"55":{"start":{"line":140,"column":21},"end":{"line":140,"column":58}},"56":{"start":{"line":141,"column":4},"end":{"line":143,"column":5}},"57":{"start":{"line":142,"column":6},"end":{"line":142,"column":68}},"58":{"start":{"line":145,"column":4},"end":{"line":148,"column":7}},"59":{"start":{"line":150,"column":4},"end":{"line":150,"column":66}},"60":{"start":{"line":151,"column":4},"end":{"line":153,"column":68}},"61":{"start":{"line":158,"column":30},"end":{"line":228,"column":1}},"62":{"start":{"line":159,"column":2},"end":{"line":227,"column":3}},"63":{"start":{"line":171,"column":20},"end":{"line":171,"column":40}},"64":{"start":{"line":173,"column":27},"end":{"line":173,"column":37}},"65":{"start":{"line":174,"column":48},"end":{"line":174,"column":57}},"66":{"start":{"line":176,"column":18},"end":{"line":176,"column":20}},"67":{"start":{"line":177,"column":19},"end":{"line":177,"column":42}},"68":{"start":{"line":178,"column":19},"end":{"line":191,"column":47}},"69":{"start":{"line":192,"column":22},"end":{"line":192,"column":24}},"70":{"start":{"line":193,"column":21},"end":{"line":193,"column":22}},"71":{"start":{"line":194,"column":4},"end":{"line":209,"column":5}},"72":{"start":{"line":195,"column":6},"end":{"line":195,"column":111}},"73":{"start":{"line":196,"column":6},"end":{"line":196,"column":39}},"74":{"start":{"line":198,"column":23},"end":{"line":201,"column":7}},"75":{"start":{"line":202,"column":6},"end":{"line":206,"column":7}},"76":{"start":{"line":203,"column":8},"end":{"line":205,"column":67}},"77":{"start":{"line":207,"column":6},"end":{"line":207,"column":114}},"78":{"start":{"line":208,"column":6},"end":{"line":208,"column":42}},"79":{"start":{"line":210,"column":4},"end":{"line":214,"column":5}},"80":{"start":{"line":211,"column":6},"end":{"line":211,"column":39}},"81":{"start":{"line":212,"column":11},"end":{"line":214,"column":5}},"82":{"start":{"line":213,"column":6},"end":{"line":213,"column":36}},"83":{"start":{"line":215,"column":4},"end":{"line":215,"column":93}},"84":{"start":{"line":216,"column":4},"end":{"line":216,"column":36}},"85":{"start":{"line":218,"column":19},"end":{"line":218,"column":58}},"86":{"start":{"line":219,"column":4},"end":{"line":223,"column":7}},"87":{"start":{"line":225,"column":4},"end":{"line":225,"column":50}},"88":{"start":{"line":226,"column":4},"end":{"line":226,"column":78}},"89":{"start":{"line":230,"column":29},"end":{"line":286,"column":1}},"90":{"start":{"line":231,"column":25},"end":{"line":231,"column":35}},"91":{"start":{"line":232,"column":24},"end":{"line":232,"column":39}},"92":{"start":{"line":233,"column":21},"end":{"line":236,"column":3}},"93":{"start":{"line":237,"column":2},"end":{"line":239,"column":3}},"94":{"start":{"line":238,"column":4},"end":{"line":238,"column":63}},"95":{"start":{"line":240,"column":18},"end":{"line":240,"column":44}},"96":{"start":{"line":244,"column":63},"end":{"line":244,"column":71}},"97":{"start":{"line":245,"column":17},"end":{"line":245,"column":47}},"98":{"start":{"line":246,"column":16},"end":{"line":246,"column":34}},"99":{"start":{"line":247,"column":18},"end":{"line":247,"column":38}},"100":{"start":{"line":248,"column":2},"end":{"line":252,"column":3}},"101":{"start":{"line":249,"column":4},"end":{"line":251,"column":63}},"102":{"start":{"line":253,"column":2},"end":{"line":257,"column":3}},"103":{"start":{"line":254,"column":4},"end":{"line":256,"column":77}},"104":{"start":{"line":258,"column":2},"end":{"line":262,"column":3}},"105":{"start":{"line":259,"column":4},"end":{"line":261,"column":72}},"106":{"start":{"line":263,"column":2},"end":{"line":285,"column":3}},"107":{"start":{"line":264,"column":25},"end":{"line":273,"column":3}},"108":{"start":{"line":274,"column":2},"end":{"line":276,"column":3}},"109":{"start":{"line":275,"column":4},"end":{"line":275,"column":75}},"110":{"start":{"line":277,"column":2},"end":{"line":280,"column":4}},"111":{"start":{"line":282,"column":4},"end":{"line":284,"column":66}},"112":{"start":{"line":288,"column":0},"end":{"line":294,"column":2}}},"fnMap":{"0":{"name":"(anonymous_0)","decl":{"start":{"line":4,"column":22},"end":{"line":4,"column":23}},"loc":{"start":{"line":4,"column":42},"end":{"line":45,"column":1}},"line":4},"1":{"name":"(anonymous_1)","decl":{"start":{"line":47,"column":30},"end":{"line":47,"column":31}},"loc":{"start":{"line":47,"column":46},"end":{"line":65,"column":1}},"line":47},"2":{"name":"(anonymous_2)","decl":{"start":{"line":68,"column":24},"end":{"line":68,"column":25}},"loc":{"start":{"line":68,"column":44},"end":{"line":101,"column":1}},"line":68},"3":{"name":"(anonymous_3)","decl":{"start":{"line":104,"column":26},"end":{"line":104,"column":27}},"loc":{"start":{"line":104,"column":46},"end":{"line":155,"column":1}},"line":104},"4":{"name":"(anonymous_4)","decl":{"start":{"line":158,"column":30},"end":{"line":158,"column":31}},"loc":{"start":{"line":158,"column":50},"end":{"line":228,"column":1}},"line":158},"5":{"name":"(anonymous_5)","decl":{"start":{"line":230,"column":29},"end":{"line":230,"column":30}},"loc":{"start":{"line":230,"column":49},"end":{"line":286,"column":1}},"line":230}},"branchMap":{"0":{"loc":{"start":{"line":7,"column":4},"end":{"line":9,"column":5}},"type":"if","locations":[{"start":{"line":7,"column":4},"end":{"line":9,"column":5}},{"start":{},"end":{}}],"line":7},"1":{"loc":{"start":{"line":16,"column":4},"end":{"line":18,"column":5}},"type":"if","locations":[{"start":{"line":16,"column":4},"end":{"line":18,"column":5}},{"start":{},"end":{}}],"line":16},"2":{"loc":{"start":{"line":25,"column":4},"end":{"line":29,"column":5}},"type":"if","locations":[{"start":{"line":25,"column":4},"end":{"line":29,"column":5}},{"start":{},"end":{}}],"line":25},"3":{"loc":{"start":{"line":58,"column":6},"end":{"line":60,"column":7}},"type":"if","locations":[{"start":{"line":58,"column":6},"end":{"line":60,"column":7}},{"start":{},"end":{}}],"line":58},"4":{"loc":{"start":{"line":78,"column":4},"end":{"line":80,"column":5}},"type":"if","locations":[{"start":{"line":78,"column":4},"end":{"line":80,"column":5}},{"start":{},"end":{}}],"line":78},"5":{"loc":{"start":{"line":84,"column":4},"end":{"line":89,"column":5}},"type":"if","locations":[{"start":{"line":84,"column":4},"end":{"line":89,"column":5}},{"start":{},"end":{}}],"line":84},"6":{"loc":{"start":{"line":112,"column":4},"end":{"line":114,"column":5}},"type":"if","locations":[{"start":{"line":112,"column":4},"end":{"line":114,"column":5}},{"start":{},"end":{}}],"line":112},"7":{"loc":{"start":{"line":141,"column":4},"end":{"line":143,"column":5}},"type":"if","locations":[{"start":{"line":141,"column":4},"end":{"line":143,"column":5}},{"start":{},"end":{}}],"line":141},"8":{"loc":{"start":{"line":174,"column":19},"end":{"line":174,"column":27}},"type":"default-arg","locations":[{"start":{"line":174,"column":26},"end":{"line":174,"column":27}}],"line":174},"9":{"loc":{"start":{"line":174,"column":29},"end":{"line":174,"column":43}},"type":"default-arg","locations":[{"start":{"line":174,"column":38},"end":{"line":174,"column":43}}],"line":174},"10":{"loc":{"start":{"line":194,"column":4},"end":{"line":209,"column":5}},"type":"if","locations":[{"start":{"line":194,"column":4},"end":{"line":209,"column":5}},{"start":{"line":197,"column":11},"end":{"line":209,"column":5}}],"line":194},"11":{"loc":{"start":{"line":202,"column":6},"end":{"line":206,"column":7}},"type":"if","locations":[{"start":{"line":202,"column":6},"end":{"line":206,"column":7}},{"start":{},"end":{}}],"line":202},"12":{"loc":{"start":{"line":210,"column":4},"end":{"line":214,"column":5}},"type":"if","locations":[{"start":{"line":210,"column":4},"end":{"line":214,"column":5}},{"start":{"line":212,"column":11},"end":{"line":214,"column":5}}],"line":210},"13":{"loc":{"start":{"line":212,"column":11},"end":{"line":214,"column":5}},"type":"if","locations":[{"start":{"line":212,"column":11},"end":{"line":214,"column":5}},{"start":{},"end":{}}],"line":212},"14":{"loc":{"start":{"line":222,"column":16},"end":{"line":222,"column":70}},"type":"cond-expr","locations":[{"start":{"line":222,"column":47},"end":{"line":222,"column":63}},{"start":{"line":222,"column":66},"end":{"line":222,"column":70}}],"line":222},"15":{"loc":{"start":{"line":237,"column":2},"end":{"line":239,"column":3}},"type":"if","locations":[{"start":{"line":237,"column":2},"end":{"line":239,"column":3}},{"start":{},"end":{}}],"line":237},"16":{"loc":{"start":{"line":248,"column":2},"end":{"line":252,"column":3}},"type":"if","locations":[{"start":{"line":248,"column":2},"end":{"line":252,"column":3}},{"start":{},"end":{}}],"line":248},"17":{"loc":{"start":{"line":248,"column":6},"end":{"line":248,"column":47}},"type":"binary-expr","locations":[{"start":{"line":248,"column":6},"end":{"line":248,"column":17}},{"start":{"line":248,"column":21},"end":{"line":248,"column":31}},{"start":{"line":248,"column":35},"end":{"line":248,"column":47}}],"line":248},"18":{"loc":{"start":{"line":253,"column":2},"end":{"line":257,"column":3}},"type":"if","locations":[{"start":{"line":253,"column":2},"end":{"line":257,"column":3}},{"start":{},"end":{}}],"line":253},"19":{"loc":{"start":{"line":258,"column":2},"end":{"line":262,"column":3}},"type":"if","locations":[{"start":{"line":258,"column":2},"end":{"line":262,"column":3}},{"start":{},"end":{}}],"line":258},"20":{"loc":{"start":{"line":274,"column":2},"end":{"line":276,"column":3}},"type":"if","locations":[{"start":{"line":274,"column":2},"end":{"line":276,"column":3}},{"start":{},"end":{}}],"line":274}},"s":{"0":1,"1":1,"2":0,"3":0,"4":0,"5":0,"6":0,"7":0,"8":0,"9":0,"10":0,"11":0,"12":0,"13":0,"14":0,"15":0,"16":0,"17":0,"18":0,"19":1,"20":0,"21":0,"22":0,"23":0,"24":0,"25":0,"26":0,"27":0,"28":0,"29":0,"30":1,"31":0,"32":0,"33":0,"34":0,"35":0,"36":0,"37":0,"38":0,"39":0,"40":0,"41":0,"42":0,"43":0,"44":0,"45":0,"46":1,"47":0,"48":0,"49":0,"50":0,"51":0,"52":0,"53":0,"54":0,"55":0,"56":0,"57":0,"58":0,"59":0,"60":0,"61":1,"62":0,"63":0,"64":0,"65":0,"66":0,"67":0,"68":0,"69":0,"70":0,"71":0,"72":0,"73":0,"74":0,"75":0,"76":0,"77":0,"78":0,"79":0,"80":0,"81":0,"82":0,"83":0,"84":0,"85":0,"86":0,"87":0,"88":0,"89":1,"90":0,"91":0,"92":0,"93":0,"94":0,"95":0,"96":0,"97":0,"98":0,"99":0,"100":0,"101":0,"102":0,"103":0,"104":0,"105":0,"106":0,"107":0,"108":0,"109":0,"110":0,"111":0,"112":1},"f":{"0":0,"1":0,"2":0,"3":0,"4":0,"5":0},"b":{"0":[0,0],"1":[0,0],"2":[0,0],"3":[0,0],"4":[0,0],"5":[0,0],"6":[0,0],"7":[0,0],"8":[0],"9":[0],"10":[0,0],"11":[0,0],"12":[0,0],"13":[0,0],"14":[0,0],"15":[0,0],"16":[0,0],"17":[0,0,0],"18":[0,0],"19":[0,0],"20":[0,0]},"_coverageSchema":"1a1c01bbd47fc00a2c39e90264f33305004495a9","hash":"c260bb0cd5035dc31254f886246d1622b057002f"}
,"C:\\Personal Projects\\yan_bank\\backend\\src\\controllers\\chartController.js": {"path":"C:\\Personal Projects\\yan_bank\\backend\\src\\controllers\\chartController.js","statementMap":{"0":{"start":{"line":1,"column":16},"end":{"line":1,"column":34}},"1":{"start":{"line":2,"column":15},"end":{"line":2,"column":31}},"2":{"start":{"line":3,"column":13},"end":{"line":3,"column":32}},"3":{"start":{"line":4,"column":21},"end":{"line":126,"column":1}},"4":{"start":{"line":5,"column":2},"end":{"line":125,"column":3}},"5":{"start":{"line":6,"column":26},"end":{"line":6,"column":41}},"6":{"start":{"line":7,"column":58},"end":{"line":7,"column":67}},"7":{"start":{"line":9,"column":23},"end":{"line":12,"column":5}},"8":{"start":{"line":13,"column":4},"end":{"line":15,"column":5}},"9":{"start":{"line":14,"column":6},"end":{"line":14,"column":65}},"10":{"start":{"line":16,"column":20},"end":{"line":16,"column":46}},"11":{"start":{"line":18,"column":4},"end":{"line":20,"column":5}},"12":{"start":{"line":19,"column":6},"end":{"line":19,"column":72}},"13":{"start":{"line":23,"column":25},"end":{"line":23,"column":26}},"14":{"start":{"line":24,"column":23},"end":{"line":24,"column":25}},"15":{"start":{"line":25,"column":24},"end":{"line":25,"column":26}},"16":{"start":{"line":27,"column":4},"end":{"line":44,"column":5}},"17":{"start":{"line":28,"column":28},"end":{"line":31,"column":7}},"18":{"start":{"line":32,"column":6},"end":{"line":32,"column":72}},"19":{"start":{"line":33,"column":6},"end":{"line":33,"column":80}},"20":{"start":{"line":34,"column":6},"end":{"line":34,"column":52}},"21":{"start":{"line":36,"column":28},"end":{"line":39,"column":7}},"22":{"start":{"line":41,"column":6},"end":{"line":41,"column":66}},"23":{"start":{"line":42,"column":6},"end":{"line":42,"column":28}},"24":{"start":{"line":43,"column":6},"end":{"line":43,"column":55}},"25":{"start":{"line":45,"column":30},"end":{"line":53,"column":5}},"26":{"start":{"line":54,"column":25},"end":{"line":54,"column":47}},"27":{"start":{"line":57,"column":22},"end":{"line":57,"column":36}},"28":{"start":{"line":58,"column":20},"end":{"line":58,"column":22}},"29":{"start":{"line":59,"column":4},"end":{"line":113,"column":5}},"30":{"start":{"line":60,"column":27},"end":{"line":60,"column":48}},"31":{"start":{"line":61,"column":26},"end":{"line":61,"column":50}},"32":{"start":{"line":63,"column":39},"end":{"line":63,"column":41}},"33":{"start":{"line":64,"column":6},"end":{"line":69,"column":9}},"34":{"start":{"line":65,"column":18},"end":{"line":65,"column":51}},"35":{"start":{"line":67,"column":8},"end":{"line":68,"column":64}},"36":{"start":{"line":71,"column":6},"end":{"line":82,"column":7}},"37":{"start":{"line":71,"column":19},"end":{"line":71,"column":21}},"38":{"start":{"line":72,"column":28},"end":{"line":72,"column":76}},"39":{"start":{"line":74,"column":8},"end":{"line":81,"column":9}},"40":{"start":{"line":75,"column":10},"end":{"line":75,"column":66}},"41":{"start":{"line":77,"column":10},"end":{"line":77,"column":73}},"42":{"start":{"line":78,"column":10},"end":{"line":80,"column":11}},"43":{"start":{"line":79,"column":12},"end":{"line":79,"column":55}},"44":{"start":{"line":84,"column":32},"end":{"line":84,"column":34}},"45":{"start":{"line":85,"column":6},"end":{"line":91,"column":9}},"46":{"start":{"line":86,"column":24},"end":{"line":86,"column":74}},"47":{"start":{"line":87,"column":8},"end":{"line":89,"column":9}},"48":{"start":{"line":88,"column":10},"end":{"line":88,"column":42}},"49":{"start":{"line":90,"column":8},"end":{"line":90,"column":58}},"50":{"start":{"line":92,"column":27},"end":{"line":92,"column":29}},"51":{"start":{"line":93,"column":24},"end":{"line":93,"column":43}},"52":{"start":{"line":94,"column":24},"end":{"line":94,"column":41}},"53":{"start":{"line":96,"column":6},"end":{"line":99,"column":7}},"54":{"start":{"line":97,"column":8},"end":{"line":97,"column":67}},"55":{"start":{"line":98,"column":8},"end":{"line":98,"column":55}},"56":{"start":{"line":101,"column":6},"end":{"line":112,"column":7}},"57":{"start":{"line":101,"column":19},"end":{"line":101,"column":42}},"58":{"start":{"line":102,"column":21},"end":{"line":102,"column":36}},"59":{"start":{"line":103,"column":8},"end":{"line":106,"column":11}},"60":{"start":{"line":107,"column":8},"end":{"line":111,"column":9}},"61":{"start":{"line":108,"column":10},"end":{"line":110,"column":13}},"62":{"start":{"line":109,"column":12},"end":{"line":109,"column":47}},"63":{"start":{"line":116,"column":4},"end":{"line":119,"column":7}},"64":{"start":{"line":121,"column":4},"end":{"line":121,"column":49}},"65":{"start":{"line":122,"column":4},"end":{"line":124,"column":61}},"66":{"start":{"line":127,"column":0},"end":{"line":127,"column":34}}},"fnMap":{"0":{"name":"(anonymous_0)","decl":{"start":{"line":4,"column":21},"end":{"line":4,"column":22}},"loc":{"start":{"line":4,"column":41},"end":{"line":126,"column":1}},"line":4},"1":{"name":"(anonymous_1)","decl":{"start":{"line":64,"column":27},"end":{"line":64,"column":28}},"loc":{"start":{"line":64,"column":34},"end":{"line":69,"column":7}},"line":64},"2":{"name":"(anonymous_2)","decl":{"start":{"line":85,"column":27},"end":{"line":85,"column":28}},"loc":{"start":{"line":85,"column":34},"end":{"line":91,"column":7}},"line":85},"3":{"name":"(anonymous_3)","decl":{"start":{"line":108,"column":42},"end":{"line":108,"column":43}},"loc":{"start":{"line":108,"column":54},"end":{"line":110,"column":11}},"line":108}},"branchMap":{"0":{"loc":{"start":{"line":13,"column":4},"end":{"line":15,"column":5}},"type":"if","locations":[{"start":{"line":13,"column":4},"end":{"line":15,"column":5}},{"start":{},"end":{}}],"line":13},"1":{"loc":{"start":{"line":18,"column":4},"end":{"line":20,"column":5}},"type":"if","locations":[{"start":{"line":18,"column":4},"end":{"line":20,"column":5}},{"start":{},"end":{}}],"line":18},"2":{"loc":{"start":{"line":18,"column":8},"end":{"line":18,"column":30}},"type":"binary-expr","locations":[{"start":{"line":18,"column":8},"end":{"line":18,"column":18}},{"start":{"line":18,"column":22},"end":{"line":18,"column":30}}],"line":18},"3":{"loc":{"start":{"line":27,"column":4},"end":{"line":44,"column":5}},"type":"if","locations":[{"start":{"line":27,"column":4},"end":{"line":44,"column":5}},{"start":{"line":35,"column":11},"end":{"line":44,"column":5}}],"line":27},"4":{"loc":{"start":{"line":32,"column":23},"end":{"line":32,"column":71}},"type":"binary-expr","locations":[{"start":{"line":32,"column":23},"end":{"line":32,"column":66}},{"start":{"line":32,"column":70},"end":{"line":32,"column":71}}],"line":32},"5":{"loc":{"start":{"line":41,"column":23},"end":{"line":41,"column":65}},"type":"binary-expr","locations":[{"start":{"line":41,"column":23},"end":{"line":41,"column":60}},{"start":{"line":41,"column":64},"end":{"line":41,"column":65}}],"line":41},"6":{"loc":{"start":{"line":59,"column":4},"end":{"line":113,"column":5}},"type":"if","locations":[{"start":{"line":59,"column":4},"end":{"line":113,"column":5}},{"start":{"line":83,"column":11},"end":{"line":113,"column":5}}],"line":59},"7":{"loc":{"start":{"line":68,"column":11},"end":{"line":68,"column":43}},"type":"binary-expr","locations":[{"start":{"line":68,"column":11},"end":{"line":68,"column":38}},{"start":{"line":68,"column":42},"end":{"line":68,"column":43}}],"line":68},"8":{"loc":{"start":{"line":74,"column":8},"end":{"line":81,"column":9}},"type":"if","locations":[{"start":{"line":74,"column":8},"end":{"line":81,"column":9}},{"start":{"line":76,"column":15},"end":{"line":81,"column":9}}],"line":74},"9":{"loc":{"start":{"line":78,"column":10},"end":{"line":80,"column":11}},"type":"if","locations":[{"start":{"line":78,"column":10},"end":{"line":80,"column":11}},{"start":{},"end":{}}],"line":78},"10":{"loc":{"start":{"line":87,"column":8},"end":{"line":89,"column":9}},"type":"if","locations":[{"start":{"line":87,"column":8},"end":{"line":89,"column":9}},{"start":{},"end":{}}],"line":87},"11":{"loc":{"start":{"line":107,"column":8},"end":{"line":111,"column":9}},"type":"if","locations":[{"start":{"line":107,"column":8},"end":{"line":111,"column":9}},{"start":{},"end":{}}],"line":107}},"s":{"0":1,"1":1,"2":1,"3":1,"4":0,"5":0,"6":0,"7":0,"8":0,"9":0,"10":0,"11":0,"12":0,"13":0,"14":0,"15":0,"16":0,"17":0,"18":0,"19":0,"20":0,"21":0,"22":0,"23":0,"24":0,"25":0,"26":0,"27":0,"28":0,"29":0,"30":0,"31":0,"32":0,"33":0,"34":0,"35":0,"36":0,"37":0,"38":0,"39":0,"40":0,"41":0,"42":0,"43":0,"44":0,"45":0,"46":0,"47":0,"48":0,"49":0,"50":0,"51":0,"52":0,"53":0,"54":0,"55":0,"56":0,"57":0,"58":0,"59":0,"60":0,"61":0,"62":0,"63":0,"64":0,"65":0,"66":1},"f":{"0":0,"1":0,"2":0,"3":0},"b":{"0":[0,0],"1":[0,0],"2":[0,0],"3":[0,0],"4":[0,0],"5":[0,0],"6":[0,0],"7":[0,0],"8":[0,0],"9":[0,0],"10":[0,0],"11":[0,0]},"_coverageSchema":"1a1c01bbd47fc00a2c39e90264f33305004495a9","hash":"f674d85f6ee65233f648a274ef0074120830ff45"}
,"C:\\Personal Projects\\yan_bank\\backend\\src\\controllers\\dashboardController.js": {"path":"C:\\Personal Projects\\yan_bank\\backend\\src\\controllers\\dashboardController.js","statementMap":{"0":{"start":{"line":1,"column":13},"end":{"line":1,"column":32}},"1":{"start":{"line":3,"column":25},"end":{"line":114,"column":1}},"2":{"start":{"line":4,"column":2},"end":{"line":113,"column":3}},"3":{"start":{"line":5,"column":26},"end":{"line":5,"column":41}},"4":{"start":{"line":7,"column":23},"end":{"line":10,"column":5}},"5":{"start":{"line":11,"column":4},"end":{"line":13,"column":5}},"6":{"start":{"line":12,"column":6},"end":{"line":12,"column":65}},"7":{"start":{"line":14,"column":20},"end":{"line":14,"column":46}},"8":{"start":{"line":15,"column":27},"end":{"line":18,"column":5}},"9":{"start":{"line":19,"column":21},"end":{"line":19,"column":40}},"10":{"start":{"line":21,"column":23},"end":{"line":21,"column":26}},"11":{"start":{"line":22,"column":4},"end":{"line":24,"column":5}},"12":{"start":{"line":23,"column":6},"end":{"line":23,"column":40}},"13":{"start":{"line":27,"column":30},"end":{"line":41,"column":5}},"14":{"start":{"line":42,"column":31},"end":{"line":42,"column":53}},"15":{"start":{"line":44,"column":25},"end":{"line":72,"column":5}},"16":{"start":{"line":73,"column":18},"end":{"line":78,"column":5}},"17":{"start":{"line":80,"column":27},"end":{"line":86,"column":5}},"18":{"start":{"line":81,"column":6},"end":{"line":81,"column":63}},"19":{"start":{"line":81,"column":34},"end":{"line":81,"column":63}},"20":{"start":{"line":82,"column":6},"end":{"line":85,"column":19}},"21":{"start":{"line":88,"column":24},"end":{"line":91,"column":5}},"22":{"start":{"line":92,"column":26},"end":{"line":95,"column":5}},"23":{"start":{"line":96,"column":4},"end":{"line":107,"column":7}},"24":{"start":{"line":109,"column":4},"end":{"line":109,"column":53}},"25":{"start":{"line":110,"column":4},"end":{"line":112,"column":65}},"26":{"start":{"line":116,"column":0},"end":{"line":116,"column":38}}},"fnMap":{"0":{"name":"(anonymous_0)","decl":{"start":{"line":3,"column":25},"end":{"line":3,"column":26}},"loc":{"start":{"line":3,"column":45},"end":{"line":114,"column":1}},"line":3},"1":{"name":"(anonymous_1)","decl":{"start":{"line":80,"column":27},"end":{"line":80,"column":28}},"loc":{"start":{"line":80,"column":50},"end":{"line":86,"column":5}},"line":80}},"branchMap":{"0":{"loc":{"start":{"line":11,"column":4},"end":{"line":13,"column":5}},"type":"if","locations":[{"start":{"line":11,"column":4},"end":{"line":13,"column":5}},{"start":{},"end":{}}],"line":11},"1":{"loc":{"start":{"line":73,"column":18},"end":{"line":78,"column":5}},"type":"binary-expr","locations":[{"start":{"line":73,"column":18},"end":{"line":73,"column":38}},{"start":{"line":73,"column":42},"end":{"line":78,"column":5}}],"line":73},"2":{"loc":{"start":{"line":81,"column":6},"end":{"line":81,"column":63}},"type":"if","locations":[{"start":{"line":81,"column":6},"end":{"line":81,"column":63}},{"start":{},"end":{}}],"line":81},"3":{"loc":{"start":{"line":81,"column":41},"end":{"line":81,"column":62}},"type":"cond-expr","locations":[{"start":{"line":81,"column":55},"end":{"line":81,"column":58}},{"start":{"line":81,"column":61},"end":{"line":81,"column":62}}],"line":81}},"s":{"0":1,"1":1,"2":0,"3":0,"4":0,"5":0,"6":0,"7":0,"8":0,"9":0,"10":0,"11":0,"12":0,"13":0,"14":0,"15":0,"16":0,"17":0,"18":0,"19":0,"20":0,"21":0,"22":0,"23":0,"24":0,"25":0,"26":1},"f":{"0":0,"1":0},"b":{"0":[0,0],"1":[0,0],"2":[0,0],"3":[0,0]},"_coverageSchema":"1a1c01bbd47fc00a2c39e90264f33305004495a9","hash":"d511bf4294b335386c06f67e1534b59e2ecf68b5"}
,"C:\\Personal Projects\\yan_bank\\backend\\src\\controllers\\profileController.js": {"path":"C:\\Personal Projects\\yan_bank\\backend\\src\\controllers\\profileController.js","statementMap":{"0":{"start":{"line":1,"column":21},"end":{"line":1,"column":37}},"1":{"start":{"line":2,"column":13},"end":{"line":2,"column":32}},"2":{"start":{"line":3,"column":22},"end":{"line":95,"column":1}},"3":{"start":{"line":4,"column":2},"end":{"line":94,"column":3}},"4":{"start":{"line":5,"column":26},"end":{"line":5,"column":41}},"5":{"start":{"line":6,"column":23},"end":{"line":9,"column":5}},"6":{"start":{"line":10,"column":4},"end":{"line":12,"column":5}},"7":{"start":{"line":11,"column":6},"end":{"line":11,"column":65}},"8":{"start":{"line":13,"column":20},"end":{"line":13,"column":46}},"9":{"start":{"line":28,"column":8},"end":{"line":28,"column":16}},"10":{"start":{"line":29,"column":4},"end":{"line":43,"column":5}},"11":{"start":{"line":42,"column":6},"end":{"line":42,"column":75}},"12":{"start":{"line":44,"column":4},"end":{"line":48,"column":5}},"13":{"start":{"line":45,"column":6},"end":{"line":47,"column":63}},"14":{"start":{"line":50,"column":22},"end":{"line":50,"column":35}},"15":{"start":{"line":51,"column":18},"end":{"line":51,"column":28}},"16":{"start":{"line":52,"column":14},"end":{"line":52,"column":59}},"17":{"start":{"line":53,"column":14},"end":{"line":53,"column":53}},"18":{"start":{"line":54,"column":4},"end":{"line":56,"column":5}},"19":{"start":{"line":55,"column":6},"end":{"line":55,"column":12}},"20":{"start":{"line":57,"column":4},"end":{"line":61,"column":5}},"21":{"start":{"line":58,"column":6},"end":{"line":60,"column":9}},"22":{"start":{"line":63,"column":38},"end":{"line":83,"column":5}},"23":{"start":{"line":85,"column":4},"end":{"line":88,"column":7}},"24":{"start":{"line":90,"column":4},"end":{"line":90,"column":61}},"25":{"start":{"line":91,"column":4},"end":{"line":93,"column":74}},"26":{"start":{"line":96,"column":27},"end":{"line":117,"column":1}},"27":{"start":{"line":97,"column":2},"end":{"line":116,"column":3}},"28":{"start":{"line":98,"column":26},"end":{"line":98,"column":41}},"29":{"start":{"line":99,"column":21},"end":{"line":105,"column":5}},"30":{"start":{"line":106,"column":4},"end":{"line":108,"column":5}},"31":{"start":{"line":107,"column":6},"end":{"line":107,"column":75}},"32":{"start":{"line":109,"column":23},"end":{"line":109,"column":50}},"33":{"start":{"line":110,"column":4},"end":{"line":112,"column":7}},"34":{"start":{"line":114,"column":4},"end":{"line":114,"column":68}},"35":{"start":{"line":115,"column":4},"end":{"line":115,"column":77}},"36":{"start":{"line":118,"column":23},"end":{"line":136,"column":1}},"37":{"start":{"line":119,"column":2},"end":{"line":135,"column":3}},"38":{"start":{"line":120,"column":26},"end":{"line":120,"column":41}},"39":{"start":{"line":121,"column":21},"end":{"line":127,"column":5}},"40":{"start":{"line":128,"column":4},"end":{"line":130,"column":5}},"41":{"start":{"line":129,"column":6},"end":{"line":129,"column":75}},"42":{"start":{"line":131,"column":4},"end":{"line":131,"column":41}},"43":{"start":{"line":133,"column":4},"end":{"line":133,"column":68}},"44":{"start":{"line":134,"column":4},"end":{"line":134,"column":77}},"45":{"start":{"line":137,"column":24},"end":{"line":170,"column":1}},"46":{"start":{"line":138,"column":24},"end":{"line":138,"column":39}},"47":{"start":{"line":139,"column":50},"end":{"line":139,"column":58}},"48":{"start":{"line":140,"column":2},"end":{"line":142,"column":3}},"49":{"start":{"line":141,"column":4},"end":{"line":141,"column":60}},"50":{"start":{"line":143,"column":2},"end":{"line":169,"column":3}},"51":{"start":{"line":144,"column":21},"end":{"line":154,"column":5}},"52":{"start":{"line":155,"column":4},"end":{"line":159,"column":5}},"53":{"start":{"line":156,"column":6},"end":{"line":158,"column":68}},"54":{"start":{"line":160,"column":4},"end":{"line":163,"column":7}},"55":{"start":{"line":165,"column":4},"end":{"line":165,"column":71}},"56":{"start":{"line":166,"column":4},"end":{"line":168,"column":68}},"57":{"start":{"line":171,"column":22},"end":{"line":223,"column":1}},"58":{"start":{"line":172,"column":24},"end":{"line":172,"column":39}},"59":{"start":{"line":180,"column":6},"end":{"line":180,"column":14}},"60":{"start":{"line":181,"column":2},"end":{"line":183,"column":3}},"61":{"start":{"line":182,"column":4},"end":{"line":182,"column":60}},"62":{"start":{"line":184,"column":2},"end":{"line":222,"column":3}},"63":{"start":{"line":185,"column":21},"end":{"line":207,"column":5}},"64":{"start":{"line":208,"column":4},"end":{"line":212,"column":5}},"65":{"start":{"line":209,"column":6},"end":{"line":211,"column":68}},"66":{"start":{"line":213,"column":4},"end":{"line":216,"column":7}},"67":{"start":{"line":218,"column":4},"end":{"line":218,"column":73}},"68":{"start":{"line":219,"column":4},"end":{"line":221,"column":70}},"69":{"start":{"line":224,"column":0},"end":{"line":230,"column":2}}},"fnMap":{"0":{"name":"(anonymous_0)","decl":{"start":{"line":3,"column":22},"end":{"line":3,"column":23}},"loc":{"start":{"line":3,"column":42},"end":{"line":95,"column":1}},"line":3},"1":{"name":"(anonymous_1)","decl":{"start":{"line":96,"column":27},"end":{"line":96,"column":28}},"loc":{"start":{"line":96,"column":47},"end":{"line":117,"column":1}},"line":96},"2":{"name":"(anonymous_2)","decl":{"start":{"line":118,"column":23},"end":{"line":118,"column":24}},"loc":{"start":{"line":118,"column":43},"end":{"line":136,"column":1}},"line":118},"3":{"name":"(anonymous_3)","decl":{"start":{"line":137,"column":24},"end":{"line":137,"column":25}},"loc":{"start":{"line":137,"column":44},"end":{"line":170,"column":1}},"line":137},"4":{"name":"(anonymous_4)","decl":{"start":{"line":171,"column":22},"end":{"line":171,"column":23}},"loc":{"start":{"line":171,"column":42},"end":{"line":223,"column":1}},"line":171}},"branchMap":{"0":{"loc":{"start":{"line":10,"column":4},"end":{"line":12,"column":5}},"type":"if","locations":[{"start":{"line":10,"column":4},"end":{"line":12,"column":5}},{"start":{},"end":{}}],"line":10},"1":{"loc":{"start":{"line":21,"column":6},"end":{"line":21,"column":27}},"type":"default-arg","locations":[{"start":{"line":21,"column":22},"end":{"line":21,"column":27}}],"line":21},"2":{"loc":{"start":{"line":29,"column":4},"end":{"line":43,"column":5}},"type":"if","locations":[{"start":{"line":29,"column":4},"end":{"line":43,"column":5}},{"start":{},"end":{}}],"line":29},"3":{"loc":{"start":{"line":30,"column":6},"end":{"line":40,"column":21}},"type":"binary-expr","locations":[{"start":{"line":30,"column":6},"end":{"line":30,"column":16}},{"start":{"line":31,"column":6},"end":{"line":31,"column":15}},{"start":{"line":32,"column":6},"end":{"line":32,"column":10}},{"start":{"line":33,"column":6},"end":{"line":33,"column":20}},{"start":{"line":34,"column":6},"end":{"line":34,"column":11}},{"start":{"line":35,"column":6},"end":{"line":35,"column":13}},{"start":{"line":36,"column":6},"end":{"line":36,"column":18}},{"start":{"line":37,"column":6},"end":{"line":37,"column":14}},{"start":{"line":38,"column":6},"end":{"line":38,"column":12}},{"start":{"line":39,"column":6},"end":{"line":39,"column":23}},{"start":{"line":40,"column":6},"end":{"line":40,"column":21}}],"line":30},"4":{"loc":{"start":{"line":44,"column":4},"end":{"line":48,"column":5}},"type":"if","locations":[{"start":{"line":44,"column":4},"end":{"line":48,"column":5}},{"start":{},"end":{}}],"line":44},"5":{"loc":{"start":{"line":54,"column":4},"end":{"line":56,"column":5}},"type":"if","locations":[{"start":{"line":54,"column":4},"end":{"line":56,"column":5}},{"start":{},"end":{}}],"line":54},"6":{"loc":{"start":{"line":54,"column":8},"end":{"line":54,"column":67}},"type":"binary-expr","locations":[{"start":{"line":54,"column":8},"end":{"line":54,"column":13}},{"start":{"line":54,"column":18},"end":{"line":54,"column":25}},{"start":{"line":54,"column":29},"end":{"line":54,"column":66}}],"line":54},"7":{"loc":{"start":{"line":57,"column":4},"end":{"line":61,"column":5}},"type":"if","locations":[{"start":{"line":57,"column":4},"end":{"line":61,"column":5}},{"start":{},"end":{}}],"line":57},"8":{"loc":{"start":{"line":106,"column":4},"end":{"line":108,"column":5}},"type":"if","locations":[{"start":{"line":106,"column":4},"end":{"line":108,"column":5}},{"start":{},"end":{}}],"line":106},"9":{"loc":{"start":{"line":128,"column":4},"end":{"line":130,"column":5}},"type":"if","locations":[{"start":{"line":128,"column":4},"end":{"line":130,"column":5}},{"start":{},"end":{}}],"line":128},"10":{"loc":{"start":{"line":140,"column":2},"end":{"line":142,"column":3}},"type":"if","locations":[{"start":{"line":140,"column":2},"end":{"line":142,"column":3}},{"start":{},"end":{}}],"line":140},"11":{"loc":{"start":{"line":140,"column":6},"end":{"line":140,"column":45}},"type":"binary-expr","locations":[{"start":{"line":140,"column":6},"end":{"line":140,"column":24}},{"start":{"line":140,"column":28},"end":{"line":140,"column":45}}],"line":140},"12":{"loc":{"start":{"line":155,"column":4},"end":{"line":159,"column":5}},"type":"if","locations":[{"start":{"line":155,"column":4},"end":{"line":159,"column":5}},{"start":{},"end":{}}],"line":155},"13":{"loc":{"start":{"line":181,"column":2},"end":{"line":183,"column":3}},"type":"if","locations":[{"start":{"line":181,"column":2},"end":{"line":183,"column":3}},{"start":{},"end":{}}],"line":181},"14":{"loc":{"start":{"line":181,"column":6},"end":{"line":181,"column":75}},"type":"binary-expr","locations":[{"start":{"line":181,"column":6},"end":{"line":181,"column":21}},{"start":{"line":181,"column":25},"end":{"line":181,"column":30}},{"start":{"line":181,"column":34},"end":{"line":181,"column":46}},{"start":{"line":181,"column":50},"end":{"line":181,"column":58}},{"start":{"line":181,"column":62},"end":{"line":181,"column":75}}],"line":181},"15":{"loc":{"start":{"line":208,"column":4},"end":{"line":212,"column":5}},"type":"if","locations":[{"start":{"line":208,"column":4},"end":{"line":212,"column":5}},{"start":{},"end":{}}],"line":208}},"s":{"0":1,"1":1,"2":1,"3":0,"4":0,"5":0,"6":0,"7":0,"8":0,"9":0,"10":0,"11":0,"12":0,"13":0,"14":0,"15":0,"16":0,"17":0,"18":0,"19":0,"20":0,"21":0,"22":0,"23":0,"24":0,"25":0,"26":1,"27":0,"28":0,"29":0,"30":0,"31":0,"32":0,"33":0,"34":0,"35":0,"36":1,"37":0,"38":0,"39":0,"40":0,"41":0,"42":0,"43":0,"44":0,"45":1,"46":0,"47":0,"48":0,"49":0,"50":0,"51":0,"52":0,"53":0,"54":0,"55":0,"56":0,"57":1,"58":0,"59":0,"60":0,"61":0,"62":0,"63":0,"64":0,"65":0,"66":0,"67":0,"68":0,"69":1},"f":{"0":0,"1":0,"2":0,"3":0,"4":0},"b":{"0":[0,0],"1":[0],"2":[0,0],"3":[0,0,0,0,0,0,0,0,0,0,0],"4":[0,0],"5":[0,0],"6":[0,0,0],"7":[0,0],"8":[0,0],"9":[0,0],"10":[0,0],"11":[0,0],"12":[0,0],"13":[0,0],"14":[0,0,0,0,0],"15":[0,0]},"_coverageSchema":"1a1c01bbd47fc00a2c39e90264f33305004495a9","hash":"6689c05609056fe5d8c25362603851a2ba2d8ef6"}
,"C:\\Personal Projects\\yan_bank\\backend\\src\\controllers\\transactionController.js": {"path":"C:\\Personal Projects\\yan_bank\\backend\\src\\controllers\\transactionController.js","statementMap":{"0":{"start":{"line":1,"column":13},"end":{"line":1,"column":32}},"1":{"start":{"line":3,"column":21},"end":{"line":78,"column":1}},"2":{"start":{"line":4,"column":60},"end":{"line":4,"column":68}},"3":{"start":{"line":5,"column":24},"end":{"line":5,"column":39}},"4":{"start":{"line":7,"column":21},"end":{"line":10,"column":3}},"5":{"start":{"line":11,"column":2},"end":{"line":13,"column":3}},"6":{"start":{"line":12,"column":4},"end":{"line":12,"column":63}},"7":{"start":{"line":14,"column":18},"end":{"line":14,"column":44}},"8":{"start":{"line":16,"column":2},"end":{"line":20,"column":3}},"9":{"start":{"line":17,"column":4},"end":{"line":19,"column":7}},"10":{"start":{"line":21,"column":17},"end":{"line":21,"column":37}},"11":{"start":{"line":22,"column":2},"end":{"line":77,"column":3}},"12":{"start":{"line":23,"column":4},"end":{"line":23,"column":32}},"13":{"start":{"line":24,"column":25},"end":{"line":27,"column":5}},"14":{"start":{"line":28,"column":4},"end":{"line":34,"column":5}},"15":{"start":{"line":29,"column":20},"end":{"line":31,"column":7}},"16":{"start":{"line":32,"column":6},"end":{"line":32,"column":29}},"17":{"start":{"line":33,"column":6},"end":{"line":33,"column":18}},"18":{"start":{"line":35,"column":26},"end":{"line":41,"column":5}},"19":{"start":{"line":43,"column":29},"end":{"line":43,"column":47}},"20":{"start":{"line":44,"column":21},"end":{"line":44,"column":30}},"21":{"start":{"line":45,"column":19},"end":{"line":45,"column":28}},"22":{"start":{"line":47,"column":27},"end":{"line":61,"column":5}},"23":{"start":{"line":62,"column":4},"end":{"line":62,"column":33}},"24":{"start":{"line":63,"column":4},"end":{"line":67,"column":7}},"25":{"start":{"line":69,"column":4},"end":{"line":69,"column":35}},"26":{"start":{"line":70,"column":4},"end":{"line":70,"column":50}},"27":{"start":{"line":71,"column":19},"end":{"line":71,"column":42}},"28":{"start":{"line":72,"column":4},"end":{"line":74,"column":67}},"29":{"start":{"line":76,"column":4},"end":{"line":76,"column":21}},"30":{"start":{"line":79,"column":22},"end":{"line":220,"column":1}},"31":{"start":{"line":80,"column":60},"end":{"line":80,"column":68}},"32":{"start":{"line":81,"column":24},"end":{"line":81,"column":39}},"33":{"start":{"line":83,"column":21},"end":{"line":86,"column":3}},"34":{"start":{"line":87,"column":2},"end":{"line":89,"column":3}},"35":{"start":{"line":88,"column":4},"end":{"line":88,"column":63}},"36":{"start":{"line":90,"column":18},"end":{"line":90,"column":44}},"37":{"start":{"line":92,"column":2},"end":{"line":96,"column":3}},"38":{"start":{"line":93,"column":4},"end":{"line":95,"column":7}},"39":{"start":{"line":97,"column":17},"end":{"line":97,"column":37}},"40":{"start":{"line":98,"column":2},"end":{"line":219,"column":3}},"41":{"start":{"line":99,"column":4},"end":{"line":99,"column":32}},"42":{"start":{"line":100,"column":25},"end":{"line":106,"column":5}},"43":{"start":{"line":107,"column":4},"end":{"line":111,"column":5}},"44":{"start":{"line":108,"column":20},"end":{"line":108,"column":57}},"45":{"start":{"line":109,"column":6},"end":{"line":109,"column":29}},"46":{"start":{"line":110,"column":6},"end":{"line":110,"column":18}},"47":{"start":{"line":119,"column":8},"end":{"line":119,"column":28}},"48":{"start":{"line":120,"column":4},"end":{"line":124,"column":5}},"49":{"start":{"line":121,"column":20},"end":{"line":121,"column":69}},"50":{"start":{"line":122,"column":6},"end":{"line":122,"column":29}},"51":{"start":{"line":123,"column":6},"end":{"line":123,"column":18}},"52":{"start":{"line":125,"column":4},"end":{"line":134,"column":5}},"53":{"start":{"line":129,"column":20},"end":{"line":131,"column":7}},"54":{"start":{"line":132,"column":6},"end":{"line":132,"column":29}},"55":{"start":{"line":133,"column":6},"end":{"line":133,"column":18}},"56":{"start":{"line":136,"column":26},"end":{"line":145,"column":5}},"57":{"start":{"line":146,"column":24},"end":{"line":146,"column":65}},"58":{"start":{"line":147,"column":4},"end":{"line":157,"column":5}},"59":{"start":{"line":151,"column":29},"end":{"line":151,"column":71}},"60":{"start":{"line":152,"column":20},"end":{"line":154,"column":7}},"61":{"start":{"line":155,"column":6},"end":{"line":155,"column":29}},"62":{"start":{"line":156,"column":6},"end":{"line":156,"column":18}},"63":{"start":{"line":159,"column":28},"end":{"line":167,"column":5}},"64":{"start":{"line":168,"column":29},"end":{"line":168,"column":77}},"65":{"start":{"line":169,"column":4},"end":{"line":179,"column":5}},"66":{"start":{"line":173,"column":30},"end":{"line":173,"column":79}},"67":{"start":{"line":174,"column":20},"end":{"line":176,"column":7}},"68":{"start":{"line":177,"column":6},"end":{"line":177,"column":29}},"69":{"start":{"line":178,"column":6},"end":{"line":178,"column":18}},"70":{"start":{"line":181,"column":26},"end":{"line":187,"column":5}},"71":{"start":{"line":189,"column":27},"end":{"line":203,"column":5}},"72":{"start":{"line":204,"column":4},"end":{"line":204,"column":33}},"73":{"start":{"line":205,"column":4},"end":{"line":209,"column":7}},"74":{"start":{"line":211,"column":4},"end":{"line":211,"column":35}},"75":{"start":{"line":212,"column":4},"end":{"line":212,"column":53}},"76":{"start":{"line":213,"column":19},"end":{"line":213,"column":42}},"77":{"start":{"line":214,"column":4},"end":{"line":216,"column":67}},"78":{"start":{"line":218,"column":4},"end":{"line":218,"column":21}},"79":{"start":{"line":222,"column":21},"end":{"line":396,"column":1}},"80":{"start":{"line":224,"column":4},"end":{"line":224,"column":12}},"81":{"start":{"line":225,"column":24},"end":{"line":225,"column":39}},"82":{"start":{"line":227,"column":21},"end":{"line":230,"column":3}},"83":{"start":{"line":231,"column":2},"end":{"line":233,"column":3}},"84":{"start":{"line":232,"column":4},"end":{"line":232,"column":63}},"85":{"start":{"line":234,"column":18},"end":{"line":234,"column":44}},"86":{"start":{"line":236,"column":2},"end":{"line":238,"column":3}},"87":{"start":{"line":237,"column":4},"end":{"line":237,"column":75}},"88":{"start":{"line":240,"column":17},"end":{"line":240,"column":37}},"89":{"start":{"line":241,"column":2},"end":{"line":395,"column":3}},"90":{"start":{"line":243,"column":4},"end":{"line":243,"column":32}},"91":{"start":{"line":246,"column":24},"end":{"line":252,"column":5}},"92":{"start":{"line":254,"column":4},"end":{"line":258,"column":5}},"93":{"start":{"line":255,"column":20},"end":{"line":255,"column":57}},"94":{"start":{"line":256,"column":6},"end":{"line":256,"column":29}},"95":{"start":{"line":257,"column":6},"end":{"line":257,"column":18}},"96":{"start":{"line":259,"column":4},"end":{"line":263,"column":5}},"97":{"start":{"line":260,"column":20},"end":{"line":260,"column":69}},"98":{"start":{"line":261,"column":6},"end":{"line":261,"column":29}},"99":{"start":{"line":262,"column":6},"end":{"line":262,"column":18}},"100":{"start":{"line":264,"column":4},"end":{"line":270,"column":5}},"101":{"start":{"line":265,"column":20},"end":{"line":267,"column":7}},"102":{"start":{"line":268,"column":6},"end":{"line":268,"column":29}},"103":{"start":{"line":269,"column":6},"end":{"line":269,"column":18}},"104":{"start":{"line":277,"column":8},"end":{"line":277,"column":27}},"105":{"start":{"line":280,"column":26},"end":{"line":286,"column":5}},"106":{"start":{"line":287,"column":24},"end":{"line":287,"column":65}},"107":{"start":{"line":288,"column":4},"end":{"line":298,"column":5}},"108":{"start":{"line":292,"column":29},"end":{"line":292,"column":71}},"109":{"start":{"line":293,"column":20},"end":{"line":295,"column":7}},"110":{"start":{"line":296,"column":6},"end":{"line":296,"column":29}},"111":{"start":{"line":297,"column":6},"end":{"line":297,"column":18}},"112":{"start":{"line":300,"column":28},"end":{"line":305,"column":5}},"113":{"start":{"line":306,"column":29},"end":{"line":306,"column":77}},"114":{"start":{"line":307,"column":4},"end":{"line":317,"column":5}},"115":{"start":{"line":311,"column":30},"end":{"line":311,"column":79}},"116":{"start":{"line":312,"column":20},"end":{"line":314,"column":7}},"117":{"start":{"line":315,"column":6},"end":{"line":315,"column":29}},"118":{"start":{"line":316,"column":6},"end":{"line":316,"column":18}},"119":{"start":{"line":319,"column":26},"end":{"line":325,"column":5}},"120":{"start":{"line":326,"column":4},"end":{"line":330,"column":5}},"121":{"start":{"line":327,"column":20},"end":{"line":327,"column":59}},"122":{"start":{"line":328,"column":6},"end":{"line":328,"column":29}},"123":{"start":{"line":329,"column":6},"end":{"line":329,"column":18}},"124":{"start":{"line":331,"column":32},"end":{"line":331,"column":64}},"125":{"start":{"line":332,"column":30},"end":{"line":332,"column":60}},"126":{"start":{"line":334,"column":4},"end":{"line":338,"column":5}},"127":{"start":{"line":335,"column":20},"end":{"line":335,"column":69}},"128":{"start":{"line":336,"column":6},"end":{"line":336,"column":29}},"129":{"start":{"line":337,"column":6},"end":{"line":337,"column":18}},"130":{"start":{"line":340,"column":4},"end":{"line":343,"column":6}},"131":{"start":{"line":345,"column":4},"end":{"line":348,"column":6}},"132":{"start":{"line":351,"column":30},"end":{"line":364,"column":5}},"133":{"start":{"line":366,"column":4},"end":{"line":378,"column":6}},"134":{"start":{"line":381,"column":4},"end":{"line":381,"column":33}},"135":{"start":{"line":382,"column":4},"end":{"line":385,"column":7}},"136":{"start":{"line":387,"column":4},"end":{"line":387,"column":35}},"137":{"start":{"line":388,"column":4},"end":{"line":388,"column":67}},"138":{"start":{"line":389,"column":19},"end":{"line":389,"column":42}},"139":{"start":{"line":390,"column":4},"end":{"line":392,"column":67}},"140":{"start":{"line":394,"column":4},"end":{"line":394,"column":21}},"141":{"start":{"line":398,"column":25},"end":{"line":512,"column":1}},"142":{"start":{"line":400,"column":4},"end":{"line":400,"column":12}},"143":{"start":{"line":401,"column":24},"end":{"line":401,"column":39}},"144":{"start":{"line":402,"column":21},"end":{"line":405,"column":3}},"145":{"start":{"line":406,"column":2},"end":{"line":408,"column":3}},"146":{"start":{"line":407,"column":4},"end":{"line":407,"column":63}},"147":{"start":{"line":409,"column":18},"end":{"line":409,"column":44}},"148":{"start":{"line":411,"column":2},"end":{"line":413,"column":3}},"149":{"start":{"line":412,"column":4},"end":{"line":412,"column":75}},"150":{"start":{"line":415,"column":17},"end":{"line":415,"column":37}},"151":{"start":{"line":416,"column":2},"end":{"line":511,"column":3}},"152":{"start":{"line":418,"column":4},"end":{"line":418,"column":32}},"153":{"start":{"line":421,"column":24},"end":{"line":424,"column":5}},"154":{"start":{"line":426,"column":4},"end":{"line":430,"column":5}},"155":{"start":{"line":427,"column":20},"end":{"line":427,"column":57}},"156":{"start":{"line":428,"column":6},"end":{"line":428,"column":29}},"157":{"start":{"line":429,"column":6},"end":{"line":429,"column":18}},"158":{"start":{"line":431,"column":4},"end":{"line":435,"column":5}},"159":{"start":{"line":432,"column":20},"end":{"line":432,"column":71}},"160":{"start":{"line":433,"column":6},"end":{"line":433,"column":29}},"161":{"start":{"line":434,"column":6},"end":{"line":434,"column":18}},"162":{"start":{"line":436,"column":34},"end":{"line":436,"column":68}},"163":{"start":{"line":439,"column":26},"end":{"line":442,"column":5}},"164":{"start":{"line":443,"column":4},"end":{"line":447,"column":5}},"165":{"start":{"line":444,"column":20},"end":{"line":444,"column":59}},"166":{"start":{"line":445,"column":6},"end":{"line":445,"column":29}},"167":{"start":{"line":446,"column":6},"end":{"line":446,"column":18}},"168":{"start":{"line":449,"column":4},"end":{"line":453,"column":5}},"169":{"start":{"line":450,"column":20},"end":{"line":450,"column":68}},"170":{"start":{"line":451,"column":6},"end":{"line":451,"column":29}},"171":{"start":{"line":452,"column":6},"end":{"line":452,"column":18}},"172":{"start":{"line":454,"column":36},"end":{"line":454,"column":72}},"173":{"start":{"line":456,"column":4},"end":{"line":459,"column":6}},"174":{"start":{"line":461,"column":4},"end":{"line":464,"column":6}},"175":{"start":{"line":467,"column":30},"end":{"line":480,"column":5}},"176":{"start":{"line":482,"column":4},"end":{"line":494,"column":6}},"177":{"start":{"line":497,"column":4},"end":{"line":497,"column":33}},"178":{"start":{"line":498,"column":4},"end":{"line":501,"column":7}},"179":{"start":{"line":503,"column":4},"end":{"line":503,"column":35}},"180":{"start":{"line":504,"column":4},"end":{"line":504,"column":67}},"181":{"start":{"line":505,"column":19},"end":{"line":505,"column":42}},"182":{"start":{"line":506,"column":4},"end":{"line":508,"column":67}},"183":{"start":{"line":510,"column":4},"end":{"line":510,"column":21}},"184":{"start":{"line":513,"column":0},"end":{"line":518,"column":2}}},"fnMap":{"0":{"name":"(anonymous_0)","decl":{"start":{"line":3,"column":21},"end":{"line":3,"column":22}},"loc":{"start":{"line":3,"column":41},"end":{"line":78,"column":1}},"line":3},"1":{"name":"(anonymous_1)","decl":{"start":{"line":79,"column":22},"end":{"line":79,"column":23}},"loc":{"start":{"line":79,"column":42},"end":{"line":220,"column":1}},"line":79},"2":{"name":"(anonymous_2)","decl":{"start":{"line":222,"column":21},"end":{"line":222,"column":22}},"loc":{"start":{"line":222,"column":41},"end":{"line":396,"column":1}},"line":222},"3":{"name":"(anonymous_3)","decl":{"start":{"line":398,"column":25},"end":{"line":398,"column":26}},"loc":{"start":{"line":398,"column":45},"end":{"line":512,"column":1}},"line":398}},"branchMap":{"0":{"loc":{"start":{"line":11,"column":2},"end":{"line":13,"column":3}},"type":"if","locations":[{"start":{"line":11,"column":2},"end":{"line":13,"column":3}},{"start":{},"end":{}}],"line":11},"1":{"loc":{"start":{"line":16,"column":2},"end":{"line":20,"column":3}},"type":"if","locations":[{"start":{"line":16,"column":2},"end":{"line":20,"column":3}},{"start":{},"end":{}}],"line":16},"2":{"loc":{"start":{"line":16,"column":6},"end":{"line":16,"column":60}},"type":"binary-expr","locations":[{"start":{"line":16,"column":6},"end":{"line":16,"column":17}},{"start":{"line":16,"column":21},"end":{"line":16,"column":28}},{"start":{"line":16,"column":32},"end":{"line":16,"column":43}},{"start":{"line":16,"column":47},"end":{"line":16,"column":60}}],"line":16},"3":{"loc":{"start":{"line":28,"column":4},"end":{"line":34,"column":5}},"type":"if","locations":[{"start":{"line":28,"column":4},"end":{"line":34,"column":5}},{"start":{},"end":{}}],"line":28},"4":{"loc":{"start":{"line":56,"column":8},"end":{"line":56,"column":53}},"type":"binary-expr","locations":[{"start":{"line":56,"column":8},"end":{"line":56,"column":19}},{"start":{"line":56,"column":23},"end":{"line":56,"column":53}}],"line":56},"5":{"loc":{"start":{"line":71,"column":19},"end":{"line":71,"column":42}},"type":"binary-expr","locations":[{"start":{"line":71,"column":19},"end":{"line":71,"column":35}},{"start":{"line":71,"column":39},"end":{"line":71,"column":42}}],"line":71},"6":{"loc":{"start":{"line":74,"column":23},"end":{"line":74,"column":63}},"type":"binary-expr","locations":[{"start":{"line":74,"column":23},"end":{"line":74,"column":36}},{"start":{"line":74,"column":40},"end":{"line":74,"column":63}}],"line":74},"7":{"loc":{"start":{"line":87,"column":2},"end":{"line":89,"column":3}},"type":"if","locations":[{"start":{"line":87,"column":2},"end":{"line":89,"column":3}},{"start":{},"end":{}}],"line":87},"8":{"loc":{"start":{"line":92,"column":2},"end":{"line":96,"column":3}},"type":"if","locations":[{"start":{"line":92,"column":2},"end":{"line":96,"column":3}},{"start":{},"end":{}}],"line":92},"9":{"loc":{"start":{"line":92,"column":6},"end":{"line":92,"column":60}},"type":"binary-expr","locations":[{"start":{"line":92,"column":6},"end":{"line":92,"column":17}},{"start":{"line":92,"column":21},"end":{"line":92,"column":28}},{"start":{"line":92,"column":32},"end":{"line":92,"column":43}},{"start":{"line":92,"column":47},"end":{"line":92,"column":60}}],"line":92},"10":{"loc":{"start":{"line":107,"column":4},"end":{"line":111,"column":5}},"type":"if","locations":[{"start":{"line":107,"column":4},"end":{"line":111,"column":5}},{"start":{},"end":{}}],"line":107},"11":{"loc":{"start":{"line":120,"column":4},"end":{"line":124,"column":5}},"type":"if","locations":[{"start":{"line":120,"column":4},"end":{"line":124,"column":5}},{"start":{},"end":{}}],"line":120},"12":{"loc":{"start":{"line":125,"column":4},"end":{"line":134,"column":5}},"type":"if","locations":[{"start":{"line":125,"column":4},"end":{"line":134,"column":5}},{"start":{},"end":{}}],"line":125},"13":{"loc":{"start":{"line":126,"column":6},"end":{"line":127,"column":53}},"type":"binary-expr","locations":[{"start":{"line":126,"column":6},"end":{"line":126,"column":28}},{"start":{"line":127,"column":6},"end":{"line":127,"column":53}}],"line":126},"14":{"loc":{"start":{"line":147,"column":4},"end":{"line":157,"column":5}},"type":"if","locations":[{"start":{"line":147,"column":4},"end":{"line":157,"column":5}},{"start":{},"end":{}}],"line":147},"15":{"loc":{"start":{"line":148,"column":6},"end":{"line":149,"column":65}},"type":"binary-expr","locations":[{"start":{"line":148,"column":6},"end":{"line":148,"column":26}},{"start":{"line":149,"column":6},"end":{"line":149,"column":65}}],"line":148},"16":{"loc":{"start":{"line":169,"column":4},"end":{"line":179,"column":5}},"type":"if","locations":[{"start":{"line":169,"column":4},"end":{"line":179,"column":5}},{"start":{},"end":{}}],"line":169},"17":{"loc":{"start":{"line":170,"column":6},"end":{"line":171,"column":72}},"type":"binary-expr","locations":[{"start":{"line":170,"column":6},"end":{"line":170,"column":28}},{"start":{"line":171,"column":6},"end":{"line":171,"column":72}}],"line":170},"18":{"loc":{"start":{"line":198,"column":8},"end":{"line":198,"column":54}},"type":"binary-expr","locations":[{"start":{"line":198,"column":8},"end":{"line":198,"column":19}},{"start":{"line":198,"column":23},"end":{"line":198,"column":54}}],"line":198},"19":{"loc":{"start":{"line":213,"column":19},"end":{"line":213,"column":42}},"type":"binary-expr","locations":[{"start":{"line":213,"column":19},"end":{"line":213,"column":35}},{"start":{"line":213,"column":39},"end":{"line":213,"column":42}}],"line":213},"20":{"loc":{"start":{"line":216,"column":23},"end":{"line":216,"column":63}},"type":"binary-expr","locations":[{"start":{"line":216,"column":23},"end":{"line":216,"column":36}},{"start":{"line":216,"column":40},"end":{"line":216,"column":63}}],"line":216},"21":{"loc":{"start":{"line":231,"column":2},"end":{"line":233,"column":3}},"type":"if","locations":[{"start":{"line":231,"column":2},"end":{"line":233,"column":3}},{"start":{},"end":{}}],"line":231},"22":{"loc":{"start":{"line":236,"column":2},"end":{"line":238,"column":3}},"type":"if","locations":[{"start":{"line":236,"column":2},"end":{"line":238,"column":3}},{"start":{},"end":{}}],"line":236},"23":{"loc":{"start":{"line":236,"column":6},"end":{"line":236,"column":66}},"type":"binary-expr","locations":[{"start":{"line":236,"column":6},"end":{"line":236,"column":24}},{"start":{"line":236,"column":28},"end":{"line":236,"column":52}},{"start":{"line":236,"column":56},"end":{"line":236,"column":66}}],"line":236},"24":{"loc":{"start":{"line":254,"column":4},"end":{"line":258,"column":5}},"type":"if","locations":[{"start":{"line":254,"column":4},"end":{"line":258,"column":5}},{"start":{},"end":{}}],"line":254},"25":{"loc":{"start":{"line":259,"column":4},"end":{"line":263,"column":5}},"type":"if","locations":[{"start":{"line":259,"column":4},"end":{"line":263,"column":5}},{"start":{},"end":{}}],"line":259},"26":{"loc":{"start":{"line":264,"column":4},"end":{"line":270,"column":5}},"type":"if","locations":[{"start":{"line":264,"column":4},"end":{"line":270,"column":5}},{"start":{},"end":{}}],"line":264},"27":{"loc":{"start":{"line":288,"column":4},"end":{"line":298,"column":5}},"type":"if","locations":[{"start":{"line":288,"column":4},"end":{"line":298,"column":5}},{"start":{},"end":{}}],"line":288},"28":{"loc":{"start":{"line":289,"column":6},"end":{"line":290,"column":65}},"type":"binary-expr","locations":[{"start":{"line":289,"column":6},"end":{"line":289,"column":26}},{"start":{"line":290,"column":6},"end":{"line":290,"column":65}}],"line":289},"29":{"loc":{"start":{"line":307,"column":4},"end":{"line":317,"column":5}},"type":"if","locations":[{"start":{"line":307,"column":4},"end":{"line":317,"column":5}},{"start":{},"end":{}}],"line":307},"30":{"loc":{"start":{"line":308,"column":6},"end":{"line":309,"column":72}},"type":"binary-expr","locations":[{"start":{"line":308,"column":6},"end":{"line":308,"column":28}},{"start":{"line":309,"column":6},"end":{"line":309,"column":72}}],"line":308},"31":{"loc":{"start":{"line":326,"column":4},"end":{"line":330,"column":5}},"type":"if","locations":[{"start":{"line":326,"column":4},"end":{"line":330,"column":5}},{"start":{},"end":{}}],"line":326},"32":{"loc":{"start":{"line":334,"column":4},"end":{"line":338,"column":5}},"type":"if","locations":[{"start":{"line":334,"column":4},"end":{"line":338,"column":5}},{"start":{},"end":{}}],"line":334},"33":{"loc":{"start":{"line":359,"column":8},"end":{"line":359,"column":57}},"type":"binary-expr","locations":[{"start":{"line":359,"column":8},"end":{"line":359,"column":19}},{"start":{"line":359,"column":23},"end":{"line":359,"column":57}}],"line":359},"34":{"loc":{"start":{"line":373,"column":8},"end":{"line":373,"column":57}},"type":"binary-expr","locations":[{"start":{"line":373,"column":8},"end":{"line":373,"column":19}},{"start":{"line":373,"column":23},"end":{"line":373,"column":57}}],"line":373},"35":{"loc":{"start":{"line":389,"column":19},"end":{"line":389,"column":42}},"type":"binary-expr","locations":[{"start":{"line":389,"column":19},"end":{"line":389,"column":35}},{"start":{"line":389,"column":39},"end":{"line":389,"column":42}}],"line":389},"36":{"loc":{"start":{"line":392,"column":23},"end":{"line":392,"column":63}},"type":"binary-expr","locations":[{"start":{"line":392,"column":23},"end":{"line":392,"column":36}},{"start":{"line":392,"column":40},"end":{"line":392,"column":63}}],"line":392},"37":{"loc":{"start":{"line":406,"column":2},"end":{"line":408,"column":3}},"type":"if","locations":[{"start":{"line":406,"column":2},"end":{"line":408,"column":3}},{"start":{},"end":{}}],"line":406},"38":{"loc":{"start":{"line":411,"column":2},"end":{"line":413,"column":3}},"type":"if","locations":[{"start":{"line":411,"column":2},"end":{"line":413,"column":3}},{"start":{},"end":{}}],"line":411},"39":{"loc":{"start":{"line":411,"column":6},"end":{"line":411,"column":62}},"type":"binary-expr","locations":[{"start":{"line":411,"column":6},"end":{"line":411,"column":24}},{"start":{"line":411,"column":28},"end":{"line":411,"column":48}},{"start":{"line":411,"column":52},"end":{"line":411,"column":62}}],"line":411},"40":{"loc":{"start":{"line":426,"column":4},"end":{"line":430,"column":5}},"type":"if","locations":[{"start":{"line":426,"column":4},"end":{"line":430,"column":5}},{"start":{},"end":{}}],"line":426},"41":{"loc":{"start":{"line":431,"column":4},"end":{"line":435,"column":5}},"type":"if","locations":[{"start":{"line":431,"column":4},"end":{"line":435,"column":5}},{"start":{},"end":{}}],"line":431},"42":{"loc":{"start":{"line":443,"column":4},"end":{"line":447,"column":5}},"type":"if","locations":[{"start":{"line":443,"column":4},"end":{"line":447,"column":5}},{"start":{},"end":{}}],"line":443},"43":{"loc":{"start":{"line":449,"column":4},"end":{"line":453,"column":5}},"type":"if","locations":[{"start":{"line":449,"column":4},"end":{"line":453,"column":5}},{"start":{},"end":{}}],"line":449},"44":{"loc":{"start":{"line":475,"column":8},"end":{"line":475,"column":63}},"type":"binary-expr","locations":[{"start":{"line":475,"column":8},"end":{"line":475,"column":19}},{"start":{"line":475,"column":23},"end":{"line":475,"column":63}}],"line":475},"45":{"loc":{"start":{"line":489,"column":8},"end":{"line":489,"column":63}},"type":"binary-expr","locations":[{"start":{"line":489,"column":8},"end":{"line":489,"column":19}},{"start":{"line":489,"column":23},"end":{"line":489,"column":63}}],"line":489},"46":{"loc":{"start":{"line":505,"column":19},"end":{"line":505,"column":42}},"type":"binary-expr","locations":[{"start":{"line":505,"column":19},"end":{"line":505,"column":35}},{"start":{"line":505,"column":39},"end":{"line":505,"column":42}}],"line":505},"47":{"loc":{"start":{"line":508,"column":23},"end":{"line":508,"column":63}},"type":"binary-expr","locations":[{"start":{"line":508,"column":23},"end":{"line":508,"column":36}},{"start":{"line":508,"column":40},"end":{"line":508,"column":63}}],"line":508}},"s":{"0":1,"1":1,"2":6,"3":6,"4":6,"5":6,"6":1,"7":5,"8":5,"9":2,"10":3,"11":3,"12":3,"13":3,"14":2,"15":1,"16":1,"17":1,"18":1,"19":1,"20":1,"21":1,"22":1,"23":1,"24":1,"25":2,"26":2,"27":2,"28":2,"29":3,"30":1,"31":10,"32":10,"33":10,"34":10,"35":1,"36":9,"37":9,"38":2,"39":7,"40":7,"41":7,"42":7,"43":6,"44":1,"45":1,"46":1,"47":5,"48":5,"49":1,"50":1,"51":1,"52":4,"53":1,"54":1,"55":1,"56":3,"57":3,"58":3,"59":1,"60":1,"61":1,"62":1,"63":2,"64":2,"65":2,"66":1,"67":1,"68":1,"69":1,"70":1,"71":1,"72":1,"73":1,"74":6,"75":6,"76":6,"77":6,"78":7,"79":1,"80":11,"81":11,"82":11,"83":11,"84":1,"85":10,"86":10,"87":1,"88":9,"89":9,"90":9,"91":9,"92":8,"93":1,"94":1,"95":1,"96":7,"97":1,"98":1,"99":1,"100":6,"101":1,"102":1,"103":1,"104":5,"105":5,"106":5,"107":5,"108":1,"109":1,"110":1,"111":1,"112":4,"113":4,"114":4,"115":1,"116":1,"117":1,"118":1,"119":3,"120":3,"121":1,"122":1,"123":1,"124":2,"125":2,"126":2,"127":1,"128":1,"129":1,"130":1,"131":1,"132":1,"133":1,"134":1,"135":1,"136":8,"137":8,"138":8,"139":8,"140":9,"141":1,"142":8,"143":8,"144":8,"145":8,"146":1,"147":7,"148":7,"149":1,"150":6,"151":6,"152":6,"153":6,"154":5,"155":1,"156":1,"157":1,"158":4,"159":1,"160":1,"161":1,"162":3,"163":3,"164":3,"165":1,"166":1,"167":1,"168":2,"169":1,"170":1,"171":1,"172":1,"173":1,"174":1,"175":1,"176":1,"177":1,"178":1,"179":5,"180":5,"181":5,"182":5,"183":6,"184":1},"f":{"0":6,"1":10,"2":11,"3":8},"b":{"0":[1,5],"1":[2,3],"2":[5,5,4,3],"3":[1,1],"4":[1,0],"5":[2,1],"6":[2,0],"7":[1,9],"8":[2,7],"9":[9,9,8,7],"10":[1,5],"11":[1,4],"12":[1,3],"13":[4,4],"14":[1,2],"15":[3,3],"16":[1,1],"17":[2,2],"18":[1,0],"19":[6,1],"20":[6,0],"21":[1,10],"22":[1,9],"23":[10,10,9],"24":[1,7],"25":[1,6],"26":[1,5],"27":[1,4],"28":[5,5],"29":[1,3],"30":[4,4],"31":[1,2],"32":[1,1],"33":[1,0],"34":[1,0],"35":[8,1],"36":[8,0],"37":[1,7],"38":[1,6],"39":[7,7,6],"40":[1,4],"41":[1,3],"42":[1,2],"43":[1,1],"44":[1,0],"45":[1,0],"46":[5,1],"47":[5,0]},"_coverageSchema":"1a1c01bbd47fc00a2c39e90264f33305004495a9","hash":"322ac758121486162afc0b27b6b8a2771cf8ff2c"}
,"C:\\Personal Projects\\yan_bank\\backend\\src\\controllers\\webhookController.js": {"path":"C:\\Personal Projects\\yan_bank\\backend\\src\\controllers\\webhookController.js","statementMap":{"0":{"start":{"line":1,"column":20},"end":{"line":1,"column":35}},"1":{"start":{"line":2,"column":13},"end":{"line":2,"column":32}},"2":{"start":{"line":4,"column":21},"end":{"line":60,"column":1}},"3":{"start":{"line":5,"column":25},"end":{"line":5,"column":57}},"4":{"start":{"line":7,"column":2},"end":{"line":10,"column":3}},"5":{"start":{"line":8,"column":4},"end":{"line":8,"column":58}},"6":{"start":{"line":9,"column":4},"end":{"line":9,"column":73}},"7":{"start":{"line":13,"column":18},"end":{"line":13,"column":40}},"8":{"start":{"line":14,"column":25},"end":{"line":14,"column":54}},"9":{"start":{"line":15,"column":25},"end":{"line":15,"column":54}},"10":{"start":{"line":17,"column":2},"end":{"line":19,"column":3}},"11":{"start":{"line":18,"column":4},"end":{"line":18,"column":67}},"12":{"start":{"line":22,"column":13},"end":{"line":22,"column":40}},"13":{"start":{"line":25,"column":2},"end":{"line":34,"column":3}},"14":{"start":{"line":26,"column":4},"end":{"line":30,"column":7}},"15":{"start":{"line":32,"column":4},"end":{"line":32,"column":63}},"16":{"start":{"line":33,"column":4},"end":{"line":33,"column":66}},"17":{"start":{"line":37,"column":20},"end":{"line":37,"column":28}},"18":{"start":{"line":39,"column":2},"end":{"line":57,"column":3}},"19":{"start":{"line":40,"column":46},"end":{"line":40,"column":54}},"20":{"start":{"line":41,"column":25},"end":{"line":41,"column":57}},"21":{"start":{"line":44,"column":26},"end":{"line":44,"column":66}},"22":{"start":{"line":46,"column":4},"end":{"line":56,"column":5}},"23":{"start":{"line":48,"column":21},"end":{"line":51,"column":7}},"24":{"start":{"line":52,"column":6},"end":{"line":52,"column":71}},"25":{"start":{"line":54,"column":6},"end":{"line":54,"column":70}},"26":{"start":{"line":55,"column":6},"end":{"line":55,"column":63}},"27":{"start":{"line":59,"column":2},"end":{"line":59,"column":49}},"28":{"start":{"line":62,"column":0},"end":{"line":62,"column":34}}},"fnMap":{"0":{"name":"(anonymous_0)","decl":{"start":{"line":4,"column":21},"end":{"line":4,"column":22}},"loc":{"start":{"line":4,"column":41},"end":{"line":60,"column":1}},"line":4}},"branchMap":{"0":{"loc":{"start":{"line":7,"column":2},"end":{"line":10,"column":3}},"type":"if","locations":[{"start":{"line":7,"column":2},"end":{"line":10,"column":3}},{"start":{},"end":{}}],"line":7},"1":{"loc":{"start":{"line":17,"column":2},"end":{"line":19,"column":3}},"type":"if","locations":[{"start":{"line":17,"column":2},"end":{"line":19,"column":3}},{"start":{},"end":{}}],"line":17},"2":{"loc":{"start":{"line":17,"column":6},"end":{"line":17,"column":52}},"type":"binary-expr","locations":[{"start":{"line":17,"column":6},"end":{"line":17,"column":14}},{"start":{"line":17,"column":18},"end":{"line":17,"column":33}},{"start":{"line":17,"column":37},"end":{"line":17,"column":52}}],"line":17},"3":{"loc":{"start":{"line":39,"column":2},"end":{"line":57,"column":3}},"type":"if","locations":[{"start":{"line":39,"column":2},"end":{"line":57,"column":3}},{"start":{},"end":{}}],"line":39},"4":{"loc":{"start":{"line":44,"column":26},"end":{"line":44,"column":66}},"type":"binary-expr","locations":[{"start":{"line":44,"column":26},"end":{"line":44,"column":34}},{"start":{"line":44,"column":38},"end":{"line":44,"column":66}}],"line":44}},"s":{"0":1,"1":1,"2":1,"3":0,"4":0,"5":0,"6":0,"7":0,"8":0,"9":0,"10":0,"11":0,"12":0,"13":0,"14":0,"15":0,"16":0,"17":0,"18":0,"19":0,"20":0,"21":0,"22":0,"23":0,"24":0,"25":0,"26":0,"27":0,"28":1},"f":{"0":0},"b":{"0":[0,0],"1":[0,0],"2":[0,0,0],"3":[0,0],"4":[0,0]},"_coverageSchema":"1a1c01bbd47fc00a2c39e90264f33305004495a9","hash":"e128a748f5ed977fec893b64676f9d68cd5313d8"}
,"C:\\Personal Projects\\yan_bank\\backend\\src\\routes\\accountRouter.js": {"path":"C:\\Personal Projects\\yan_bank\\backend\\src\\routes\\accountRouter.js","statementMap":{"0":{"start":{"line":1,"column":15},"end":{"line":1,"column":42}},"1":{"start":{"line":2,"column":101},"end":{"line":2,"column":144}},"2":{"start":{"line":3,"column":23},"end":{"line":3,"column":62}},"3":{"start":{"line":4,"column":36},"end":{"line":4,"column":68}},"4":{"start":{"line":5,"column":45},"end":{"line":5,"column":81}},"5":{"start":{"line":7,"column":0},"end":{"line":7,"column":94}},"6":{"start":{"line":8,"column":0},"end":{"line":8,"column":81}},"7":{"start":{"line":9,"column":0},"end":{"line":9,"column":111}},"8":{"start":{"line":10,"column":0},"end":{"line":10,"column":104}},"9":{"start":{"line":11,"column":0},"end":{"line":11,"column":93}},"10":{"start":{"line":13,"column":0},"end":{"line":13,"column":24}}},"fnMap":{},"branchMap":{},"s":{"0":1,"1":1,"2":1,"3":1,"4":1,"5":1,"6":1,"7":1,"8":1,"9":1,"10":1},"f":{},"b":{},"_coverageSchema":"1a1c01bbd47fc00a2c39e90264f33305004495a9","hash":"094e6ceefa4b784826f6f21d87690a96a65e27cb"}
,"C:\\Personal Projects\\yan_bank\\backend\\src\\routes\\chartRouter.js": {"path":"C:\\Personal Projects\\yan_bank\\backend\\src\\routes\\chartRouter.js","statementMap":{"0":{"start":{"line":1,"column":23},"end":{"line":1,"column":64}},"1":{"start":{"line":2,"column":15},"end":{"line":2,"column":42}},"2":{"start":{"line":3,"column":23},"end":{"line":3,"column":62}},"3":{"start":{"line":4,"column":34},"end":{"line":4,"column":66}},"4":{"start":{"line":6,"column":0},"end":{"line":6,"column":65}},"5":{"start":{"line":8,"column":0},"end":{"line":8,"column":24}}},"fnMap":{},"branchMap":{},"s":{"0":1,"1":1,"2":1,"3":1,"4":1,"5":1},"f":{},"b":{},"_coverageSchema":"1a1c01bbd47fc00a2c39e90264f33305004495a9","hash":"7205064f211b813a87b066373532f3d858260171"}
,"C:\\Personal Projects\\yan_bank\\backend\\src\\routes\\dashboardRouter.js": {"path":"C:\\Personal Projects\\yan_bank\\backend\\src\\routes\\dashboardRouter.js","statementMap":{"0":{"start":{"line":1,"column":27},"end":{"line":1,"column":72}},"1":{"start":{"line":2,"column":15},"end":{"line":2,"column":42}},"2":{"start":{"line":3,"column":23},"end":{"line":3,"column":62}},"3":{"start":{"line":4,"column":34},"end":{"line":4,"column":66}},"4":{"start":{"line":6,"column":0},"end":{"line":6,"column":69}},"5":{"start":{"line":8,"column":0},"end":{"line":8,"column":24}}},"fnMap":{},"branchMap":{},"s":{"0":1,"1":1,"2":1,"3":1,"4":1,"5":1},"f":{},"b":{},"_coverageSchema":"1a1c01bbd47fc00a2c39e90264f33305004495a9","hash":"b111feffca36c839c2da7158a906d6486ba3cd05"}
,"C:\\Personal Projects\\yan_bank\\backend\\src\\routes\\profileRouter.js": {"path":"C:\\Personal Projects\\yan_bank\\backend\\src\\routes\\profileRouter.js","statementMap":{"0":{"start":{"line":1,"column":15},"end":{"line":1,"column":42}},"1":{"start":{"line":2,"column":88},"end":{"line":2,"column":131}},"2":{"start":{"line":3,"column":36},"end":{"line":3,"column":68}},"3":{"start":{"line":4,"column":31},"end":{"line":4,"column":67}},"4":{"start":{"line":6,"column":0},"end":{"line":6,"column":66}},"5":{"start":{"line":7,"column":0},"end":{"line":7,"column":56}},"6":{"start":{"line":8,"column":0},"end":{"line":8,"column":83}},"7":{"start":{"line":9,"column":0},"end":{"line":9,"column":87}},"8":{"start":{"line":10,"column":0},"end":{"line":10,"column":83}},"9":{"start":{"line":13,"column":0},"end":{"line":13,"column":24}}},"fnMap":{},"branchMap":{},"s":{"0":1,"1":1,"2":1,"3":1,"4":1,"5":1,"6":1,"7":1,"8":1,"9":1},"f":{},"b":{},"_coverageSchema":"1a1c01bbd47fc00a2c39e90264f33305004495a9","hash":"235bc59c8c4386c470f6a45a2dd70e86cfe4e910"}
,"C:\\Personal Projects\\yan_bank\\backend\\src\\routes\\transactionRouter.js": {"path":"C:\\Personal Projects\\yan_bank\\backend\\src\\routes\\transactionRouter.js","statementMap":{"0":{"start":{"line":1,"column":67},"end":{"line":1,"column":114}},"1":{"start":{"line":2,"column":15},"end":{"line":2,"column":42}},"2":{"start":{"line":3,"column":34},"end":{"line":3,"column":66}},"3":{"start":{"line":4,"column":25},"end":{"line":4,"column":71}},"4":{"start":{"line":5,"column":23},"end":{"line":5,"column":62}},"5":{"start":{"line":6,"column":26},"end":{"line":6,"column":62}},"6":{"start":{"line":9,"column":0},"end":{"line":9,"column":107}},"7":{"start":{"line":10,"column":0},"end":{"line":10,"column":109}},"8":{"start":{"line":11,"column":0},"end":{"line":11,"column":113}},"9":{"start":{"line":12,"column":0},"end":{"line":12,"column":121}},"10":{"start":{"line":14,"column":0},"end":{"line":14,"column":24}}},"fnMap":{},"branchMap":{},"s":{"0":1,"1":1,"2":1,"3":1,"4":1,"5":1,"6":1,"7":1,"8":1,"9":1,"10":1},"f":{},"b":{},"_coverageSchema":"1a1c01bbd47fc00a2c39e90264f33305004495a9","hash":"69f01872e05d027e2c799330abd9282114dca4b3"}
,"C:\\Personal Projects\\yan_bank\\backend\\src\\routes\\userRouter.js": {"path":"C:\\Personal Projects\\yan_bank\\backend\\src\\routes\\userRouter.js","statementMap":{"0":{"start":{"line":1,"column":16},"end":{"line":1,"column":43}},"1":{"start":{"line":2,"column":19},"end":{"line":2,"column":41}},"2":{"start":{"line":3,"column":23},"end":{"line":3,"column":66}},"3":{"start":{"line":5,"column":0},"end":{"line":9,"column":1}},"4":{"start":{"line":11,"column":0},"end":{"line":11,"column":24}}},"fnMap":{},"branchMap":{},"s":{"0":1,"1":1,"2":1,"3":1,"4":1},"f":{},"b":{},"_coverageSchema":"1a1c01bbd47fc00a2c39e90264f33305004495a9","hash":"7f60b0492472432ea478bd9efc9aedf02f84cdcb"}
}
