TN:
SF:src\app.js
FNF:0
FNH:0
DA:2,1
DA:3,1
DA:4,1
DA:5,1
DA:6,1
DA:9,1
DA:12,1
DA:14,1
DA:17,1
DA:18,1
DA:19,1
DA:20,1
DA:21,1
DA:22,1
DA:24,1
DA:34,1
DA:35,1
DA:42,1
DA:44,1
DA:45,1
DA:48,1
DA:49,1
DA:50,1
DA:51,1
DA:52,1
DA:54,1
LF:26
LH:26
BRF:0
BRH:0
end_of_record
TN:
SF:src\controllers\accountController.js
FN:4,(anonymous_0)
FN:47,(anonymous_1)
FN:68,(anonymous_2)
FN:104,(anonymous_3)
FN:158,(anonymous_4)
FN:230,(anonymous_5)
FNF:6
FNH:0
FNDA:0,(anonymous_0)
FNDA:0,(anonymous_1)
FNDA:0,(anonymous_2)
FNDA:0,(anonymous_3)
FNDA:0,(anonymous_4)
FNDA:0,(anonymous_5)
DA:1,1
DA:4,1
DA:5,0
DA:6,0
DA:7,0
DA:8,0
DA:10,0
DA:12,0
DA:16,0
DA:17,0
DA:19,0
DA:21,0
DA:25,0
DA:26,0
DA:30,0
DA:32,0
DA:38,0
DA:43,0
DA:47,1
DA:48,0
DA:49,0
DA:51,0
DA:52,0
DA:53,0
DA:54,0
DA:58,0
DA:59,0
DA:64,0
DA:68,1
DA:69,0
DA:70,0
DA:71,0
DA:78,0
DA:79,0
DA:82,0
DA:83,0
DA:84,0
DA:85,0
DA:86,0
DA:87,0
DA:88,0
DA:90,0
DA:96,0
DA:97,0
DA:104,1
DA:105,0
DA:106,0
DA:107,0
DA:108,0
DA:112,0
DA:113,0
DA:115,0
DA:116,0
DA:140,0
DA:141,0
DA:142,0
DA:145,0
DA:150,0
DA:151,0
DA:158,1
DA:159,0
DA:171,0
DA:173,0
DA:174,0
DA:176,0
DA:177,0
DA:178,0
DA:192,0
DA:193,0
DA:194,0
DA:195,0
DA:196,0
DA:198,0
DA:202,0
DA:203,0
DA:207,0
DA:208,0
DA:210,0
DA:211,0
DA:212,0
DA:213,0
DA:215,0
DA:216,0
DA:218,0
DA:219,0
DA:225,0
DA:226,0
DA:230,1
DA:231,0
DA:232,0
DA:233,0
DA:237,0
DA:238,0
DA:240,0
DA:244,0
DA:245,0
DA:246,0
DA:247,0
DA:248,0
DA:249,0
DA:253,0
DA:254,0
DA:258,0
DA:259,0
DA:263,0
DA:264,0
DA:274,0
DA:275,0
DA:277,0
DA:282,0
DA:288,1
LF:111
LH:8
BRDA:7,0,0,0
BRDA:7,0,1,0
BRDA:16,1,0,0
BRDA:16,1,1,0
BRDA:25,2,0,0
BRDA:25,2,1,0
BRDA:58,3,0,0
BRDA:58,3,1,0
BRDA:78,4,0,0
BRDA:78,4,1,0
BRDA:84,5,0,0
BRDA:84,5,1,0
BRDA:112,6,0,0
BRDA:112,6,1,0
BRDA:141,7,0,0
BRDA:141,7,1,0
BRDA:174,8,0,0
BRDA:174,9,0,0
BRDA:194,10,0,0
BRDA:194,10,1,0
BRDA:202,11,0,0
BRDA:202,11,1,0
BRDA:210,12,0,0
BRDA:210,12,1,0
BRDA:212,13,0,0
BRDA:212,13,1,0
BRDA:222,14,0,0
BRDA:222,14,1,0
BRDA:237,15,0,0
BRDA:237,15,1,0
BRDA:248,16,0,0
BRDA:248,16,1,0
BRDA:248,17,0,0
BRDA:248,17,1,0
BRDA:248,17,2,0
BRDA:253,18,0,0
BRDA:253,18,1,0
BRDA:258,19,0,0
BRDA:258,19,1,0
BRDA:274,20,0,0
BRDA:274,20,1,0
BRF:41
BRH:0
end_of_record
TN:
SF:src\controllers\chartController.js
FN:4,(anonymous_0)
FN:64,(anonymous_1)
FN:85,(anonymous_2)
FN:108,(anonymous_3)
FNF:4
FNH:0
FNDA:0,(anonymous_0)
FNDA:0,(anonymous_1)
FNDA:0,(anonymous_2)
FNDA:0,(anonymous_3)
DA:1,1
DA:2,1
DA:3,1
DA:4,1
DA:5,0
DA:6,0
DA:7,0
DA:9,0
DA:13,0
DA:14,0
DA:16,0
DA:18,0
DA:19,0
DA:23,0
DA:24,0
DA:25,0
DA:27,0
DA:28,0
DA:32,0
DA:33,0
DA:34,0
DA:36,0
DA:41,0
DA:42,0
DA:43,0
DA:45,0
DA:54,0
DA:57,0
DA:58,0
DA:59,0
DA:60,0
DA:61,0
DA:63,0
DA:64,0
DA:65,0
DA:67,0
DA:71,0
DA:72,0
DA:74,0
DA:75,0
DA:77,0
DA:78,0
DA:79,0
DA:84,0
DA:85,0
DA:86,0
DA:87,0
DA:88,0
DA:90,0
DA:92,0
DA:93,0
DA:94,0
DA:96,0
DA:97,0
DA:98,0
DA:101,0
DA:102,0
DA:103,0
DA:107,0
DA:108,0
DA:109,0
DA:116,0
DA:121,0
DA:122,0
DA:127,1
LF:65
LH:5
BRDA:13,0,0,0
BRDA:13,0,1,0
BRDA:18,1,0,0
BRDA:18,1,1,0
BRDA:18,2,0,0
BRDA:18,2,1,0
BRDA:27,3,0,0
BRDA:27,3,1,0
BRDA:32,4,0,0
BRDA:32,4,1,0
BRDA:41,5,0,0
BRDA:41,5,1,0
BRDA:59,6,0,0
BRDA:59,6,1,0
BRDA:68,7,0,0
BRDA:68,7,1,0
BRDA:74,8,0,0
BRDA:74,8,1,0
BRDA:78,9,0,0
BRDA:78,9,1,0
BRDA:87,10,0,0
BRDA:87,10,1,0
BRDA:107,11,0,0
BRDA:107,11,1,0
BRF:24
BRH:0
end_of_record
TN:
SF:src\controllers\dashboardController.js
FN:3,(anonymous_0)
FN:80,(anonymous_1)
FNF:2
FNH:0
FNDA:0,(anonymous_0)
FNDA:0,(anonymous_1)
DA:1,1
DA:3,1
DA:4,0
DA:5,0
DA:7,0
DA:11,0
DA:12,0
DA:14,0
DA:15,0
DA:19,0
DA:21,0
DA:22,0
DA:23,0
DA:27,0
DA:42,0
DA:44,0
DA:73,0
DA:80,0
DA:81,0
DA:82,0
DA:88,0
DA:92,0
DA:96,0
DA:109,0
DA:110,0
DA:116,1
LF:26
LH:3
BRDA:11,0,0,0
BRDA:11,0,1,0
BRDA:73,1,0,0
BRDA:73,1,1,0
BRDA:81,2,0,0
BRDA:81,2,1,0
BRDA:81,3,0,0
BRDA:81,3,1,0
BRF:8
BRH:0
end_of_record
TN:
SF:src\controllers\profileController.js
FN:3,(anonymous_0)
FN:96,(anonymous_1)
FN:118,(anonymous_2)
FN:137,(anonymous_3)
FN:171,(anonymous_4)
FNF:5
FNH:0
FNDA:0,(anonymous_0)
FNDA:0,(anonymous_1)
FNDA:0,(anonymous_2)
FNDA:0,(anonymous_3)
FNDA:0,(anonymous_4)
DA:1,1
DA:2,1
DA:3,1
DA:4,0
DA:5,0
DA:6,0
DA:10,0
DA:11,0
DA:13,0
DA:28,0
DA:29,0
DA:42,0
DA:44,0
DA:45,0
DA:50,0
DA:51,0
DA:52,0
DA:53,0
DA:54,0
DA:55,0
DA:57,0
DA:58,0
DA:63,0
DA:85,0
DA:90,0
DA:91,0
DA:96,1
DA:97,0
DA:98,0
DA:99,0
DA:106,0
DA:107,0
DA:109,0
DA:110,0
DA:114,0
DA:115,0
DA:118,1
DA:119,0
DA:120,0
DA:121,0
DA:128,0
DA:129,0
DA:131,0
DA:133,0
DA:134,0
DA:137,1
DA:138,0
DA:139,0
DA:140,0
DA:141,0
DA:143,0
DA:144,0
DA:155,0
DA:156,0
DA:160,0
DA:165,0
DA:166,0
DA:171,1
DA:172,0
DA:180,0
DA:181,0
DA:182,0
DA:184,0
DA:185,0
DA:208,0
DA:209,0
DA:213,0
DA:218,0
DA:219,0
DA:224,1
LF:70
LH:8
BRDA:10,0,0,0
BRDA:10,0,1,0
BRDA:21,1,0,0
BRDA:29,2,0,0
BRDA:29,2,1,0
BRDA:30,3,0,0
BRDA:30,3,1,0
BRDA:30,3,2,0
BRDA:30,3,3,0
BRDA:30,3,4,0
BRDA:30,3,5,0
BRDA:30,3,6,0
BRDA:30,3,7,0
BRDA:30,3,8,0
BRDA:30,3,9,0
BRDA:30,3,10,0
BRDA:44,4,0,0
BRDA:44,4,1,0
BRDA:54,5,0,0
BRDA:54,5,1,0
BRDA:54,6,0,0
BRDA:54,6,1,0
BRDA:54,6,2,0
BRDA:57,7,0,0
BRDA:57,7,1,0
BRDA:106,8,0,0
BRDA:106,8,1,0
BRDA:128,9,0,0
BRDA:128,9,1,0
BRDA:140,10,0,0
BRDA:140,10,1,0
BRDA:140,11,0,0
BRDA:140,11,1,0
BRDA:155,12,0,0
BRDA:155,12,1,0
BRDA:181,13,0,0
BRDA:181,13,1,0
BRDA:181,14,0,0
BRDA:181,14,1,0
BRDA:181,14,2,0
BRDA:181,14,3,0
BRDA:181,14,4,0
BRDA:208,15,0,0
BRDA:208,15,1,0
BRF:44
BRH:0
end_of_record
TN:
SF:src\controllers\transactionController.js
FN:4,(anonymous_0)
FN:80,(anonymous_1)
FN:236,(anonymous_2)
FN:412,(anonymous_3)
FN:527,(anonymous_4)
FN:583,(anonymous_5)
FN:650,(anonymous_6)
FNF:7
FNH:4
FNDA:6,(anonymous_0)
FNDA:9,(anonymous_1)
FNDA:11,(anonymous_2)
FNDA:8,(anonymous_3)
FNDA:0,(anonymous_4)
FNDA:0,(anonymous_5)
FNDA:0,(anonymous_6)
DA:1,1
DA:2,1
DA:4,1
DA:5,6
DA:6,6
DA:8,6
DA:12,6
DA:13,1
DA:15,5
DA:17,5
DA:18,2
DA:22,3
DA:23,3
DA:24,3
DA:25,3
DA:29,2
DA:30,1
DA:33,1
DA:34,1
DA:36,1
DA:44,1
DA:45,1
DA:46,1
DA:48,1
DA:63,1
DA:64,1
DA:70,2
DA:71,2
DA:72,2
DA:73,2
DA:77,3
DA:80,1
DA:81,9
DA:82,9
DA:84,9
DA:85,1
DA:89,8
DA:90,8
DA:91,8
DA:104,7
DA:105,1
DA:106,1
DA:107,1
DA:118,6
DA:119,6
DA:120,1
DA:123,1
DA:124,1
DA:127,5
DA:128,1
DA:129,1
DA:130,1
DA:132,4
DA:136,1
DA:139,1
DA:140,1
DA:143,3
DA:153,3
DA:154,3
DA:158,1
DA:159,1
DA:162,1
DA:163,1
DA:166,2
DA:175,2
DA:176,2
DA:180,1
DA:181,1
DA:184,1
DA:185,1
DA:187,1
DA:193,1
DA:194,1
DA:202,1
DA:217,1
DA:218,1
DA:225,7
DA:226,7
DA:227,7
DA:228,7
DA:232,8
DA:236,1
DA:238,11
DA:239,11
DA:241,11
DA:245,11
DA:246,1
DA:248,10
DA:250,10
DA:251,1
DA:254,9
DA:255,9
DA:257,9
DA:260,9
DA:268,8
DA:269,1
DA:270,1
DA:271,1
DA:273,7
DA:274,1
DA:275,1
DA:276,1
DA:278,6
DA:279,1
DA:282,1
DA:283,1
DA:291,5
DA:294,5
DA:301,5
DA:302,5
DA:306,1
DA:307,1
DA:310,1
DA:311,1
DA:314,4
DA:320,4
DA:321,4
DA:325,1
DA:326,1
DA:329,1
DA:330,1
DA:333,3
DA:340,3
DA:341,1
DA:342,1
DA:343,1
DA:345,2
DA:346,2
DA:348,2
DA:349,1
DA:350,1
DA:351,1
DA:354,1
DA:359,1
DA:365,1
DA:380,1
DA:395,1
DA:396,1
DA:401,8
DA:402,8
DA:403,8
DA:404,8
DA:408,9
DA:412,1
DA:414,8
DA:415,8
DA:416,8
DA:420,8
DA:421,1
DA:423,7
DA:425,7
DA:426,1
DA:429,6
DA:430,6
DA:432,6
DA:435,6
DA:440,5
DA:441,1
DA:442,1
DA:443,1
DA:445,4
DA:446,1
DA:447,1
DA:448,1
DA:450,3
DA:453,3
DA:457,3
DA:458,1
DA:459,1
DA:460,1
DA:463,2
DA:464,1
DA:465,1
DA:466,1
DA:468,1
DA:470,1
DA:475,1
DA:481,1
DA:496,1
DA:511,1
DA:512,1
DA:517,5
DA:518,5
DA:519,5
DA:520,5
DA:524,6
DA:527,1
DA:528,0
DA:529,0
DA:530,0
DA:533,0
DA:534,0
DA:540,0
DA:544,0
DA:545,0
DA:547,0
DA:550,0
DA:554,0
DA:555,0
DA:562,0
DA:573,0
DA:577,0
DA:578,0
DA:583,1
DA:584,0
DA:587,0
DA:589,0
DA:595,0
DA:596,0
DA:600,0
DA:601,0
DA:604,0
DA:607,0
DA:609,0
DA:610,0
DA:611,0
DA:614,0
DA:620,0
DA:634,0
DA:635,0
DA:639,0
DA:640,0
DA:641,0
DA:643,0
DA:648,0
DA:650,1
DA:651,0
DA:652,0
DA:653,0
DA:654,0
DA:658,0
DA:659,0
DA:661,0
DA:662,0
DA:663,0
DA:664,0
DA:687,0
DA:688,0
DA:693,0
DA:699,0
DA:703,0
DA:704,0
DA:706,0
DA:709,1
LF:244
LH:190
BRDA:12,0,0,1
BRDA:12,0,1,5
BRDA:17,1,0,2
BRDA:17,1,1,3
BRDA:17,2,0,5
BRDA:17,2,1,5
BRDA:17,2,2,4
BRDA:17,2,3,3
BRDA:29,3,0,1
BRDA:29,3,1,1
BRDA:57,4,0,1
BRDA:57,4,1,0
BRDA:72,5,0,2
BRDA:72,5,1,1
BRDA:75,6,0,2
BRDA:75,6,1,0
BRDA:84,7,0,1
BRDA:84,7,1,8
BRDA:84,8,0,9
BRDA:84,8,1,9
BRDA:84,8,2,9
BRDA:104,9,0,1
BRDA:104,9,1,6
BRDA:119,10,0,1
BRDA:119,10,1,5
BRDA:127,11,0,1
BRDA:127,11,1,4
BRDA:132,12,0,1
BRDA:132,12,1,3
BRDA:133,13,0,4
BRDA:133,13,1,4
BRDA:154,14,0,1
BRDA:154,14,1,2
BRDA:155,15,0,3
BRDA:155,15,1,3
BRDA:176,16,0,1
BRDA:176,16,1,1
BRDA:177,17,0,2
BRDA:177,17,1,2
BRDA:191,18,0,1
BRDA:191,18,1,0
BRDA:211,19,0,1
BRDA:211,19,1,0
BRDA:227,20,0,7
BRDA:227,20,1,1
BRDA:230,21,0,7
BRDA:230,21,1,0
BRDA:245,22,0,1
BRDA:245,22,1,10
BRDA:250,23,0,1
BRDA:250,23,1,9
BRDA:250,24,0,10
BRDA:250,24,1,10
BRDA:250,24,2,9
BRDA:268,25,0,1
BRDA:268,25,1,7
BRDA:273,26,0,1
BRDA:273,26,1,6
BRDA:278,27,0,1
BRDA:278,27,1,5
BRDA:302,28,0,1
BRDA:302,28,1,4
BRDA:303,29,0,5
BRDA:303,29,1,5
BRDA:321,30,0,1
BRDA:321,30,1,3
BRDA:322,31,0,4
BRDA:322,31,1,4
BRDA:340,32,0,1
BRDA:340,32,1,2
BRDA:348,33,0,1
BRDA:348,33,1,1
BRDA:373,34,0,1
BRDA:373,34,1,0
BRDA:387,35,0,1
BRDA:387,35,1,0
BRDA:403,36,0,8
BRDA:403,36,1,1
BRDA:406,37,0,8
BRDA:406,37,1,0
BRDA:420,38,0,1
BRDA:420,38,1,7
BRDA:425,39,0,1
BRDA:425,39,1,6
BRDA:425,40,0,7
BRDA:425,40,1,7
BRDA:425,40,2,6
BRDA:440,41,0,1
BRDA:440,41,1,4
BRDA:445,42,0,1
BRDA:445,42,1,3
BRDA:457,43,0,1
BRDA:457,43,1,2
BRDA:463,44,0,1
BRDA:463,44,1,1
BRDA:489,45,0,1
BRDA:489,45,1,0
BRDA:503,46,0,1
BRDA:503,46,1,0
BRDA:519,47,0,5
BRDA:519,47,1,1
BRDA:522,48,0,5
BRDA:522,48,1,0
BRDA:533,49,0,0
BRDA:533,49,1,0
BRDA:533,50,0,0
BRDA:533,50,1,0
BRDA:533,50,2,0
BRDA:544,51,0,0
BRDA:544,51,1,0
BRDA:554,52,0,0
BRDA:554,52,1,0
BRDA:600,53,0,0
BRDA:600,53,1,0
BRDA:658,54,0,0
BRDA:658,54,1,0
BRDA:663,55,0,0
BRDA:663,55,1,0
BRF:118
BRH:92
end_of_record
TN:
SF:src\controllers\webhookController.js
FN:4,(anonymous_0)
FNF:1
FNH:0
FNDA:0,(anonymous_0)
DA:1,1
DA:2,1
DA:4,1
DA:5,0
DA:7,0
DA:8,0
DA:9,0
DA:13,0
DA:14,0
DA:15,0
DA:17,0
DA:18,0
DA:22,0
DA:25,0
DA:26,0
DA:32,0
DA:33,0
DA:37,0
DA:39,0
DA:40,0
DA:41,0
DA:44,0
DA:46,0
DA:48,0
DA:52,0
DA:54,0
DA:55,0
DA:59,0
DA:62,1
LF:29
LH:4
BRDA:7,0,0,0
BRDA:7,0,1,0
BRDA:17,1,0,0
BRDA:17,1,1,0
BRDA:17,2,0,0
BRDA:17,2,1,0
BRDA:17,2,2,0
BRDA:39,3,0,0
BRDA:39,3,1,0
BRDA:44,4,0,0
BRDA:44,4,1,0
BRF:11
BRH:0
end_of_record
TN:
SF:src\routes\accountRouter.js
FNF:0
FNH:0
DA:1,1
DA:2,1
DA:3,1
DA:4,1
DA:5,1
DA:7,1
DA:8,1
DA:9,1
DA:10,1
DA:11,1
DA:13,1
LF:11
LH:11
BRF:0
BRH:0
end_of_record
TN:
SF:src\routes\chartRouter.js
FNF:0
FNH:0
DA:1,1
DA:2,1
DA:3,1
DA:4,1
DA:6,1
DA:8,1
LF:6
LH:6
BRF:0
BRH:0
end_of_record
TN:
SF:src\routes\dashboardRouter.js
FNF:0
FNH:0
DA:1,1
DA:2,1
DA:3,1
DA:4,1
DA:6,1
DA:8,1
LF:6
LH:6
BRF:0
BRH:0
end_of_record
TN:
SF:src\routes\profileRouter.js
FNF:0
FNH:0
DA:1,1
DA:2,1
DA:3,1
DA:4,1
DA:6,1
DA:7,1
DA:8,1
DA:9,1
DA:10,1
DA:13,1
LF:10
LH:10
BRF:0
BRH:0
end_of_record
TN:
SF:src\routes\transactionRouter.js
FNF:0
FNH:0
DA:1,1
DA:2,1
DA:3,1
DA:4,1
DA:5,1
DA:6,1
DA:8,1
DA:9,1
DA:10,1
DA:11,1
DA:12,1
DA:13,1
DA:15,1
LF:13
LH:13
BRF:0
BRH:0
end_of_record
TN:
SF:src\routes\userRouter.js
FNF:0
FNH:0
DA:1,1
DA:2,1
DA:3,1
DA:5,1
DA:11,1
LF:5
LH:5
BRF:0
BRH:0
end_of_record
