TN:
SF:src\app.js
FNF:0
FNH:0
DA:2,1
DA:3,1
DA:4,1
DA:5,1
DA:8,1
DA:11,1
DA:13,1
DA:16,1
DA:17,1
DA:18,1
DA:19,1
DA:20,1
DA:21,1
DA:23,1
DA:33,1
DA:34,1
DA:36,1
DA:37,1
DA:40,1
DA:41,1
DA:42,1
DA:43,1
DA:44,1
DA:46,1
LF:24
LH:24
BRF:0
BRH:0
end_of_record
TN:
SF:src\controllers\accountController.js
FN:4,(anonymous_0)
FN:47,(anonymous_1)
FN:68,(anonymous_2)
FN:104,(anonymous_3)
FN:158,(anonymous_4)
FN:230,(anonymous_5)
FNF:6
FNH:0
FNDA:0,(anonymous_0)
FNDA:0,(anonymous_1)
FNDA:0,(anonymous_2)
FNDA:0,(anonymous_3)
FNDA:0,(anonymous_4)
FNDA:0,(anonymous_5)
DA:1,1
DA:4,1
DA:5,0
DA:6,0
DA:7,0
DA:8,0
DA:10,0
DA:12,0
DA:16,0
DA:17,0
DA:19,0
DA:20,0
DA:21,0
DA:25,0
DA:26,0
DA:30,0
DA:32,0
DA:38,0
DA:43,0
DA:47,1
DA:48,0
DA:49,0
DA:51,0
DA:52,0
DA:53,0
DA:54,0
DA:58,0
DA:59,0
DA:64,0
DA:68,1
DA:69,0
DA:70,0
DA:71,0
DA:78,0
DA:79,0
DA:82,0
DA:83,0
DA:84,0
DA:85,0
DA:86,0
DA:87,0
DA:88,0
DA:90,0
DA:96,0
DA:97,0
DA:104,1
DA:105,0
DA:106,0
DA:107,0
DA:108,0
DA:112,0
DA:113,0
DA:115,0
DA:116,0
DA:140,0
DA:141,0
DA:142,0
DA:145,0
DA:150,0
DA:151,0
DA:158,1
DA:159,0
DA:171,0
DA:173,0
DA:174,0
DA:176,0
DA:177,0
DA:178,0
DA:192,0
DA:193,0
DA:194,0
DA:195,0
DA:196,0
DA:198,0
DA:202,0
DA:203,0
DA:207,0
DA:208,0
DA:210,0
DA:211,0
DA:212,0
DA:213,0
DA:215,0
DA:216,0
DA:218,0
DA:219,0
DA:225,0
DA:226,0
DA:230,1
DA:231,0
DA:232,0
DA:233,0
DA:237,0
DA:238,0
DA:240,0
DA:244,0
DA:245,0
DA:246,0
DA:247,0
DA:248,0
DA:249,0
DA:253,0
DA:254,0
DA:258,0
DA:259,0
DA:263,0
DA:264,0
DA:274,0
DA:275,0
DA:277,0
DA:282,0
DA:288,1
LF:112
LH:8
BRDA:7,0,0,0
BRDA:7,0,1,0
BRDA:16,1,0,0
BRDA:16,1,1,0
BRDA:25,2,0,0
BRDA:25,2,1,0
BRDA:58,3,0,0
BRDA:58,3,1,0
BRDA:78,4,0,0
BRDA:78,4,1,0
BRDA:84,5,0,0
BRDA:84,5,1,0
BRDA:112,6,0,0
BRDA:112,6,1,0
BRDA:141,7,0,0
BRDA:141,7,1,0
BRDA:174,8,0,0
BRDA:174,9,0,0
BRDA:194,10,0,0
BRDA:194,10,1,0
BRDA:202,11,0,0
BRDA:202,11,1,0
BRDA:210,12,0,0
BRDA:210,12,1,0
BRDA:212,13,0,0
BRDA:212,13,1,0
BRDA:222,14,0,0
BRDA:222,14,1,0
BRDA:237,15,0,0
BRDA:237,15,1,0
BRDA:248,16,0,0
BRDA:248,16,1,0
BRDA:248,17,0,0
BRDA:248,17,1,0
BRDA:248,17,2,0
BRDA:253,18,0,0
BRDA:253,18,1,0
BRDA:258,19,0,0
BRDA:258,19,1,0
BRDA:274,20,0,0
BRDA:274,20,1,0
BRF:41
BRH:0
end_of_record
TN:
SF:src\controllers\chartController.js
FN:4,(anonymous_0)
FN:64,(anonymous_1)
FN:85,(anonymous_2)
FN:108,(anonymous_3)
FNF:4
FNH:0
FNDA:0,(anonymous_0)
FNDA:0,(anonymous_1)
FNDA:0,(anonymous_2)
FNDA:0,(anonymous_3)
DA:1,1
DA:2,1
DA:3,1
DA:4,1
DA:5,0
DA:6,0
DA:7,0
DA:9,0
DA:13,0
DA:14,0
DA:16,0
DA:18,0
DA:19,0
DA:23,0
DA:24,0
DA:25,0
DA:27,0
DA:28,0
DA:32,0
DA:33,0
DA:34,0
DA:36,0
DA:41,0
DA:42,0
DA:43,0
DA:45,0
DA:54,0
DA:57,0
DA:58,0
DA:59,0
DA:60,0
DA:61,0
DA:63,0
DA:64,0
DA:65,0
DA:67,0
DA:71,0
DA:72,0
DA:74,0
DA:75,0
DA:77,0
DA:78,0
DA:79,0
DA:84,0
DA:85,0
DA:86,0
DA:87,0
DA:88,0
DA:90,0
DA:92,0
DA:93,0
DA:94,0
DA:96,0
DA:97,0
DA:98,0
DA:101,0
DA:102,0
DA:103,0
DA:107,0
DA:108,0
DA:109,0
DA:116,0
DA:121,0
DA:122,0
DA:127,1
LF:65
LH:5
BRDA:13,0,0,0
BRDA:13,0,1,0
BRDA:18,1,0,0
BRDA:18,1,1,0
BRDA:18,2,0,0
BRDA:18,2,1,0
BRDA:27,3,0,0
BRDA:27,3,1,0
BRDA:32,4,0,0
BRDA:32,4,1,0
BRDA:41,5,0,0
BRDA:41,5,1,0
BRDA:59,6,0,0
BRDA:59,6,1,0
BRDA:68,7,0,0
BRDA:68,7,1,0
BRDA:74,8,0,0
BRDA:74,8,1,0
BRDA:78,9,0,0
BRDA:78,9,1,0
BRDA:87,10,0,0
BRDA:87,10,1,0
BRDA:107,11,0,0
BRDA:107,11,1,0
BRF:24
BRH:0
end_of_record
TN:
SF:src\controllers\dashboardController.js
FN:3,(anonymous_0)
FN:80,(anonymous_1)
FNF:2
FNH:0
FNDA:0,(anonymous_0)
FNDA:0,(anonymous_1)
DA:1,1
DA:3,1
DA:4,0
DA:5,0
DA:7,0
DA:11,0
DA:12,0
DA:14,0
DA:15,0
DA:19,0
DA:21,0
DA:22,0
DA:23,0
DA:27,0
DA:42,0
DA:44,0
DA:73,0
DA:80,0
DA:81,0
DA:82,0
DA:88,0
DA:92,0
DA:96,0
DA:109,0
DA:110,0
DA:116,1
LF:26
LH:3
BRDA:11,0,0,0
BRDA:11,0,1,0
BRDA:73,1,0,0
BRDA:73,1,1,0
BRDA:81,2,0,0
BRDA:81,2,1,0
BRDA:81,3,0,0
BRDA:81,3,1,0
BRF:8
BRH:0
end_of_record
TN:
SF:src\controllers\profileController.js
FN:3,(anonymous_0)
FN:96,(anonymous_1)
FN:118,(anonymous_2)
FN:137,(anonymous_3)
FN:171,(anonymous_4)
FNF:5
FNH:0
FNDA:0,(anonymous_0)
FNDA:0,(anonymous_1)
FNDA:0,(anonymous_2)
FNDA:0,(anonymous_3)
FNDA:0,(anonymous_4)
DA:1,1
DA:2,1
DA:3,1
DA:4,0
DA:5,0
DA:6,0
DA:10,0
DA:11,0
DA:13,0
DA:28,0
DA:29,0
DA:42,0
DA:44,0
DA:45,0
DA:50,0
DA:51,0
DA:52,0
DA:53,0
DA:54,0
DA:55,0
DA:57,0
DA:58,0
DA:63,0
DA:85,0
DA:90,0
DA:91,0
DA:96,1
DA:97,0
DA:98,0
DA:99,0
DA:106,0
DA:107,0
DA:109,0
DA:110,0
DA:114,0
DA:115,0
DA:118,1
DA:119,0
DA:120,0
DA:121,0
DA:128,0
DA:129,0
DA:131,0
DA:133,0
DA:134,0
DA:137,1
DA:138,0
DA:139,0
DA:140,0
DA:141,0
DA:143,0
DA:144,0
DA:155,0
DA:156,0
DA:160,0
DA:165,0
DA:166,0
DA:171,1
DA:172,0
DA:180,0
DA:181,0
DA:182,0
DA:184,0
DA:185,0
DA:208,0
DA:209,0
DA:213,0
DA:218,0
DA:219,0
DA:224,1
LF:70
LH:8
BRDA:10,0,0,0
BRDA:10,0,1,0
BRDA:21,1,0,0
BRDA:29,2,0,0
BRDA:29,2,1,0
BRDA:30,3,0,0
BRDA:30,3,1,0
BRDA:30,3,2,0
BRDA:30,3,3,0
BRDA:30,3,4,0
BRDA:30,3,5,0
BRDA:30,3,6,0
BRDA:30,3,7,0
BRDA:30,3,8,0
BRDA:30,3,9,0
BRDA:30,3,10,0
BRDA:44,4,0,0
BRDA:44,4,1,0
BRDA:54,5,0,0
BRDA:54,5,1,0
BRDA:54,6,0,0
BRDA:54,6,1,0
BRDA:54,6,2,0
BRDA:57,7,0,0
BRDA:57,7,1,0
BRDA:106,8,0,0
BRDA:106,8,1,0
BRDA:128,9,0,0
BRDA:128,9,1,0
BRDA:140,10,0,0
BRDA:140,10,1,0
BRDA:140,11,0,0
BRDA:140,11,1,0
BRDA:155,12,0,0
BRDA:155,12,1,0
BRDA:181,13,0,0
BRDA:181,13,1,0
BRDA:181,14,0,0
BRDA:181,14,1,0
BRDA:181,14,2,0
BRDA:181,14,3,0
BRDA:181,14,4,0
BRDA:208,15,0,0
BRDA:208,15,1,0
BRF:44
BRH:0
end_of_record
TN:
SF:src\controllers\transactionController.js
FN:3,(anonymous_0)
FN:79,(anonymous_1)
FN:222,(anonymous_2)
FN:398,(anonymous_3)
FNF:4
FNH:4
FNDA:6,(anonymous_0)
FNDA:10,(anonymous_1)
FNDA:11,(anonymous_2)
FNDA:8,(anonymous_3)
DA:1,1
DA:3,1
DA:4,6
DA:5,6
DA:7,6
DA:11,6
DA:12,1
DA:14,5
DA:16,5
DA:17,2
DA:21,3
DA:22,3
DA:23,3
DA:24,3
DA:28,2
DA:29,1
DA:32,1
DA:33,1
DA:35,1
DA:43,1
DA:44,1
DA:45,1
DA:47,1
DA:62,1
DA:63,1
DA:69,2
DA:70,2
DA:71,2
DA:72,2
DA:76,3
DA:79,1
DA:80,10
DA:81,10
DA:83,10
DA:87,10
DA:88,1
DA:90,9
DA:92,9
DA:93,2
DA:97,7
DA:98,7
DA:99,7
DA:100,7
DA:107,6
DA:108,1
DA:109,1
DA:110,1
DA:119,5
DA:120,5
DA:121,1
DA:122,1
DA:123,1
DA:125,4
DA:129,1
DA:132,1
DA:133,1
DA:136,3
DA:146,3
DA:147,3
DA:151,1
DA:152,1
DA:155,1
DA:156,1
DA:159,2
DA:168,2
DA:169,2
DA:173,1
DA:174,1
DA:177,1
DA:178,1
DA:181,1
DA:189,1
DA:204,1
DA:205,1
DA:211,6
DA:212,6
DA:213,6
DA:214,6
DA:218,7
DA:222,1
DA:224,11
DA:225,11
DA:227,11
DA:231,11
DA:232,1
DA:234,10
DA:236,10
DA:237,1
DA:240,9
DA:241,9
DA:243,9
DA:246,9
DA:254,8
DA:255,1
DA:256,1
DA:257,1
DA:259,7
DA:260,1
DA:261,1
DA:262,1
DA:264,6
DA:265,1
DA:268,1
DA:269,1
DA:277,5
DA:280,5
DA:287,5
DA:288,5
DA:292,1
DA:293,1
DA:296,1
DA:297,1
DA:300,4
DA:306,4
DA:307,4
DA:311,1
DA:312,1
DA:315,1
DA:316,1
DA:319,3
DA:326,3
DA:327,1
DA:328,1
DA:329,1
DA:331,2
DA:332,2
DA:334,2
DA:335,1
DA:336,1
DA:337,1
DA:340,1
DA:345,1
DA:351,1
DA:366,1
DA:381,1
DA:382,1
DA:387,8
DA:388,8
DA:389,8
DA:390,8
DA:394,9
DA:398,1
DA:400,8
DA:401,8
DA:402,8
DA:406,8
DA:407,1
DA:409,7
DA:411,7
DA:412,1
DA:415,6
DA:416,6
DA:418,6
DA:421,6
DA:426,5
DA:427,1
DA:428,1
DA:429,1
DA:431,4
DA:432,1
DA:433,1
DA:434,1
DA:436,3
DA:439,3
DA:443,3
DA:444,1
DA:445,1
DA:446,1
DA:449,2
DA:450,1
DA:451,1
DA:452,1
DA:454,1
DA:456,1
DA:461,1
DA:467,1
DA:482,1
DA:497,1
DA:498,1
DA:503,5
DA:504,5
DA:505,5
DA:506,5
DA:510,6
DA:513,1
LF:185
LH:185
BRDA:11,0,0,1
BRDA:11,0,1,5
BRDA:16,1,0,2
BRDA:16,1,1,3
BRDA:16,2,0,5
BRDA:16,2,1,5
BRDA:16,2,2,4
BRDA:16,2,3,3
BRDA:28,3,0,1
BRDA:28,3,1,1
BRDA:56,4,0,1
BRDA:56,4,1,0
BRDA:71,5,0,2
BRDA:71,5,1,1
BRDA:74,6,0,2
BRDA:74,6,1,0
BRDA:87,7,0,1
BRDA:87,7,1,9
BRDA:92,8,0,2
BRDA:92,8,1,7
BRDA:92,9,0,9
BRDA:92,9,1,9
BRDA:92,9,2,8
BRDA:92,9,3,7
BRDA:107,10,0,1
BRDA:107,10,1,5
BRDA:120,11,0,1
BRDA:120,11,1,4
BRDA:125,12,0,1
BRDA:125,12,1,3
BRDA:126,13,0,4
BRDA:126,13,1,4
BRDA:147,14,0,1
BRDA:147,14,1,2
BRDA:148,15,0,3
BRDA:148,15,1,3
BRDA:169,16,0,1
BRDA:169,16,1,1
BRDA:170,17,0,2
BRDA:170,17,1,2
BRDA:198,18,0,1
BRDA:198,18,1,0
BRDA:213,19,0,6
BRDA:213,19,1,1
BRDA:216,20,0,6
BRDA:216,20,1,0
BRDA:231,21,0,1
BRDA:231,21,1,10
BRDA:236,22,0,1
BRDA:236,22,1,9
BRDA:236,23,0,10
BRDA:236,23,1,10
BRDA:236,23,2,9
BRDA:254,24,0,1
BRDA:254,24,1,7
BRDA:259,25,0,1
BRDA:259,25,1,6
BRDA:264,26,0,1
BRDA:264,26,1,5
BRDA:288,27,0,1
BRDA:288,27,1,4
BRDA:289,28,0,5
BRDA:289,28,1,5
BRDA:307,29,0,1
BRDA:307,29,1,3
BRDA:308,30,0,4
BRDA:308,30,1,4
BRDA:326,31,0,1
BRDA:326,31,1,2
BRDA:334,32,0,1
BRDA:334,32,1,1
BRDA:359,33,0,1
BRDA:359,33,1,0
BRDA:373,34,0,1
BRDA:373,34,1,0
BRDA:389,35,0,8
BRDA:389,35,1,1
BRDA:392,36,0,8
BRDA:392,36,1,0
BRDA:406,37,0,1
BRDA:406,37,1,7
BRDA:411,38,0,1
BRDA:411,38,1,6
BRDA:411,39,0,7
BRDA:411,39,1,7
BRDA:411,39,2,6
BRDA:426,40,0,1
BRDA:426,40,1,4
BRDA:431,41,0,1
BRDA:431,41,1,3
BRDA:443,42,0,1
BRDA:443,42,1,2
BRDA:449,43,0,1
BRDA:449,43,1,1
BRDA:475,44,0,1
BRDA:475,44,1,0
BRDA:489,45,0,1
BRDA:489,45,1,0
BRDA:505,46,0,5
BRDA:505,46,1,1
BRDA:508,47,0,5
BRDA:508,47,1,0
BRF:102
BRH:92
end_of_record
TN:
SF:src\controllers\webhookController.js
FN:4,(anonymous_0)
FNF:1
FNH:0
FNDA:0,(anonymous_0)
DA:1,1
DA:2,1
DA:4,1
DA:5,0
DA:7,0
DA:8,0
DA:9,0
DA:13,0
DA:14,0
DA:15,0
DA:17,0
DA:18,0
DA:22,0
DA:25,0
DA:26,0
DA:32,0
DA:33,0
DA:37,0
DA:39,0
DA:40,0
DA:41,0
DA:44,0
DA:46,0
DA:48,0
DA:52,0
DA:54,0
DA:55,0
DA:59,0
DA:62,1
LF:29
LH:4
BRDA:7,0,0,0
BRDA:7,0,1,0
BRDA:17,1,0,0
BRDA:17,1,1,0
BRDA:17,2,0,0
BRDA:17,2,1,0
BRDA:17,2,2,0
BRDA:39,3,0,0
BRDA:39,3,1,0
BRDA:44,4,0,0
BRDA:44,4,1,0
BRF:11
BRH:0
end_of_record
TN:
SF:src\routes\accountRouter.js
FNF:0
FNH:0
DA:1,1
DA:2,1
DA:3,1
DA:4,1
DA:5,1
DA:7,1
DA:8,1
DA:9,1
DA:10,1
DA:11,1
DA:13,1
LF:11
LH:11
BRF:0
BRH:0
end_of_record
TN:
SF:src\routes\chartRouter.js
FNF:0
FNH:0
DA:1,1
DA:2,1
DA:3,1
DA:4,1
DA:6,1
DA:8,1
LF:6
LH:6
BRF:0
BRH:0
end_of_record
TN:
SF:src\routes\dashboardRouter.js
FNF:0
FNH:0
DA:1,1
DA:2,1
DA:3,1
DA:4,1
DA:6,1
DA:8,1
LF:6
LH:6
BRF:0
BRH:0
end_of_record
TN:
SF:src\routes\profileRouter.js
FNF:0
FNH:0
DA:1,1
DA:2,1
DA:3,1
DA:4,1
DA:6,1
DA:7,1
DA:8,1
DA:9,1
DA:10,1
DA:13,1
LF:10
LH:10
BRF:0
BRH:0
end_of_record
TN:
SF:src\routes\transactionRouter.js
FNF:0
FNH:0
DA:1,1
DA:2,1
DA:3,1
DA:4,1
DA:5,1
DA:6,1
DA:9,1
DA:10,1
DA:11,1
DA:12,1
DA:14,1
LF:11
LH:11
BRF:0
BRH:0
end_of_record
TN:
SF:src\routes\userRouter.js
FNF:0
FNH:0
DA:1,1
DA:2,1
DA:3,1
DA:5,1
DA:11,1
LF:5
LH:5
BRF:0
BRH:0
end_of_record
